<?xml version="1.0" encoding="UTF-8"?>
<testsuites name="jest tests" tests="633" failures="250" errors="0" time="16.22">
  <testsuite name="Profile routes" errors="0" failures="14" skipped="0" timestamp="2025-08-19T18:25:13" time="1.336" tests="18">
    <testcase classname="Profile routes Authentication and Authorization should refuse access without token" name="Profile routes Authentication and Authorization should refuse access without token" time="0.056">
    </testcase>
    <testcase classname="Profile routes Authentication and Authorization should refuse access if not own profile" name="Profile routes Authentication and Authorization should refuse access if not own profile" time="0.004">
    </testcase>
    <testcase classname="Profile routes Authentication and Authorization should allow access if own profile" name="Profile routes Authentication and Authorization should allow access if own profile" time="0.004">
    </testcase>
    <testcase classname="Profile routes Authentication and Authorization should allow access for any authenticated role" name="Profile routes Authentication and Authorization should allow access for any authenticated role" time="0.013">
      <failure>Error: expect(received).toBe(expected) // Object.is equality

Expected: 200
Received: 401
    at Object.toBe (/Users/farid/Desktop/Projects/Team/YabaIT/KizunaTravelOS/apps/erp-api/src/routes/__test__/profile.route.test.js:81:28)
    at processTicksAndRejections (node:internal/process/task_queues:95:5)</failure>
    </testcase>
    <testcase classname="Profile routes Profile routes with User-Profile relationship should handle GET /profile/me with populated profile data" name="Profile routes Profile routes with User-Profile relationship should handle GET /profile/me with populated profile data" time="0.002">
      <failure>Error: expect(received).toBe(expected) // Object.is equality

Expected: 200
Received: 401
    at Object.toBe (/Users/farid/Desktop/Projects/Team/YabaIT/KizunaTravelOS/apps/erp-api/src/routes/__test__/profile.route.test.js:129:26)
    at processTicksAndRejections (node:internal/process/task_queues:95:5)</failure>
    </testcase>
    <testcase classname="Profile routes Profile routes with User-Profile relationship should handle PUT /profile/me with profile update" name="Profile routes Profile routes with User-Profile relationship should handle PUT /profile/me with profile update" time="0.012">
      <failure>Error: expect(received).toBe(expected) // Object.is equality

Expected: 200
Received: 401
    at Object.toBe (/Users/farid/Desktop/Projects/Team/YabaIT/KizunaTravelOS/apps/erp-api/src/routes/__test__/profile.route.test.js:178:26)
    at processTicksAndRejections (node:internal/process/task_queues:95:5)</failure>
    </testcase>
    <testcase classname="Profile routes Profile routes with User-Profile relationship should handle GET /:userId with own profile access" name="Profile routes Profile routes with User-Profile relationship should handle GET /:userId with own profile access" time="0.002">
      <failure>Error: expect(received).toBe(expected) // Object.is equality

Expected: 200
Received: 401
    at Object.toBe (/Users/farid/Desktop/Projects/Team/YabaIT/KizunaTravelOS/apps/erp-api/src/routes/__test__/profile.route.test.js:226:26)
    at processTicksAndRejections (node:internal/process/task_queues:95:5)</failure>
    </testcase>
    <testcase classname="Profile routes Profile routes with User-Profile relationship should handle PUT /:userId with own profile update" name="Profile routes Profile routes with User-Profile relationship should handle PUT /:userId with own profile update" time="0.004">
      <failure>Error: expect(received).toBe(expected) // Object.is equality

Expected: 200
Received: 401
    at Object.toBe (/Users/farid/Desktop/Projects/Team/YabaIT/KizunaTravelOS/apps/erp-api/src/routes/__test__/profile.route.test.js:272:26)
    at processTicksAndRejections (node:internal/process/task_queues:95:5)</failure>
    </testcase>
    <testcase classname="Profile routes Account management routes should handle PUT /account/password" name="Profile routes Account management routes should handle PUT /account/password" time="0.001">
      <failure>Error: expect(received).toBe(expected) // Object.is equality

Expected: 200
Received: 401
    at Object.toBe (/Users/farid/Desktop/Projects/Team/YabaIT/KizunaTravelOS/apps/erp-api/src/routes/__test__/profile.route.test.js:304:26)
    at processTicksAndRejections (node:internal/process/task_queues:95:5)</failure>
    </testcase>
    <testcase classname="Profile routes Account management routes should handle PUT /account/email" name="Profile routes Account management routes should handle PUT /account/email" time="0.002">
      <failure>Error: expect(received).toBe(expected) // Object.is equality

Expected: 200
Received: 401
    at Object.toBe (/Users/farid/Desktop/Projects/Team/YabaIT/KizunaTravelOS/apps/erp-api/src/routes/__test__/profile.route.test.js:333:26)
    at processTicksAndRejections (node:internal/process/task_queues:95:5)</failure>
    </testcase>
    <testcase classname="Profile routes Data validation and error handling should validate profile update data" name="Profile routes Data validation and error handling should validate profile update data" time="0.003">
      <failure>Error: expect(received).toBe(expected) // Object.is equality

Expected: 400
Received: 401
    at Object.toBe (/Users/farid/Desktop/Projects/Team/YabaIT/KizunaTravelOS/apps/erp-api/src/routes/__test__/profile.route.test.js:362:26)
    at processTicksAndRejections (node:internal/process/task_queues:95:5)</failure>
    </testcase>
    <testcase classname="Profile routes Data validation and error handling should validate password strength" name="Profile routes Data validation and error handling should validate password strength" time="0.001">
      <failure>Error: expect(received).toBe(expected) // Object.is equality

Expected: 400
Received: 401
    at Object.toBe (/Users/farid/Desktop/Projects/Team/YabaIT/KizunaTravelOS/apps/erp-api/src/routes/__test__/profile.route.test.js:388:26)
    at processTicksAndRejections (node:internal/process/task_queues:95:5)</failure>
    </testcase>
    <testcase classname="Profile routes Data validation and error handling should validate email format" name="Profile routes Data validation and error handling should validate email format" time="0.002">
      <failure>Error: expect(received).toBe(expected) // Object.is equality

Expected: 400
Received: 401
    at Object.toBe (/Users/farid/Desktop/Projects/Team/YabaIT/KizunaTravelOS/apps/erp-api/src/routes/__test__/profile.route.test.js:414:26)
    at processTicksAndRejections (node:internal/process/task_queues:95:5)</failure>
    </testcase>
    <testcase classname="Profile routes Data validation and error handling should handle malformed JSON" name="Profile routes Data validation and error handling should handle malformed JSON" time="0.002">
    </testcase>
    <testcase classname="Profile routes Data validation and error handling should handle empty request body" name="Profile routes Data validation and error handling should handle empty request body" time="0.001">
      <failure>Error: expect(received).toBe(expected) // Object.is equality

Expected: 400
Received: 401
    at Object.toBe (/Users/farid/Desktop/Projects/Team/YabaIT/KizunaTravelOS/apps/erp-api/src/routes/__test__/profile.route.test.js:444:26)
    at processTicksAndRejections (node:internal/process/task_queues:95:5)</failure>
    </testcase>
    <testcase classname="Profile routes User-Profile relationship testing should handle case when user has no profile" name="Profile routes User-Profile relationship testing should handle case when user has no profile" time="0.001">
      <failure>Error: expect(received).toBe(expected) // Object.is equality

Expected: 404
Received: 401
    at Object.toBe (/Users/farid/Desktop/Projects/Team/YabaIT/KizunaTravelOS/apps/erp-api/src/routes/__test__/profile.route.test.js:468:26)
    at processTicksAndRejections (node:internal/process/task_queues:95:5)</failure>
    </testcase>
    <testcase classname="Profile routes User-Profile relationship testing should handle case when user is not found" name="Profile routes User-Profile relationship testing should handle case when user is not found" time="0.001">
      <failure>Error: expect(received).toBe(expected) // Object.is equality

Expected: 404
Received: 401
    at Object.toBe (/Users/farid/Desktop/Projects/Team/YabaIT/KizunaTravelOS/apps/erp-api/src/routes/__test__/profile.route.test.js:491:26)
    at processTicksAndRejections (node:internal/process/task_queues:95:5)</failure>
    </testcase>
    <testcase classname="Profile routes User-Profile relationship testing should update both user and profile meta information" name="Profile routes User-Profile relationship testing should update both user and profile meta information" time="0.002">
      <failure>Error: expect(received).toBe(expected) // Object.is equality

Expected: 200
Received: 401
    at Object.toBe (/Users/farid/Desktop/Projects/Team/YabaIT/KizunaTravelOS/apps/erp-api/src/routes/__test__/profile.route.test.js:534:26)
    at processTicksAndRejections (node:internal/process/task_queues:95:5)</failure>
    </testcase>
  </testsuite>
  <testsuite name="Guide routes" errors="0" failures="11" skipped="0" timestamp="2025-08-19T18:25:13" time="1.336" tests="12">
    <testcase classname="Guide routes Authentication and Authorization should refuse access without token" name="Guide routes Authentication and Authorization should refuse access without token" time="0.03">
    </testcase>
    <testcase classname="Guide routes Authentication and Authorization should refuse access with wrong role" name="Guide routes Authentication and Authorization should refuse access with wrong role" time="0.003">
      <failure>Error: expect(received).toBe(expected) // Object.is equality

Expected: 403
Received: 401
    at Object.toBe (/Users/farid/Desktop/Projects/Team/YabaIT/KizunaTravelOS/apps/erp-api/src/routes/__test__/guide.route.test.js:35:26)
    at processTicksAndRejections (node:internal/process/task_queues:95:5)</failure>
    </testcase>
    <testcase classname="Guide routes Authentication and Authorization should allow access with correct role" name="Guide routes Authentication and Authorization should allow access with correct role" time="0.002">
      <failure>Error: expect(received).toBe(expected) // Object.is equality

Expected: 200
Received: 401
    at Object.toBe (/Users/farid/Desktop/Projects/Team/YabaIT/KizunaTravelOS/apps/erp-api/src/routes/__test__/guide.route.test.js:48:26)
    at processTicksAndRejections (node:internal/process/task_queues:95:5)</failure>
    </testcase>
    <testcase classname="Guide routes Journey routes should handle GET /journeys" name="Guide routes Journey routes should handle GET /journeys" time="0.002">
      <failure>Error: expect(received).toBe(expected) // Object.is equality

Expected: 200
Received: 401
    at Object.toBe (/Users/farid/Desktop/Projects/Team/YabaIT/KizunaTravelOS/apps/erp-api/src/routes/__test__/guide.route.test.js:63:26)
    at processTicksAndRejections (node:internal/process/task_queues:95:5)</failure>
    </testcase>
    <testcase classname="Guide routes Journey routes should handle GET /journeys/:id" name="Guide routes Journey routes should handle GET /journeys/:id" time="0.002">
      <failure>Error: expect(received).toBe(expected) // Object.is equality

Expected: 200
Received: 401
    at Object.toBe (/Users/farid/Desktop/Projects/Team/YabaIT/KizunaTravelOS/apps/erp-api/src/routes/__test__/guide.route.test.js:76:26)
    at processTicksAndRejections (node:internal/process/task_queues:95:5)</failure>
    </testcase>
    <testcase classname="Guide routes Journey routes should handle PUT /journeys/:id/status" name="Guide routes Journey routes should handle PUT /journeys/:id/status" time="0.006">
      <failure>Error: expect(received).toBe(expected) // Object.is equality

Expected: 200
Received: 401
    at Object.toBe (/Users/farid/Desktop/Projects/Team/YabaIT/KizunaTravelOS/apps/erp-api/src/routes/__test__/guide.route.test.js:90:26)
    at processTicksAndRejections (node:internal/process/task_queues:95:5)</failure>
    </testcase>
    <testcase classname="Guide routes Journey routes should handle POST /journeys/:id/notes" name="Guide routes Journey routes should handle POST /journeys/:id/notes" time="0.002">
      <failure>Error: expect(received).toBe(expected) // Object.is equality

Expected: 200
Received: 401
    at Object.toBe (/Users/farid/Desktop/Projects/Team/YabaIT/KizunaTravelOS/apps/erp-api/src/routes/__test__/guide.route.test.js:104:26)
    at processTicksAndRejections (node:internal/process/task_queues:95:5)</failure>
    </testcase>
    <testcase classname="Guide routes Booking routes should handle GET /bookings" name="Guide routes Booking routes should handle GET /bookings" time="0.002">
      <failure>Error: expect(received).toBe(expected) // Object.is equality

Expected: 200
Received: 401
    at Object.toBe (/Users/farid/Desktop/Projects/Team/YabaIT/KizunaTravelOS/apps/erp-api/src/routes/__test__/guide.route.test.js:119:26)
    at processTicksAndRejections (node:internal/process/task_queues:95:5)</failure>
    </testcase>
    <testcase classname="Guide routes Booking routes should handle GET /bookings/:id" name="Guide routes Booking routes should handle GET /bookings/:id" time="0.001">
      <failure>Error: expect(received).toBe(expected) // Object.is equality

Expected: 200
Received: 401
    at Object.toBe (/Users/farid/Desktop/Projects/Team/YabaIT/KizunaTravelOS/apps/erp-api/src/routes/__test__/guide.route.test.js:132:26)
    at processTicksAndRejections (node:internal/process/task_queues:95:5)</failure>
    </testcase>
    <testcase classname="Guide routes Booking routes should handle PUT /bookings/:id/status" name="Guide routes Booking routes should handle PUT /bookings/:id/status" time="0.003">
      <failure>Error: expect(received).toBe(expected) // Object.is equality

Expected: 200
Received: 401
    at Object.toBe (/Users/farid/Desktop/Projects/Team/YabaIT/KizunaTravelOS/apps/erp-api/src/routes/__test__/guide.route.test.js:146:26)
    at processTicksAndRejections (node:internal/process/task_queues:95:5)</failure>
    </testcase>
    <testcase classname="Guide routes Schedule and Availability routes should handle GET /schedule" name="Guide routes Schedule and Availability routes should handle GET /schedule" time="0.002">
      <failure>Error: expect(received).toBe(expected) // Object.is equality

Expected: 200
Received: 401
    at Object.toBe (/Users/farid/Desktop/Projects/Team/YabaIT/KizunaTravelOS/apps/erp-api/src/routes/__test__/guide.route.test.js:161:26)
    at processTicksAndRejections (node:internal/process/task_queues:95:5)</failure>
    </testcase>
    <testcase classname="Guide routes Schedule and Availability routes should handle PUT /availability" name="Guide routes Schedule and Availability routes should handle PUT /availability" time="0.002">
      <failure>Error: expect(received).toBe(expected) // Object.is equality

Expected: 200
Received: 401
    at Object.toBe (/Users/farid/Desktop/Projects/Team/YabaIT/KizunaTravelOS/apps/erp-api/src/routes/__test__/guide.route.test.js:175:26)
    at processTicksAndRejections (node:internal/process/task_queues:95:5)</failure>
    </testcase>
  </testsuite>
  <testsuite name="Shared routes" errors="0" failures="13" skipped="0" timestamp="2025-08-19T18:25:14" time="0.211" tests="15">
    <testcase classname="Shared routes Authentication and Authorization should refuse access without token" name="Shared routes Authentication and Authorization should refuse access without token" time="0.004">
    </testcase>
    <testcase classname="Shared routes Authentication and Authorization should allow access with valid token" name="Shared routes Authentication and Authorization should allow access with valid token" time="0.002">
      <failure>Error: expect(received).toBe(expected) // Object.is equality

Expected: 200
Received: 401
    at Object.toBe (/Users/farid/Desktop/Projects/Team/YabaIT/KizunaTravelOS/apps/erp-api/src/routes/__test__/shared.route.test.js:35:26)
    at processTicksAndRejections (node:internal/process/task_queues:95:5)</failure>
    </testcase>
    <testcase classname="Shared routes Authentication and Authorization should allow access for any authenticated role" name="Shared routes Authentication and Authorization should allow access for any authenticated role" time="0.001">
      <failure>Error: expect(received).toBe(expected) // Object.is equality

Expected: 200
Received: 401
    at Object.toBe (/Users/farid/Desktop/Projects/Team/YabaIT/KizunaTravelOS/apps/erp-api/src/routes/__test__/shared.route.test.js:51:28)
    at processTicksAndRejections (node:internal/process/task_queues:95:5)</failure>
    </testcase>
    <testcase classname="Shared routes Profile routes should handle GET /profile/me" name="Shared routes Profile routes should handle GET /profile/me" time="0.003">
      <failure>Error: expect(received).toBe(expected) // Object.is equality

Expected: 200
Received: 401
    at Object.toBe (/Users/farid/Desktop/Projects/Team/YabaIT/KizunaTravelOS/apps/erp-api/src/routes/__test__/shared.route.test.js:67:26)
    at processTicksAndRejections (node:internal/process/task_queues:95:5)</failure>
    </testcase>
    <testcase classname="Shared routes Profile routes should handle PUT /profile/me" name="Shared routes Profile routes should handle PUT /profile/me" time="0.004">
      <failure>Error: expect(received).toBe(expected) // Object.is equality

Expected: 200
Received: 401
    at Object.toBe (/Users/farid/Desktop/Projects/Team/YabaIT/KizunaTravelOS/apps/erp-api/src/routes/__test__/shared.route.test.js:81:26)
    at processTicksAndRejections (node:internal/process/task_queues:95:5)</failure>
    </testcase>
    <testcase classname="Shared routes Account management routes should handle PUT /account/password" name="Shared routes Account management routes should handle PUT /account/password" time="0.002">
      <failure>Error: expect(received).toBe(expected) // Object.is equality

Expected: 200
Received: 401
    at Object.toBe (/Users/farid/Desktop/Projects/Team/YabaIT/KizunaTravelOS/apps/erp-api/src/routes/__test__/shared.route.test.js:100:26)
    at processTicksAndRejections (node:internal/process/task_queues:95:5)</failure>
    </testcase>
    <testcase classname="Shared routes Account management routes should handle PUT /account/email" name="Shared routes Account management routes should handle PUT /account/email" time="0.001">
      <failure>Error: expect(received).toBe(expected) // Object.is equality

Expected: 200
Received: 401
    at Object.toBe (/Users/farid/Desktop/Projects/Team/YabaIT/KizunaTravelOS/apps/erp-api/src/routes/__test__/shared.route.test.js:117:26)
    at processTicksAndRejections (node:internal/process/task_queues:95:5)</failure>
    </testcase>
    <testcase classname="Shared routes Profile with user ID routes should refuse access if not own profile" name="Shared routes Profile with user ID routes should refuse access if not own profile" time="0.001">
      <failure>Error: expect(received).toBe(expected) // Object.is equality

Expected: 403
Received: 401
    at Object.toBe (/Users/farid/Desktop/Projects/Team/YabaIT/KizunaTravelOS/apps/erp-api/src/routes/__test__/shared.route.test.js:132:26)
    at processTicksAndRejections (node:internal/process/task_queues:95:5)</failure>
    </testcase>
    <testcase classname="Shared routes Profile with user ID routes should allow access if own profile" name="Shared routes Profile with user ID routes should allow access if own profile" time="0.001">
      <failure>Error: expect(received).toBe(expected) // Object.is equality

Expected: 200
Received: 401
    at Object.toBe (/Users/farid/Desktop/Projects/Team/YabaIT/KizunaTravelOS/apps/erp-api/src/routes/__test__/shared.route.test.js:146:26)
    at processTicksAndRejections (node:internal/process/task_queues:95:5)</failure>
    </testcase>
    <testcase classname="Shared routes Profile with user ID routes should handle PUT /:userId" name="Shared routes Profile with user ID routes should handle PUT /:userId" time="0.002">
      <failure>Error: expect(received).toBe(expected) // Object.is equality

Expected: 200
Received: 401
    at Object.toBe (/Users/farid/Desktop/Projects/Team/YabaIT/KizunaTravelOS/apps/erp-api/src/routes/__test__/shared.route.test.js:161:26)
    at processTicksAndRejections (node:internal/process/task_queues:95:5)</failure>
    </testcase>
    <testcase classname="Shared routes Data validation should validate profile update data" name="Shared routes Data validation should validate profile update data" time="0.002">
      <failure>Error: expect(received).toBe(expected) // Object.is equality

Expected: 400
Received: 401
    at Object.toBe (/Users/farid/Desktop/Projects/Team/YabaIT/KizunaTravelOS/apps/erp-api/src/routes/__test__/shared.route.test.js:178:26)
    at processTicksAndRejections (node:internal/process/task_queues:95:5)</failure>
    </testcase>
    <testcase classname="Shared routes Data validation should validate password change data" name="Shared routes Data validation should validate password change data" time="0.001">
      <failure>Error: expect(received).toBe(expected) // Object.is equality

Expected: 400
Received: 401
    at Object.toBe (/Users/farid/Desktop/Projects/Team/YabaIT/KizunaTravelOS/apps/erp-api/src/routes/__test__/shared.route.test.js:196:26)
    at processTicksAndRejections (node:internal/process/task_queues:95:5)</failure>
    </testcase>
    <testcase classname="Shared routes Data validation should validate email format" name="Shared routes Data validation should validate email format" time="0.001">
      <failure>Error: expect(received).toBe(expected) // Object.is equality

Expected: 400
Received: 401
    at Object.toBe (/Users/farid/Desktop/Projects/Team/YabaIT/KizunaTravelOS/apps/erp-api/src/routes/__test__/shared.route.test.js:214:26)
    at processTicksAndRejections (node:internal/process/task_queues:95:5)</failure>
    </testcase>
    <testcase classname="Shared routes Error handling should handle malformed JSON" name="Shared routes Error handling should handle malformed JSON" time="0.001">
    </testcase>
    <testcase classname="Shared routes Error handling should handle empty request body" name="Shared routes Error handling should handle empty request body" time="0.001">
      <failure>Error: expect(received).toBe(expected) // Object.is equality

Expected: 400
Received: 401
    at Object.toBe (/Users/farid/Desktop/Projects/Team/YabaIT/KizunaTravelOS/apps/erp-api/src/routes/__test__/shared.route.test.js:245:26)
    at processTicksAndRejections (node:internal/process/task_queues:95:5)</failure>
    </testcase>
  </testsuite>
  <testsuite name="Admin routes" errors="0" failures="40" skipped="0" timestamp="2025-08-19T18:25:14" time="0.257" tests="40">
    <testcase classname="Admin routes Authentication and Authorization should allow access with correct role" name="Admin routes Authentication and Authorization should allow access with correct role" time="0.007">
      <failure>Error: expect(received).toBe(expected) // Object.is equality

Expected: 200
Received: 401
    at Object.toBe (/Users/farid/Desktop/Projects/Team/YabaIT/KizunaTravelOS/apps/erp-api/src/routes/__test__/admin.route.test.js:103:26)
    at processTicksAndRejections (node:internal/process/task_queues:95:5)</failure>
    </testcase>
    <testcase classname="Admin routes User management routes should handle GET /users" name="Admin routes User management routes should handle GET /users" time="0.002">
      <failure>Error: expect(received).toBe(expected) // Object.is equality

Expected: 200
Received: 401
    at Object.toBe (/Users/farid/Desktop/Projects/Team/YabaIT/KizunaTravelOS/apps/erp-api/src/routes/__test__/admin.route.test.js:118:26)
    at processTicksAndRejections (node:internal/process/task_queues:95:5)</failure>
    </testcase>
    <testcase classname="Admin routes User management routes should handle GET /users/:id" name="Admin routes User management routes should handle GET /users/:id" time="0.002">
      <failure>Error: expect(received).toBe(expected) // Object.is equality

Expected: 200
Received: 401
    at Object.toBe (/Users/farid/Desktop/Projects/Team/YabaIT/KizunaTravelOS/apps/erp-api/src/routes/__test__/admin.route.test.js:124:26)
    at processTicksAndRejections (node:internal/process/task_queues:95:5)</failure>
    </testcase>
    <testcase classname="Admin routes User management routes should handle POST /users" name="Admin routes User management routes should handle POST /users" time="0.004">
      <failure>Error: expect(received).toBe(expected) // Object.is equality

Expected: 200
Received: 401
    at Object.toBe (/Users/farid/Desktop/Projects/Team/YabaIT/KizunaTravelOS/apps/erp-api/src/routes/__test__/admin.route.test.js:131:26)
    at processTicksAndRejections (node:internal/process/task_queues:95:5)</failure>
    </testcase>
    <testcase classname="Admin routes User management routes should handle PUT /users/:id" name="Admin routes User management routes should handle PUT /users/:id" time="0.001">
      <failure>Error: expect(received).toBe(expected) // Object.is equality

Expected: 200
Received: 401
    at Object.toBe (/Users/farid/Desktop/Projects/Team/YabaIT/KizunaTravelOS/apps/erp-api/src/routes/__test__/admin.route.test.js:137:26)
    at processTicksAndRejections (node:internal/process/task_queues:95:5)</failure>
    </testcase>
    <testcase classname="Admin routes User management routes should handle DELETE /users/:id" name="Admin routes User management routes should handle DELETE /users/:id" time="0.002">
      <failure>Error: expect(received).toBe(expected) // Object.is equality

Expected: 200
Received: 401
    at Object.toBe (/Users/farid/Desktop/Projects/Team/YabaIT/KizunaTravelOS/apps/erp-api/src/routes/__test__/admin.route.test.js:143:26)
    at processTicksAndRejections (node:internal/process/task_queues:95:5)</failure>
    </testcase>
    <testcase classname="Admin routes User management routes should handle POST /users/:id/status" name="Admin routes User management routes should handle POST /users/:id/status" time="0.002">
      <failure>Error: expect(received).toBe(expected) // Object.is equality

Expected: 200
Received: 401
    at Object.toBe (/Users/farid/Desktop/Projects/Team/YabaIT/KizunaTravelOS/apps/erp-api/src/routes/__test__/admin.route.test.js:149:26)
    at processTicksAndRejections (node:internal/process/task_queues:95:5)</failure>
    </testcase>
    <testcase classname="Admin routes User management routes should handle POST /users/:id/role" name="Admin routes User management routes should handle POST /users/:id/role" time="0.001">
      <failure>Error: expect(received).toBe(expected) // Object.is equality

Expected: 200
Received: 401
    at Object.toBe (/Users/farid/Desktop/Projects/Team/YabaIT/KizunaTravelOS/apps/erp-api/src/routes/__test__/admin.route.test.js:155:26)
    at processTicksAndRejections (node:internal/process/task_queues:95:5)</failure>
    </testcase>
    <testcase classname="Admin routes Profile management routes should handle GET /profiles" name="Admin routes Profile management routes should handle GET /profiles" time="0.002">
      <failure>Error: expect(received).toBe(expected) // Object.is equality

Expected: 200
Received: 401
    at Object.toBe (/Users/farid/Desktop/Projects/Team/YabaIT/KizunaTravelOS/apps/erp-api/src/routes/__test__/admin.route.test.js:171:26)
    at processTicksAndRejections (node:internal/process/task_queues:95:5)</failure>
    </testcase>
    <testcase classname="Admin routes Profile management routes should handle GET /profiles/:id" name="Admin routes Profile management routes should handle GET /profiles/:id" time="0.002">
      <failure>Error: expect(received).toBe(expected) // Object.is equality

Expected: 200
Received: 401
    at Object.toBe (/Users/farid/Desktop/Projects/Team/YabaIT/KizunaTravelOS/apps/erp-api/src/routes/__test__/admin.route.test.js:177:26)
    at processTicksAndRejections (node:internal/process/task_queues:95:5)</failure>
    </testcase>
    <testcase classname="Admin routes Profile management routes should handle PUT /profiles/:id" name="Admin routes Profile management routes should handle PUT /profiles/:id" time="0.002">
      <failure>Error: expect(received).toBe(expected) // Object.is equality

Expected: 200
Received: 401
    at Object.toBe (/Users/farid/Desktop/Projects/Team/YabaIT/KizunaTravelOS/apps/erp-api/src/routes/__test__/admin.route.test.js:183:26)
    at processTicksAndRejections (node:internal/process/task_queues:95:5)</failure>
    </testcase>
    <testcase classname="Admin routes Profile management routes should handle DELETE /profiles/:id" name="Admin routes Profile management routes should handle DELETE /profiles/:id" time="0.001">
      <failure>Error: expect(received).toBe(expected) // Object.is equality

Expected: 200
Received: 401
    at Object.toBe (/Users/farid/Desktop/Projects/Team/YabaIT/KizunaTravelOS/apps/erp-api/src/routes/__test__/admin.route.test.js:189:26)
    at processTicksAndRejections (node:internal/process/task_queues:95:5)</failure>
    </testcase>
    <testcase classname="Admin routes Profile management routes should handle POST /profiles/:id/restore" name="Admin routes Profile management routes should handle POST /profiles/:id/restore" time="0.001">
      <failure>Error: expect(received).toBe(expected) // Object.is equality

Expected: 200
Received: 401
    at Object.toBe (/Users/farid/Desktop/Projects/Team/YabaIT/KizunaTravelOS/apps/erp-api/src/routes/__test__/admin.route.test.js:195:26)
    at processTicksAndRejections (node:internal/process/task_queues:95:5)</failure>
    </testcase>
    <testcase classname="Admin routes Profile management routes should handle GET /profiles/stats" name="Admin routes Profile management routes should handle GET /profiles/stats" time="0.003">
      <failure>Error: expect(received).toBe(expected) // Object.is equality

Expected: 200
Received: 401
    at Object.toBe (/Users/farid/Desktop/Projects/Team/YabaIT/KizunaTravelOS/apps/erp-api/src/routes/__test__/admin.route.test.js:201:26)
    at processTicksAndRejections (node:internal/process/task_queues:95:5)</failure>
    </testcase>
    <testcase classname="Admin routes Booking management routes should handle GET /bookings" name="Admin routes Booking management routes should handle GET /bookings" time="0.002">
      <failure>Error: expect(received).toBe(expected) // Object.is equality

Expected: 200
Received: 401
    at Object.toBe (/Users/farid/Desktop/Projects/Team/YabaIT/KizunaTravelOS/apps/erp-api/src/routes/__test__/admin.route.test.js:217:26)
    at processTicksAndRejections (node:internal/process/task_queues:95:5)</failure>
    </testcase>
    <testcase classname="Admin routes Booking management routes should handle GET /bookings/:id" name="Admin routes Booking management routes should handle GET /bookings/:id" time="0.001">
      <failure>Error: expect(received).toBe(expected) // Object.is equality

Expected: 200
Received: 401
    at Object.toBe (/Users/farid/Desktop/Projects/Team/YabaIT/KizunaTravelOS/apps/erp-api/src/routes/__test__/admin.route.test.js:223:26)
    at processTicksAndRejections (node:internal/process/task_queues:95:5)</failure>
    </testcase>
    <testcase classname="Admin routes Booking management routes should handle POST /bookings" name="Admin routes Booking management routes should handle POST /bookings" time="0.001">
      <failure>Error: expect(received).toBe(expected) // Object.is equality

Expected: 200
Received: 401
    at Object.toBe (/Users/farid/Desktop/Projects/Team/YabaIT/KizunaTravelOS/apps/erp-api/src/routes/__test__/admin.route.test.js:230:26)
    at processTicksAndRejections (node:internal/process/task_queues:95:5)</failure>
    </testcase>
    <testcase classname="Admin routes Booking management routes should handle PUT /bookings/:id" name="Admin routes Booking management routes should handle PUT /bookings/:id" time="0.001">
      <failure>Error: expect(received).toBe(expected) // Object.is equality

Expected: 200
Received: 401
    at Object.toBe (/Users/farid/Desktop/Projects/Team/YabaIT/KizunaTravelOS/apps/erp-api/src/routes/__test__/admin.route.test.js:236:26)
    at processTicksAndRejections (node:internal/process/task_queues:95:5)</failure>
    </testcase>
    <testcase classname="Admin routes Booking management routes should handle DELETE /bookings/:id" name="Admin routes Booking management routes should handle DELETE /bookings/:id" time="0.001">
      <failure>Error: expect(received).toBe(expected) // Object.is equality

Expected: 200
Received: 401
    at Object.toBe (/Users/farid/Desktop/Projects/Team/YabaIT/KizunaTravelOS/apps/erp-api/src/routes/__test__/admin.route.test.js:242:26)
    at processTicksAndRejections (node:internal/process/task_queues:95:5)</failure>
    </testcase>
    <testcase classname="Admin routes Booking management routes should handle GET /bookings/stats" name="Admin routes Booking management routes should handle GET /bookings/stats" time="0.001">
      <failure>Error: expect(received).toBe(expected) // Object.is equality

Expected: 200
Received: 401
    at Object.toBe (/Users/farid/Desktop/Projects/Team/YabaIT/KizunaTravelOS/apps/erp-api/src/routes/__test__/admin.route.test.js:248:26)
    at processTicksAndRejections (node:internal/process/task_queues:95:5)</failure>
    </testcase>
    <testcase classname="Admin routes Journey management routes should handle GET /journeys" name="Admin routes Journey management routes should handle GET /journeys" time="0.001">
      <failure>Error: expect(received).toBe(expected) // Object.is equality

Expected: 200
Received: 401
    at Object.toBe (/Users/farid/Desktop/Projects/Team/YabaIT/KizunaTravelOS/apps/erp-api/src/routes/__test__/admin.route.test.js:264:26)
    at processTicksAndRejections (node:internal/process/task_queues:95:5)</failure>
    </testcase>
    <testcase classname="Admin routes Journey management routes should handle GET /journeys/:id" name="Admin routes Journey management routes should handle GET /journeys/:id" time="0.001">
      <failure>Error: expect(received).toBe(expected) // Object.is equality

Expected: 200
Received: 401
    at Object.toBe (/Users/farid/Desktop/Projects/Team/YabaIT/KizunaTravelOS/apps/erp-api/src/routes/__test__/admin.route.test.js:270:26)
    at processTicksAndRejections (node:internal/process/task_queues:95:5)</failure>
    </testcase>
    <testcase classname="Admin routes Journey management routes should handle POST /journeys" name="Admin routes Journey management routes should handle POST /journeys" time="0.001">
      <failure>Error: expect(received).toBe(expected) // Object.is equality

Expected: 200
Received: 401
    at Object.toBe (/Users/farid/Desktop/Projects/Team/YabaIT/KizunaTravelOS/apps/erp-api/src/routes/__test__/admin.route.test.js:277:26)
    at processTicksAndRejections (node:internal/process/task_queues:95:5)</failure>
    </testcase>
    <testcase classname="Admin routes Journey management routes should handle PUT /journeys/:id" name="Admin routes Journey management routes should handle PUT /journeys/:id" time="0.001">
      <failure>Error: expect(received).toBe(expected) // Object.is equality

Expected: 200
Received: 401
    at Object.toBe (/Users/farid/Desktop/Projects/Team/YabaIT/KizunaTravelOS/apps/erp-api/src/routes/__test__/admin.route.test.js:283:26)
    at processTicksAndRejections (node:internal/process/task_queues:95:5)</failure>
    </testcase>
    <testcase classname="Admin routes Journey management routes should handle DELETE /journeys/:id" name="Admin routes Journey management routes should handle DELETE /journeys/:id" time="0.001">
      <failure>Error: expect(received).toBe(expected) // Object.is equality

Expected: 200
Received: 401
    at Object.toBe (/Users/farid/Desktop/Projects/Team/YabaIT/KizunaTravelOS/apps/erp-api/src/routes/__test__/admin.route.test.js:289:26)
    at processTicksAndRejections (node:internal/process/task_queues:95:5)</failure>
    </testcase>
    <testcase classname="Admin routes Journey management routes should handle POST /journeys/:id/assign-guide" name="Admin routes Journey management routes should handle POST /journeys/:id/assign-guide" time="0.001">
      <failure>Error: expect(received).toBe(expected) // Object.is equality

Expected: 200
Received: 401
    at Object.toBe (/Users/farid/Desktop/Projects/Team/YabaIT/KizunaTravelOS/apps/erp-api/src/routes/__test__/admin.route.test.js:295:26)
    at processTicksAndRejections (node:internal/process/task_queues:95:5)</failure>
    </testcase>
    <testcase classname="Admin routes Journey management routes should handle GET /journeys/stats" name="Admin routes Journey management routes should handle GET /journeys/stats" time="0.001">
      <failure>Error: expect(received).toBe(expected) // Object.is equality

Expected: 200
Received: 401
    at Object.toBe (/Users/farid/Desktop/Projects/Team/YabaIT/KizunaTravelOS/apps/erp-api/src/routes/__test__/admin.route.test.js:301:26)
    at processTicksAndRejections (node:internal/process/task_queues:95:5)</failure>
    </testcase>
    <testcase classname="Admin routes Provider management routes should handle GET /providers" name="Admin routes Provider management routes should handle GET /providers" time="0.001">
      <failure>Error: expect(received).toBe(expected) // Object.is equality

Expected: 200
Received: 401
    at Object.toBe (/Users/farid/Desktop/Projects/Team/YabaIT/KizunaTravelOS/apps/erp-api/src/routes/__test__/admin.route.test.js:317:26)
    at processTicksAndRejections (node:internal/process/task_queues:95:5)</failure>
    </testcase>
    <testcase classname="Admin routes Provider management routes should handle GET /providers/:id" name="Admin routes Provider management routes should handle GET /providers/:id" time="0">
      <failure>Error: expect(received).toBe(expected) // Object.is equality

Expected: 200
Received: 401
    at Object.toBe (/Users/farid/Desktop/Projects/Team/YabaIT/KizunaTravelOS/apps/erp-api/src/routes/__test__/admin.route.test.js:323:26)
    at processTicksAndRejections (node:internal/process/task_queues:95:5)</failure>
    </testcase>
    <testcase classname="Admin routes Provider management routes should handle POST /providers" name="Admin routes Provider management routes should handle POST /providers" time="0.002">
      <failure>Error: expect(received).toBe(expected) // Object.is equality

Expected: 200
Received: 401
    at Object.toBe (/Users/farid/Desktop/Projects/Team/YabaIT/KizunaTravelOS/apps/erp-api/src/routes/__test__/admin.route.test.js:330:26)
    at processTicksAndRejections (node:internal/process/task_queues:95:5)</failure>
    </testcase>
    <testcase classname="Admin routes Provider management routes should handle PUT /providers/:id" name="Admin routes Provider management routes should handle PUT /providers/:id" time="0.001">
      <failure>Error: expect(received).toBe(expected) // Object.is equality

Expected: 200
Received: 401
    at Object.toBe (/Users/farid/Desktop/Projects/Team/YabaIT/KizunaTravelOS/apps/erp-api/src/routes/__test__/admin.route.test.js:336:26)
    at processTicksAndRejections (node:internal/process/task_queues:95:5)</failure>
    </testcase>
    <testcase classname="Admin routes Provider management routes should handle DELETE /providers/:id" name="Admin routes Provider management routes should handle DELETE /providers/:id" time="0.001">
      <failure>Error: expect(received).toBe(expected) // Object.is equality

Expected: 200
Received: 401
    at Object.toBe (/Users/farid/Desktop/Projects/Team/YabaIT/KizunaTravelOS/apps/erp-api/src/routes/__test__/admin.route.test.js:342:26)
    at processTicksAndRejections (node:internal/process/task_queues:95:5)</failure>
    </testcase>
    <testcase classname="Admin routes Provider management routes should handle POST /providers/:id/restore" name="Admin routes Provider management routes should handle POST /providers/:id/restore" time="0.003">
      <failure>Error: expect(received).toBe(expected) // Object.is equality

Expected: 200
Received: 401
    at Object.toBe (/Users/farid/Desktop/Projects/Team/YabaIT/KizunaTravelOS/apps/erp-api/src/routes/__test__/admin.route.test.js:348:26)
    at processTicksAndRejections (node:internal/process/task_queues:95:5)</failure>
    </testcase>
    <testcase classname="Admin routes Provider management routes should handle GET /providers/stats" name="Admin routes Provider management routes should handle GET /providers/stats" time="0.001">
      <failure>Error: expect(received).toBe(expected) // Object.is equality

Expected: 200
Received: 401
    at Object.toBe (/Users/farid/Desktop/Projects/Team/YabaIT/KizunaTravelOS/apps/erp-api/src/routes/__test__/admin.route.test.js:354:26)
    at processTicksAndRejections (node:internal/process/task_queues:95:5)</failure>
    </testcase>
    <testcase classname="Admin routes Provider management routes should handle GET /providers/search" name="Admin routes Provider management routes should handle GET /providers/search" time="0.001">
      <failure>Error: expect(received).toBe(expected) // Object.is equality

Expected: 200
Received: 401
    at Object.toBe (/Users/farid/Desktop/Projects/Team/YabaIT/KizunaTravelOS/apps/erp-api/src/routes/__test__/admin.route.test.js:360:26)
    at processTicksAndRejections (node:internal/process/task_queues:95:5)</failure>
    </testcase>
    <testcase classname="Admin routes System management routes should handle GET /system/stats" name="Admin routes System management routes should handle GET /system/stats" time="0.001">
      <failure>Error: expect(received).toBe(expected) // Object.is equality

Expected: 200
Received: 401
    at Object.toBe (/Users/farid/Desktop/Projects/Team/YabaIT/KizunaTravelOS/apps/erp-api/src/routes/__test__/admin.route.test.js:376:26)
    at processTicksAndRejections (node:internal/process/task_queues:95:5)</failure>
    </testcase>
    <testcase classname="Admin routes System management routes should handle GET /system/health" name="Admin routes System management routes should handle GET /system/health" time="0.002">
      <failure>Error: expect(received).toBe(expected) // Object.is equality

Expected: 200
Received: 401
    at Object.toBe (/Users/farid/Desktop/Projects/Team/YabaIT/KizunaTravelOS/apps/erp-api/src/routes/__test__/admin.route.test.js:382:26)
    at processTicksAndRejections (node:internal/process/task_queues:95:5)</failure>
    </testcase>
    <testcase classname="Admin routes System management routes should handle GET /system/logs" name="Admin routes System management routes should handle GET /system/logs" time="0.001">
      <failure>Error: expect(received).toBe(expected) // Object.is equality

Expected: 200
Received: 401
    at Object.toBe (/Users/farid/Desktop/Projects/Team/YabaIT/KizunaTravelOS/apps/erp-api/src/routes/__test__/admin.route.test.js:388:26)
    at processTicksAndRejections (node:internal/process/task_queues:95:5)</failure>
    </testcase>
    <testcase classname="Admin routes System management routes should handle POST /system/backup" name="Admin routes System management routes should handle POST /system/backup" time="0.003">
      <failure>Error: expect(received).toBe(expected) // Object.is equality

Expected: 200
Received: 401
    at Object.toBe (/Users/farid/Desktop/Projects/Team/YabaIT/KizunaTravelOS/apps/erp-api/src/routes/__test__/admin.route.test.js:394:26)
    at processTicksAndRejections (node:internal/process/task_queues:95:5)</failure>
    </testcase>
    <testcase classname="Admin routes System management routes should handle POST /system/restore" name="Admin routes System management routes should handle POST /system/restore" time="0.002">
      <failure>Error: expect(received).toBe(expected) // Object.is equality

Expected: 200
Received: 401
    at Object.toBe (/Users/farid/Desktop/Projects/Team/YabaIT/KizunaTravelOS/apps/erp-api/src/routes/__test__/admin.route.test.js:400:26)
    at processTicksAndRejections (node:internal/process/task_queues:95:5)</failure>
    </testcase>
  </testsuite>
  <testsuite name="Journey Model" errors="0" failures="2" skipped="0" timestamp="2025-08-19T18:25:15" time="0.402" tests="31">
    <testcase classname="Journey Model Schema Definition should create a journey with required fields" name="Journey Model Schema Definition should create a journey with required fields" time="0.032">
    </testcase>
    <testcase classname="Journey Model Schema Definition should set default values correctly" name="Journey Model Schema Definition should set default values correctly" time="0.011">
    </testcase>
    <testcase classname="Journey Model Validation should require name" name="Journey Model Validation should require name" time="0.007">
    </testcase>
    <testcase classname="Journey Model Validation should require description" name="Journey Model Validation should require description" time="0.004">
    </testcase>
    <testcase classname="Journey Model Validation should require category" name="Journey Model Validation should require category" time="0.004">
    </testcase>
    <testcase classname="Journey Model Validation should validate category enum" name="Journey Model Validation should validate category enum" time="0.005">
    </testcase>
    <testcase classname="Journey Model Validation should validate type enum" name="Journey Model Validation should validate type enum" time="0.004">
    </testcase>
    <testcase classname="Journey Model Validation should require duration" name="Journey Model Validation should require duration" time="0.004">
    </testcase>
    <testcase classname="Journey Model Validation should validate duration minimum values" name="Journey Model Validation should validate duration minimum values" time="0.006">
    </testcase>
    <testcase classname="Journey Model Validation should require destinations" name="Journey Model Validation should require destinations" time="0.005">
    </testcase>
    <testcase classname="Journey Model Validation should require pricing" name="Journey Model Validation should require pricing" time="0.005">
    </testcase>
    <testcase classname="Journey Model Validation should validate pricing minimum value" name="Journey Model Validation should validate pricing minimum value" time="0.004">
    </testcase>
    <testcase classname="Journey Model Validation should validate currency enum" name="Journey Model Validation should validate currency enum" time="0.004">
    </testcase>
    <testcase classname="Journey Model Validation should require capacity" name="Journey Model Validation should require capacity" time="0.004">
    </testcase>
    <testcase classname="Journey Model Validation should validate capacity minimum value" name="Journey Model Validation should validate capacity minimum value" time="0.005">
    </testcase>
    <testcase classname="Journey Model Validation should require schedule" name="Journey Model Validation should require schedule" time="0.004">
    </testcase>
    <testcase classname="Journey Model Virtuals should calculate average rating correctly" name="Journey Model Virtuals should calculate average rating correctly" time="0.005">
    </testcase>
    <testcase classname="Journey Model Virtuals should calculate review count correctly" name="Journey Model Virtuals should calculate review count correctly" time="0.005">
    </testcase>
    <testcase classname="Journey Model Virtuals should check availability correctly" name="Journey Model Virtuals should check availability correctly" time="0.005">
    </testcase>
    <testcase classname="Journey Model Virtuals should calculate remaining spots correctly" name="Journey Model Virtuals should calculate remaining spots correctly" time="0.005">
    </testcase>
    <testcase classname="Journey Model Instance Methods should add review correctly" name="Journey Model Instance Methods should add review correctly" time="0.008">
      <failure>VersionError: No matching document found for id &quot;68a4c18bae586e8c26b71f6a&quot; version 0 modifiedPaths &quot;reviews&quot;
    at generateVersionError (/Users/farid/Desktop/Projects/Team/YabaIT/KizunaTravelOS/apps/erp-api/node_modules/mongoose/lib/model.js:571:10)
    at model.save (/Users/farid/Desktop/Projects/Team/YabaIT/KizunaTravelOS/apps/erp-api/node_modules/mongoose/lib/model.js:629:28)
    at model.save [as addReview] (/Users/farid/Desktop/Projects/Team/YabaIT/KizunaTravelOS/apps/erp-api/src/models/Journey.js:453:15)
    at Object.addReview (/Users/farid/Desktop/Projects/Team/YabaIT/KizunaTravelOS/apps/erp-api/src/models/__test__/journey.model.test.js:791:21)
    at processTicksAndRejections (node:internal/process/task_queues:95:5)</failure>
    </testcase>
    <testcase classname="Journey Model Instance Methods should update capacity correctly" name="Journey Model Instance Methods should update capacity correctly" time="0.009">
    </testcase>
    <testcase classname="Journey Model Instance Methods should not allow negative bookings" name="Journey Model Instance Methods should not allow negative bookings" time="0.016">
    </testcase>
    <testcase classname="Journey Model Static Methods should get featured journeys" name="Journey Model Static Methods should get featured journeys" time="0.017">
      <failure>Error: expect(received).toHaveLength(expected)

Expected length: 1
Received length: 0
Received array:  []
    at Object.toHaveLength (/Users/farid/Desktop/Projects/Team/YabaIT/KizunaTravelOS/apps/erp-api/src/models/__test__/journey.model.test.js:953:32)
    at processTicksAndRejections (node:internal/process/task_queues:95:5)</failure>
    </testcase>
    <testcase classname="Journey Model Static Methods should get popular journeys" name="Journey Model Static Methods should get popular journeys" time="0.015">
    </testcase>
    <testcase classname="Journey Model Pre-save Middleware should update meta timestamps and version" name="Journey Model Pre-save Middleware should update meta timestamps and version" time="0.007">
    </testcase>
    <testcase classname="Journey Model Pre-save Middleware should generate slug if not provided" name="Journey Model Pre-save Middleware should generate slug if not provided" time="0.006">
    </testcase>
    <testcase classname="Journey Model Pre-find Middleware should exclude deleted records by default" name="Journey Model Pre-find Middleware should exclude deleted records by default" time="0.007">
    </testcase>
    <testcase classname="Journey Model Pre-find Middleware should include deleted records when explicitly requested" name="Journey Model Pre-find Middleware should include deleted records when explicitly requested" time="0.008">
    </testcase>
    <testcase classname="Journey Model Edge Cases should handle complex nested objects" name="Journey Model Edge Cases should handle complex nested objects" time="0.009">
    </testcase>
    <testcase classname="Journey Model Edge Cases should handle missing optional fields gracefully" name="Journey Model Edge Cases should handle missing optional fields gracefully" time="0.006">
    </testcase>
  </testsuite>
  <testsuite name="Provider Model" errors="0" failures="3" skipped="0" timestamp="2025-08-19T18:25:15" time="0.325" tests="29">
    <testcase classname="Provider Model Schema Definition should create a provider with required fields" name="Provider Model Schema Definition should create a provider with required fields" time="0.034">
    </testcase>
    <testcase classname="Provider Model Schema Definition should set default values correctly" name="Provider Model Schema Definition should set default values correctly" time="0.004">
    </testcase>
    <testcase classname="Provider Model Validation should require name" name="Provider Model Validation should require name" time="0.004">
    </testcase>
    <testcase classname="Provider Model Validation should require legalName" name="Provider Model Validation should require legalName" time="0.004">
    </testcase>
    <testcase classname="Provider Model Validation should require type" name="Provider Model Validation should require type" time="0.003">
    </testcase>
    <testcase classname="Provider Model Validation should validate type enum" name="Provider Model Validation should validate type enum" time="0.002">
    </testcase>
    <testcase classname="Provider Model Validation should validate category enum" name="Provider Model Validation should validate category enum" time="0.004">
    </testcase>
    <testcase classname="Provider Model Validation should require primary contact information" name="Provider Model Validation should require primary contact information" time="0.002">
    </testcase>
    <testcase classname="Provider Model Validation should require address information" name="Provider Model Validation should require address information" time="0.003">
    </testcase>
    <testcase classname="Provider Model Validation should validate email format" name="Provider Model Validation should validate email format" time="0.003">
    </testcase>
    <testcase classname="Provider Model Validation should reject invalid ratings" name="Provider Model Validation should reject invalid ratings" time="0.017">
    </testcase>
    <testcase classname="Provider Model Validation should update capacity correctly" name="Provider Model Validation should update capacity correctly" time="0.006">
    </testcase>
    <testcase classname="Provider Model Virtuals should generate full address" name="Provider Model Virtuals should generate full address" time="0.005">
    </testcase>
    <testcase classname="Provider Model Virtuals should format average rating" name="Provider Model Virtuals should format average rating" time="0.005">
    </testcase>
    <testcase classname="Provider Model Virtuals should check availability" name="Provider Model Virtuals should check availability" time="0.004">
    </testcase>
    <testcase classname="Provider Model Instance Methods should add rating correctly" name="Provider Model Instance Methods should add rating correctly" time="0.005">
    </testcase>
    <testcase classname="Provider Model Instance Methods should reject invalid ratings" name="Provider Model Instance Methods should reject invalid ratings" time="0.004">
    </testcase>
    <testcase classname="Provider Model Instance Methods should update capacity correctly" name="Provider Model Instance Methods should update capacity correctly" time="0.004">
    </testcase>
    <testcase classname="Provider Model Static Methods should get verified providers" name="Provider Model Static Methods should get verified providers" time="0.02">
      <failure>Error: expect(received).toHaveLength(expected)

Expected length: 2
Received length: 0
Received array:  []
    at Object.toHaveLength (/Users/farid/Desktop/Projects/Team/YabaIT/KizunaTravelOS/apps/erp-api/src/models/__test__/provider.model.test.js:583:33)
    at processTicksAndRejections (node:internal/process/task_queues:95:5)</failure>
    </testcase>
    <testcase classname="Provider Model Static Methods should get providers by type" name="Provider Model Static Methods should get providers by type" time="0.008">
    </testcase>
    <testcase classname="Provider Model Static Methods should exclude deleted records by default" name="Provider Model Static Methods should exclude deleted records by default" time="0.009">
      <failure>Error: expect(received).toHaveLength(expected)

Expected length: 3
Received length: 4
Received array:  [{&quot;__v&quot;: 0, &quot;_id&quot;: &quot;68a4c18bae586e8c26b71f9e&quot;, &quot;address&quot;: {&quot;city&quot;: &quot;Test City&quot;, &quot;country&quot;: &quot;Test Country&quot;, &quot;street&quot;: &quot;123 Test Street&quot;}, &quot;averageRatingFormatted&quot;: &quot;0.0&quot;, &quot;capacity&quot;: {&quot;currentBookings&quot;: 0}, &quot;category&quot;: &quot;standard&quot;, &quot;certifications&quot;: [], &quot;contact&quot;: {&quot;primaryContact&quot;: {&quot;email&quot;: &quot;john@testprovider.com&quot;, &quot;name&quot;: &quot;John Doe&quot;, &quot;phone&quot;: &quot;+1234567890&quot;}}, &quot;contract&quot;: {&quot;autoRenew&quot;: false, &quot;isActive&quot;: true}, &quot;createdAt&quot;: 2025-08-19T18:25:15.553Z, &quot;financial&quot;: {&quot;paymentTerms&quot;: &quot;net_30&quot;, &quot;preferredPaymentMethods&quot;: []}, &quot;fullAddress&quot;: &quot;123 Test Street, Test City, Test Country&quot;, &quot;id&quot;: &quot;68a4c18bae586e8c26b71f9e&quot;, &quot;images&quot;: [], &quot;isAvailable&quot;: false, &quot;isFeatured&quot;: false, &quot;isVerified&quot;: false, &quot;legalName&quot;: &quot;Test Provider LLC&quot;, &quot;meta&quot;: {&quot;created_at&quot;: 2025-08-19T18:25:15.553Z, &quot;isDeleted&quot;: false, &quot;updated_at&quot;: 2025-08-19T18:25:15.553Z, &quot;version&quot;: 2}, &quot;name&quot;: &quot;Test Provider&quot;, &quot;operatingHours&quot;: {&quot;friday&quot;: {&quot;isOpen&quot;: true}, &quot;monday&quot;: {&quot;isOpen&quot;: true}, &quot;saturday&quot;: {&quot;isOpen&quot;: true}, &quot;sunday&quot;: {&quot;isOpen&quot;: true}, &quot;thursday&quot;: {&quot;isOpen&quot;: true}, &quot;tuesday&quot;: {&quot;isOpen&quot;: true}, &quot;wednesday&quot;: {&quot;isOpen&quot;: true}}, &quot;rating&quot;: {&quot;average&quot;: 0, &quot;breakdown&quot;: {&quot;five&quot;: 0, &quot;four&quot;: 0, &quot;one&quot;: 0, &quot;three&quot;: 0, &quot;two&quot;: 0}, &quot;count&quot;: 0}, &quot;services&quot;: [], &quot;specializations&quot;: [], &quot;status&quot;: &quot;pending&quot;, &quot;type&quot;: &quot;hotel&quot;, &quot;updatedAt&quot;: 2025-08-19T18:25:15.553Z}, {&quot;__v&quot;: 0, &quot;_id&quot;: &quot;68a4c18bc785ae7c5b741128&quot;, &quot;address&quot;: {&quot;city&quot;: &quot;City B&quot;, &quot;country&quot;: &quot;Country B&quot;, &quot;street&quot;: &quot;456 Hotel Ave&quot;}, &quot;averageRatingFormatted&quot;: &quot;0.0&quot;, &quot;capacity&quot;: {&quot;currentBookings&quot;: 0}, &quot;category&quot;: &quot;standard&quot;, &quot;certifications&quot;: [], &quot;contact&quot;: {&quot;primaryContact&quot;: {&quot;email&quot;: &quot;jane@hotelb.com&quot;, &quot;name&quot;: &quot;Jane Doe&quot;, &quot;phone&quot;: &quot;+1234567891&quot;}}, &quot;contract&quot;: {&quot;autoRenew&quot;: false, &quot;isActive&quot;: true}, &quot;createdAt&quot;: 2025-08-19T18:25:15.554Z, &quot;financial&quot;: {&quot;paymentTerms&quot;: &quot;net_30&quot;, &quot;preferredPaymentMethods&quot;: []}, &quot;fullAddress&quot;: &quot;456 Hotel Ave, City B, Country B&quot;, &quot;id&quot;: &quot;68a4c18bc785ae7c5b741128&quot;, &quot;images&quot;: [], &quot;isAvailable&quot;: true, &quot;isFeatured&quot;: false, &quot;isVerified&quot;: false, &quot;legalName&quot;: &quot;Hotel B LLC&quot;, &quot;meta&quot;: {&quot;created_at&quot;: 2025-08-19T18:25:15.553Z, &quot;isDeleted&quot;: false, &quot;updated_at&quot;: 2025-08-19T18:25:15.554Z, &quot;version&quot;: 2}, &quot;name&quot;: &quot;Hotel B&quot;, &quot;operatingHours&quot;: {&quot;friday&quot;: {&quot;isOpen&quot;: true}, &quot;monday&quot;: {&quot;isOpen&quot;: true}, &quot;saturday&quot;: {&quot;isOpen&quot;: true}, &quot;sunday&quot;: {&quot;isOpen&quot;: true}, &quot;thursday&quot;: {&quot;isOpen&quot;: true}, &quot;tuesday&quot;: {&quot;isOpen&quot;: true}, &quot;wednesday&quot;: {&quot;isOpen&quot;: true}}, &quot;rating&quot;: {&quot;average&quot;: 0, &quot;breakdown&quot;: {&quot;five&quot;: 0, &quot;four&quot;: 0, &quot;one&quot;: 0, &quot;three&quot;: 0, &quot;two&quot;: 0}, &quot;count&quot;: 0}, &quot;services&quot;: [], &quot;specializations&quot;: [], &quot;status&quot;: &quot;active&quot;, &quot;type&quot;: &quot;hotel&quot;, &quot;updatedAt&quot;: 2025-08-19T18:25:15.554Z}, {&quot;__v&quot;: 0, &quot;_id&quot;: &quot;68a4c18bc785ae7c5b741129&quot;, &quot;address&quot;: {&quot;city&quot;: &quot;City C&quot;, &quot;country&quot;: &quot;Country C&quot;, &quot;street&quot;: &quot;789 Transport Rd&quot;}, &quot;averageRatingFormatted&quot;: &quot;0.0&quot;, &quot;capacity&quot;: {&quot;currentBookings&quot;: 0}, &quot;category&quot;: &quot;standard&quot;, &quot;certifications&quot;: [], &quot;contact&quot;: {&quot;primaryContact&quot;: {&quot;email&quot;: &quot;bob@transport.com&quot;, &quot;name&quot;: &quot;Bob Smith&quot;, &quot;phone&quot;: &quot;+1234567892&quot;}}, &quot;contract&quot;: {&quot;autoRenew&quot;: false, &quot;isActive&quot;: true}, &quot;createdAt&quot;: 2025-08-19T18:25:15.554Z, &quot;financial&quot;: {&quot;paymentTerms&quot;: &quot;net_30&quot;, &quot;preferredPaymentMethods&quot;: []}, &quot;fullAddress&quot;: &quot;789 Transport Rd, City C, Country C&quot;, &quot;id&quot;: &quot;68a4c18bc785ae7c5b741129&quot;, &quot;images&quot;: [], &quot;isAvailable&quot;: true, &quot;isFeatured&quot;: false, &quot;isVerified&quot;: true, &quot;legalName&quot;: &quot;Transport Co LLC&quot;, &quot;meta&quot;: {&quot;created_at&quot;: 2025-08-19T18:25:15.553Z, &quot;isDeleted&quot;: false, &quot;updated_at&quot;: 2025-08-19T18:25:15.554Z, &quot;version&quot;: 2}, &quot;name&quot;: &quot;Transport Co&quot;, &quot;operatingHours&quot;: {&quot;friday&quot;: {&quot;isOpen&quot;: true}, &quot;monday&quot;: {&quot;isOpen&quot;: true}, &quot;saturday&quot;: {&quot;isOpen&quot;: true}, &quot;sunday&quot;: {&quot;isOpen&quot;: true}, &quot;thursday&quot;: {&quot;isOpen&quot;: true}, &quot;tuesday&quot;: {&quot;isOpen&quot;: true}, &quot;wednesday&quot;: {&quot;isOpen&quot;: true}}, &quot;rating&quot;: {&quot;average&quot;: 0, &quot;breakdown&quot;: {&quot;five&quot;: 0, &quot;four&quot;: 0, &quot;one&quot;: 0, &quot;three&quot;: 0, &quot;two&quot;: 0}, &quot;count&quot;: 0}, &quot;services&quot;: [], &quot;specializations&quot;: [], &quot;status&quot;: &quot;active&quot;, &quot;type&quot;: &quot;transport&quot;, &quot;updatedAt&quot;: 2025-08-19T18:25:15.554Z}, {&quot;__v&quot;: 0, &quot;_id&quot;: &quot;68a4c18bc785ae7c5b741127&quot;, &quot;address&quot;: {&quot;city&quot;: &quot;City A&quot;, &quot;country&quot;: &quot;Country A&quot;, &quot;street&quot;: &quot;123 Hotel St&quot;}, &quot;averageRatingFormatted&quot;: &quot;0.0&quot;, &quot;capacity&quot;: {&quot;currentBookings&quot;: 0}, &quot;category&quot;: &quot;standard&quot;, &quot;certifications&quot;: [], &quot;contact&quot;: {&quot;primaryContact&quot;: {&quot;email&quot;: &quot;john@hotela.com&quot;, &quot;name&quot;: &quot;John Doe&quot;, &quot;phone&quot;: &quot;+1234567890&quot;}}, &quot;contract&quot;: {&quot;autoRenew&quot;: false, &quot;isActive&quot;: true}, &quot;createdAt&quot;: 2025-08-19T18:25:15.554Z, &quot;financial&quot;: {&quot;paymentTerms&quot;: &quot;net_30&quot;, &quot;preferredPaymentMethods&quot;: []}, &quot;fullAddress&quot;: &quot;123 Hotel St, City A, Country A&quot;, &quot;id&quot;: &quot;68a4c18bc785ae7c5b741127&quot;, &quot;images&quot;: [], &quot;isAvailable&quot;: true, &quot;isFeatured&quot;: false, &quot;isVerified&quot;: true, &quot;legalName&quot;: &quot;Hotel A LLC&quot;, &quot;meta&quot;: {&quot;created_at&quot;: 2025-08-19T18:25:15.553Z, &quot;isDeleted&quot;: false, &quot;updated_at&quot;: 2025-08-19T18:25:15.554Z, &quot;version&quot;: 2}, &quot;name&quot;: &quot;Hotel A&quot;, &quot;operatingHours&quot;: {&quot;friday&quot;: {&quot;isOpen&quot;: true}, &quot;monday&quot;: {&quot;isOpen&quot;: true}, &quot;saturday&quot;: {&quot;isOpen&quot;: true}, &quot;sunday&quot;: {&quot;isOpen&quot;: true}, &quot;thursday&quot;: {&quot;isOpen&quot;: true}, &quot;tuesday&quot;: {&quot;isOpen&quot;: true}, &quot;wednesday&quot;: {&quot;isOpen&quot;: true}}, &quot;rating&quot;: {&quot;average&quot;: 0, &quot;breakdown&quot;: {&quot;five&quot;: 0, &quot;four&quot;: 0, &quot;one&quot;: 0, &quot;three&quot;: 0, &quot;two&quot;: 0}, &quot;count&quot;: 0}, &quot;services&quot;: [], &quot;specializations&quot;: [], &quot;status&quot;: &quot;active&quot;, &quot;type&quot;: &quot;hotel&quot;, &quot;updatedAt&quot;: 2025-08-19T18:25:15.554Z}]
    at Object.toHaveLength (/Users/farid/Desktop/Projects/Team/YabaIT/KizunaTravelOS/apps/erp-api/src/models/__test__/provider.model.test.js:600:25)
    at processTicksAndRejections (node:internal/process/task_queues:95:5)</failure>
    </testcase>
    <testcase classname="Provider Model Static Methods should include deleted records when explicitly requested" name="Provider Model Static Methods should include deleted records when explicitly requested" time="0.01">
      <failure>Error: expect(received).toHaveLength(expected)

Expected length: 3
Received length: 4
Received array:  [{&quot;__v&quot;: 0, &quot;_id&quot;: &quot;68a4c18bae586e8c26b71fa8&quot;, &quot;address&quot;: {&quot;city&quot;: &quot;Test City&quot;, &quot;country&quot;: &quot;Test Country&quot;, &quot;street&quot;: &quot;123 Test Street&quot;}, &quot;averageRatingFormatted&quot;: &quot;0.0&quot;, &quot;capacity&quot;: {&quot;currentBookings&quot;: 0}, &quot;category&quot;: &quot;standard&quot;, &quot;certifications&quot;: [], &quot;contact&quot;: {&quot;primaryContact&quot;: {&quot;email&quot;: &quot;john@testprovider.com&quot;, &quot;name&quot;: &quot;John Doe&quot;, &quot;phone&quot;: &quot;+1234567890&quot;}}, &quot;contract&quot;: {&quot;autoRenew&quot;: false, &quot;isActive&quot;: true}, &quot;createdAt&quot;: 2025-08-19T18:25:15.561Z, &quot;financial&quot;: {&quot;paymentTerms&quot;: &quot;net_30&quot;, &quot;preferredPaymentMethods&quot;: []}, &quot;fullAddress&quot;: &quot;123 Test Street, Test City, Test Country&quot;, &quot;id&quot;: &quot;68a4c18bae586e8c26b71fa8&quot;, &quot;images&quot;: [], &quot;isAvailable&quot;: false, &quot;isFeatured&quot;: false, &quot;isVerified&quot;: false, &quot;legalName&quot;: &quot;Test Provider LLC&quot;, &quot;meta&quot;: {&quot;created_at&quot;: 2025-08-19T18:25:15.561Z, &quot;isDeleted&quot;: false, &quot;updated_at&quot;: 2025-08-19T18:25:15.561Z, &quot;version&quot;: 2}, &quot;name&quot;: &quot;Test Provider&quot;, &quot;operatingHours&quot;: {&quot;friday&quot;: {&quot;isOpen&quot;: true}, &quot;monday&quot;: {&quot;isOpen&quot;: true}, &quot;saturday&quot;: {&quot;isOpen&quot;: true}, &quot;sunday&quot;: {&quot;isOpen&quot;: true}, &quot;thursday&quot;: {&quot;isOpen&quot;: true}, &quot;tuesday&quot;: {&quot;isOpen&quot;: true}, &quot;wednesday&quot;: {&quot;isOpen&quot;: true}}, &quot;rating&quot;: {&quot;average&quot;: 0, &quot;breakdown&quot;: {&quot;five&quot;: 0, &quot;four&quot;: 0, &quot;one&quot;: 0, &quot;three&quot;: 0, &quot;two&quot;: 0}, &quot;count&quot;: 0}, &quot;services&quot;: [], &quot;specializations&quot;: [], &quot;status&quot;: &quot;pending&quot;, &quot;type&quot;: &quot;hotel&quot;, &quot;updatedAt&quot;: 2025-08-19T18:25:15.561Z}, {&quot;__v&quot;: 0, &quot;_id&quot;: &quot;68a4c18bc785ae7c5b74112f&quot;, &quot;address&quot;: {&quot;city&quot;: &quot;City B&quot;, &quot;country&quot;: &quot;Country B&quot;, &quot;street&quot;: &quot;456 Hotel Ave&quot;}, &quot;averageRatingFormatted&quot;: &quot;0.0&quot;, &quot;capacity&quot;: {&quot;currentBookings&quot;: 0}, &quot;category&quot;: &quot;standard&quot;, &quot;certifications&quot;: [], &quot;contact&quot;: {&quot;primaryContact&quot;: {&quot;email&quot;: &quot;jane@hotelb.com&quot;, &quot;name&quot;: &quot;Jane Doe&quot;, &quot;phone&quot;: &quot;+1234567891&quot;}}, &quot;contract&quot;: {&quot;autoRenew&quot;: false, &quot;isActive&quot;: true}, &quot;createdAt&quot;: 2025-08-19T18:25:15.563Z, &quot;financial&quot;: {&quot;paymentTerms&quot;: &quot;net_30&quot;, &quot;preferredPaymentMethods&quot;: []}, &quot;fullAddress&quot;: &quot;456 Hotel Ave, City B, Country B&quot;, &quot;id&quot;: &quot;68a4c18bc785ae7c5b74112f&quot;, &quot;images&quot;: [], &quot;isAvailable&quot;: true, &quot;isFeatured&quot;: false, &quot;isVerified&quot;: false, &quot;legalName&quot;: &quot;Hotel B LLC&quot;, &quot;meta&quot;: {&quot;created_at&quot;: 2025-08-19T18:25:15.562Z, &quot;isDeleted&quot;: false, &quot;updated_at&quot;: 2025-08-19T18:25:15.563Z, &quot;version&quot;: 2}, &quot;name&quot;: &quot;Hotel B&quot;, &quot;operatingHours&quot;: {&quot;friday&quot;: {&quot;isOpen&quot;: true}, &quot;monday&quot;: {&quot;isOpen&quot;: true}, &quot;saturday&quot;: {&quot;isOpen&quot;: true}, &quot;sunday&quot;: {&quot;isOpen&quot;: true}, &quot;thursday&quot;: {&quot;isOpen&quot;: true}, &quot;tuesday&quot;: {&quot;isOpen&quot;: true}, &quot;wednesday&quot;: {&quot;isOpen&quot;: true}}, &quot;rating&quot;: {&quot;average&quot;: 0, &quot;breakdown&quot;: {&quot;five&quot;: 0, &quot;four&quot;: 0, &quot;one&quot;: 0, &quot;three&quot;: 0, &quot;two&quot;: 0}, &quot;count&quot;: 0}, &quot;services&quot;: [], &quot;specializations&quot;: [], &quot;status&quot;: &quot;active&quot;, &quot;type&quot;: &quot;hotel&quot;, &quot;updatedAt&quot;: 2025-08-19T18:25:15.563Z}, {&quot;__v&quot;: 0, &quot;_id&quot;: &quot;68a4c18bc785ae7c5b741130&quot;, &quot;address&quot;: {&quot;city&quot;: &quot;City C&quot;, &quot;country&quot;: &quot;Country C&quot;, &quot;street&quot;: &quot;789 Transport Rd&quot;}, &quot;averageRatingFormatted&quot;: &quot;0.0&quot;, &quot;capacity&quot;: {&quot;currentBookings&quot;: 0}, &quot;category&quot;: &quot;standard&quot;, &quot;certifications&quot;: [], &quot;contact&quot;: {&quot;primaryContact&quot;: {&quot;email&quot;: &quot;bob@transport.com&quot;, &quot;name&quot;: &quot;Bob Smith&quot;, &quot;phone&quot;: &quot;+1234567892&quot;}}, &quot;contract&quot;: {&quot;autoRenew&quot;: false, &quot;isActive&quot;: true}, &quot;createdAt&quot;: 2025-08-19T18:25:15.563Z, &quot;financial&quot;: {&quot;paymentTerms&quot;: &quot;net_30&quot;, &quot;preferredPaymentMethods&quot;: []}, &quot;fullAddress&quot;: &quot;789 Transport Rd, City C, Country C&quot;, &quot;id&quot;: &quot;68a4c18bc785ae7c5b741130&quot;, &quot;images&quot;: [], &quot;isAvailable&quot;: true, &quot;isFeatured&quot;: false, &quot;isVerified&quot;: true, &quot;legalName&quot;: &quot;Transport Co LLC&quot;, &quot;meta&quot;: {&quot;created_at&quot;: 2025-08-19T18:25:15.563Z, &quot;isDeleted&quot;: false, &quot;updated_at&quot;: 2025-08-19T18:25:15.563Z, &quot;version&quot;: 2}, &quot;name&quot;: &quot;Transport Co&quot;, &quot;operatingHours&quot;: {&quot;friday&quot;: {&quot;isOpen&quot;: true}, &quot;monday&quot;: {&quot;isOpen&quot;: true}, &quot;saturday&quot;: {&quot;isOpen&quot;: true}, &quot;sunday&quot;: {&quot;isOpen&quot;: true}, &quot;thursday&quot;: {&quot;isOpen&quot;: true}, &quot;tuesday&quot;: {&quot;isOpen&quot;: true}, &quot;wednesday&quot;: {&quot;isOpen&quot;: true}}, &quot;rating&quot;: {&quot;average&quot;: 0, &quot;breakdown&quot;: {&quot;five&quot;: 0, &quot;four&quot;: 0, &quot;one&quot;: 0, &quot;three&quot;: 0, &quot;two&quot;: 0}, &quot;count&quot;: 0}, &quot;services&quot;: [], &quot;specializations&quot;: [], &quot;status&quot;: &quot;active&quot;, &quot;type&quot;: &quot;transport&quot;, &quot;updatedAt&quot;: 2025-08-19T18:25:15.563Z}, {&quot;__v&quot;: 0, &quot;_id&quot;: &quot;68a4c18bc785ae7c5b74112e&quot;, &quot;address&quot;: {&quot;city&quot;: &quot;City A&quot;, &quot;country&quot;: &quot;Country A&quot;, &quot;street&quot;: &quot;123 Hotel St&quot;}, &quot;averageRatingFormatted&quot;: &quot;0.0&quot;, &quot;capacity&quot;: {&quot;currentBookings&quot;: 0}, &quot;category&quot;: &quot;standard&quot;, &quot;certifications&quot;: [], &quot;contact&quot;: {&quot;primaryContact&quot;: {&quot;email&quot;: &quot;john@hotela.com&quot;, &quot;name&quot;: &quot;John Doe&quot;, &quot;phone&quot;: &quot;+1234567890&quot;}}, &quot;contract&quot;: {&quot;autoRenew&quot;: false, &quot;isActive&quot;: true}, &quot;createdAt&quot;: 2025-08-19T18:25:15.563Z, &quot;financial&quot;: {&quot;paymentTerms&quot;: &quot;net_30&quot;, &quot;preferredPaymentMethods&quot;: []}, &quot;fullAddress&quot;: &quot;123 Hotel St, City A, Country A&quot;, &quot;id&quot;: &quot;68a4c18bc785ae7c5b74112e&quot;, &quot;images&quot;: [], &quot;isAvailable&quot;: true, &quot;isFeatured&quot;: false, &quot;isVerified&quot;: true, &quot;legalName&quot;: &quot;Hotel A LLC&quot;, &quot;meta&quot;: {&quot;created_at&quot;: 2025-08-19T18:25:15.562Z, &quot;isDeleted&quot;: false, &quot;updated_at&quot;: 2025-08-19T18:25:15.563Z, &quot;version&quot;: 2}, &quot;name&quot;: &quot;Hotel A&quot;, &quot;operatingHours&quot;: {&quot;friday&quot;: {&quot;isOpen&quot;: true}, &quot;monday&quot;: {&quot;isOpen&quot;: true}, &quot;saturday&quot;: {&quot;isOpen&quot;: true}, &quot;sunday&quot;: {&quot;isOpen&quot;: true}, &quot;thursday&quot;: {&quot;isOpen&quot;: true}, &quot;tuesday&quot;: {&quot;isOpen&quot;: true}, &quot;wednesday&quot;: {&quot;isOpen&quot;: true}}, &quot;rating&quot;: {&quot;average&quot;: 0, &quot;breakdown&quot;: {&quot;five&quot;: 0, &quot;four&quot;: 0, &quot;one&quot;: 0, &quot;three&quot;: 0, &quot;two&quot;: 0}, &quot;count&quot;: 0}, &quot;services&quot;: [], &quot;specializations&quot;: [], &quot;status&quot;: &quot;active&quot;, &quot;type&quot;: &quot;hotel&quot;, &quot;updatedAt&quot;: 2025-08-19T18:25:15.563Z}]
    at Object.toHaveLength (/Users/farid/Desktop/Projects/Team/YabaIT/KizunaTravelOS/apps/erp-api/src/models/__test__/provider.model.test.js:605:25)
    at processTicksAndRejections (node:internal/process/task_queues:95:5)</failure>
    </testcase>
    <testcase classname="Provider Model Static Methods should handle missing optional fields gracefully" name="Provider Model Static Methods should handle missing optional fields gracefully" time="0.009">
    </testcase>
    <testcase classname="Provider Model Pre-save Middleware should update meta timestamps and version" name="Provider Model Pre-save Middleware should update meta timestamps and version" time="0.003">
    </testcase>
    <testcase classname="Provider Model Pre-save Middleware should calculate average rating correctly" name="Provider Model Pre-save Middleware should calculate average rating correctly" time="0.004">
    </testcase>
    <testcase classname="Provider Model Pre-find Middleware should exclude deleted records by default" name="Provider Model Pre-find Middleware should exclude deleted records by default" time="0.007">
    </testcase>
    <testcase classname="Provider Model Pre-find Middleware should include deleted records when explicitly requested" name="Provider Model Pre-find Middleware should include deleted records when explicitly requested" time="0.006">
    </testcase>
    <testcase classname="Provider Model Edge Cases should handle missing optional fields gracefully" name="Provider Model Edge Cases should handle missing optional fields gracefully" time="0.003">
    </testcase>
    <testcase classname="Provider Model Edge Cases should handle complex nested objects" name="Provider Model Edge Cases should handle complex nested objects" time="0.006">
    </testcase>
  </testsuite>
  <testsuite name="Anon routes" errors="0" failures="1" skipped="0" timestamp="2025-08-19T18:25:15" time="0.186" tests="15">
    <testcase classname="Anon routes API Root GET / -&gt; 200" name="Anon routes API Root GET / -&gt; 200" time="0.004">
    </testcase>
    <testcase classname="Anon routes Auth POST /auth/register -&gt; 201" name="Anon routes Auth POST /auth/register -&gt; 201" time="0.004">
    </testcase>
    <testcase classname="Anon routes Auth POST /auth/login empty body -&gt; 400" name="Anon routes Auth POST /auth/login empty body -&gt; 400" time="0.002">
      <failure>Error: expect(received).toBe(expected) // Object.is equality

Expected: 400
Received: 200
    at Object.toBe (/Users/farid/Desktop/Projects/Team/YabaIT/KizunaTravelOS/apps/erp-api/src/routes/__test__/anon.route.test.js:88:26)
    at processTicksAndRejections (node:internal/process/task_queues:95:5)</failure>
    </testcase>
    <testcase classname="Anon routes Auth POST /auth/login valid -&gt; 200" name="Anon routes Auth POST /auth/login valid -&gt; 200" time="0.002">
    </testcase>
    <testcase classname="Anon routes Auth POST /auth/forgot-password -&gt; 200" name="Anon routes Auth POST /auth/forgot-password -&gt; 200" time="0.006">
    </testcase>
    <testcase classname="Anon routes Auth POST /auth/reset-password -&gt; 200" name="Anon routes Auth POST /auth/reset-password -&gt; 200" time="0.001">
    </testcase>
    <testcase classname="Anon routes Auth POST /auth/verify-email -&gt; 200" name="Anon routes Auth POST /auth/verify-email -&gt; 200" time="0.002">
    </testcase>
    <testcase classname="Anon routes Auth POST /auth/resend-verification -&gt; 200" name="Anon routes Auth POST /auth/resend-verification -&gt; 200" time="0.001">
    </testcase>
    <testcase classname="Anon routes Journeys GET /journeys -&gt; 200" name="Anon routes Journeys GET /journeys -&gt; 200" time="0.001">
    </testcase>
    <testcase classname="Anon routes Journeys GET /journeys/search -&gt; 200" name="Anon routes Journeys GET /journeys/search -&gt; 200" time="0.002">
    </testcase>
    <testcase classname="Anon routes Journeys GET /journeys/:id -&gt; 200" name="Anon routes Journeys GET /journeys/:id -&gt; 200" time="0.001">
    </testcase>
    <testcase classname="Anon routes Journeys GET /journeys/:invalidId -&gt; 400" name="Anon routes Journeys GET /journeys/:invalidId -&gt; 400" time="0.001">
    </testcase>
    <testcase classname="Anon routes Providers GET /providers -&gt; 200" name="Anon routes Providers GET /providers -&gt; 200" time="0">
    </testcase>
    <testcase classname="Anon routes Providers GET /providers/:id -&gt; 200" name="Anon routes Providers GET /providers/:id -&gt; 200" time="0.001">
    </testcase>
    <testcase classname="Anon routes Providers GET /providers/:invalidId -&gt; 400" name="Anon routes Providers GET /providers/:invalidId -&gt; 400" time="0.001">
    </testcase>
  </testsuite>
  <testsuite name="Profile Controller" errors="0" failures="13" skipped="0" timestamp="2025-08-19T18:25:13" time="2.294" tests="15">
    <testcase classname="Profile Controller GET /me should return current user profile" name="Profile Controller GET /me should return current user profile" time="0.016">
      <failure>ValidationError: User validation failed: profileId: Profile reference is required
    at model.Document.invalidate (/Users/farid/Desktop/Projects/Team/YabaIT/KizunaTravelOS/apps/erp-api/node_modules/mongoose/lib/document.js:3352:32)
    at /Users/farid/Desktop/Projects/Team/YabaIT/KizunaTravelOS/apps/erp-api/node_modules/mongoose/lib/document.js:3113:17
    at /Users/farid/Desktop/Projects/Team/YabaIT/KizunaTravelOS/apps/erp-api/node_modules/mongoose/lib/schemaType.js:1410:9
    at processTicksAndRejections (node:internal/process/task_queues:77:11)</failure>
    </testcase>
    <testcase classname="Profile Controller GET /me should return 404 if user not found" name="Profile Controller GET /me should return 404 if user not found" time="0.065">
      <failure>Error: expect(jest.fn()).toHaveBeenCalledWith(...expected)

Expected: 404
Received: 500

Number of calls: 1
    at Object.toHaveBeenCalledWith (/Users/farid/Desktop/Projects/Team/YabaIT/KizunaTravelOS/apps/erp-api/src/controllers/__test__/profile.test.js:119:30)
    at processTicksAndRejections (node:internal/process/task_queues:95:5)</failure>
    </testcase>
    <testcase classname="Profile Controller GET /me should return 404 if profile not found" name="Profile Controller GET /me should return 404 if profile not found" time="0.003">
      <failure>ValidationError: User validation failed: profileId: Profile reference is required
    at model.Document.invalidate (/Users/farid/Desktop/Projects/Team/YabaIT/KizunaTravelOS/apps/erp-api/node_modules/mongoose/lib/document.js:3352:32)
[...]
    </testcase>
    <testcase classname="Authentication and Validation Tests Journey Creation Validation should reject journey creation with invalid category" name="Authentication and Validation Tests Journey Creation Validation should reject journey creation with invalid category" time="0.007">
    </testcase>
  </testsuite>
  <testsuite name="User Model" errors="0" failures="0" skipped="0" timestamp="2025-08-19T18:25:13" time="5.809" tests="25">
    <testcase classname="User Model Schema Definition should have all required fields" name="User Model Schema Definition should have all required fields" time="0.065">
    </testcase>
    <testcase classname="User Model Schema Definition should set default values correctly" name="User Model Schema Definition should set default values correctly" time="0.012">
    </testcase>
    <testcase classname="User Model Validation should require email" name="User Model Validation should require email" time="0.024">
    </testcase>
    <testcase classname="User Model Validation should require password" name="User Model Validation should require password" time="0.026">
    </testcase>
    <testcase classname="User Model Validation should validate email format" name="User Model Validation should validate email format" time="0.014">
    </testcase>
    <testcase classname="User Model Validation should validate password strength" name="User Model Validation should validate password strength" time="0.009">
    </testcase>
    <testcase classname="User Model Validation should validate role enum" name="User Model Validation should validate role enum" time="0.011">
    </testcase>
    <testcase classname="User Model Validation should validate status enum" name="User Model Validation should validate status enum" time="0.015">
    </testcase>
    <testcase classname="User Model Password Hashing should hash password on save" name="User Model Password Hashing should hash password on save" time="0.478">
    </testcase>
    <testcase classname="User Model Password Hashing should not hash password if not modified" name="User Model Password Hashing should not hash password if not modified" time="0.294">
    </testcase>
    <testcase classname="User Model Profile Creation should require profileId when creating user" name="User Model Profile Creation should require profileId when creating user" time="0.004">
    </testcase>
    <testcase classname="User Model Profile Creation should work with valid profileId" name="User Model Profile Creation should work with valid profileId" time="0.28">
    </testcase>
    <testcase classname="User Model Meta Integration should create meta object automatically" name="User Model Meta Integration should create meta object automatically" time="0.272">
    </testcase>
    <testcase classname="User Model Meta Integration should delegate isLocked to meta" name="User Model Meta Integration should delegate isLocked to meta" time="0.283">
    </testcase>
    <testcase classname="User Model Meta Integration should delegate incLoginAttempts to meta" name="User Model Meta Integration should delegate incLoginAttempts to meta" time="0.305">
    </testcase>
    <testcase classname="User Model Meta Integration should delegate softDelete to meta" name="User Model Meta Integration should delegate softDelete to meta" time="0.285">
    </testcase>
    <testcase classname="User Model Meta Integration should delegate restore to meta" name="User Model Meta Integration should delegate restore to meta" time="0.33">
    </testcase>
    <testcase classname="User Model Instance Methods should compare password correctly" name="User Model Instance Methods should compare password correctly" time="0.858">
    </testcase>
    <testcase classname="User Model Static Methods should find by email" name="User Model Static Methods should find by email" time="0.273">
    </testcase>
    <testcase classname="User Model Static Methods should find active users" name="User Model Static Methods should find active users" time="0.533">
    </testcase>
    <testcase classname="User Model Static Methods should find non-deleted users" name="User Model Static Methods should find non-deleted users" time="0.532">
    </testcase>
    <testcase classname="User Model Virtuals should have fullName virtual" name="User Model Virtuals should have fullName virtual" time="0.264">
    </testcase>
    <testcase classname="User Model Indexes should have proper indexes" name="User Model Indexes should have proper indexes" time="0.004">
    </testcase>
    <testcase classname="User Model Edge Cases should handle missing meta gracefully" name="User Model Edge Cases should handle missing meta gracefully" time="0.004">
    </testcase>
    <testcase classname="User Model Edge Cases should handle validation errors gracefully" name="User Model Edge Cases should handle validation errors gracefully" time="0.002">
    </testcase>
  </testsuite>
  <testsuite name="Customer routes" errors="0" failures="11" skipped="0" timestamp="2025-08-19T18:25:13" time="11.451" tests="11">
    <testcase classname="Customer routes Authentication and Authorization should refuse access without token" name="Customer routes Authentication and Authorization should refuse access without token" time="0.075">
      <failure>Error: expect(received).toBe(expected) // Object.is equality

Expected: 401
Received: 500
    at Object.toBe (/Users/farid/Desktop/Projects/Team/YabaIT/KizunaTravelOS/apps/erp-api/src/routes/__test__/customer.route.test.js:22:26)
    at processTicksAndRejections (node:internal/process/task_queues:95:5)</failure>
    </testcase>
    <testcase classname="Customer routes Authentication and Authorization should refuse access with wrong role" name="Customer routes Authentication and Authorization should refuse access with wrong role" time="0.003">
      <failure>Error: expect(received).toBe(expected) // Object.is equality

Expected: 403
Received: 500
    at Object.toBe (/Users/farid/Desktop/Projects/Team/YabaIT/KizunaTravelOS/apps/erp-api/src/routes/__test__/customer.route.test.js:35:26)
    at processTicksAndRejections (node:internal/process/task_queues:95:5)</failure>
    </testcase>
    <testcase classname="Customer routes Authentication and Authorization should allow access with correct role" name="Customer routes Authentication and Authorization should allow access with correct role" time="0.003">
      <failure>Error: expect(received).toBe(expected) // Object.is equality

Expected: 200
Received: 500
    at Object.toBe (/Users/farid/Desktop/Projects/Team/YabaIT/KizunaTravelOS/apps/erp-api/src/routes/__test__/customer.route.test.js:54:26)
    at processTicksAndRejections (node:internal/process/task_queues:95:5)</failure>
    </testcase>
    <testcase classname="Customer routes Booking routes should handle GET /bookings" name="Customer routes Booking routes should handle GET /bookings" time="0.005">
      <failure>Error: expect(received).toBe(expected) // Object.is equality

Expected: 200
Received: 500
    at Object.toBe (/Users/farid/Desktop/Projects/Team/YabaIT/KizunaTravelOS/apps/erp-api/src/routes/__test__/customer.route.test.js:69:26)
    at processTicksAndRejections (node:internal/process/task_queues:95:5)</failure>
    </testcase>
    <testcase classname="Customer routes Booking routes should handle GET /bookings/:id" name="Customer routes Booking routes should handle GET /bookings/:id" time="0.007">
      <failure>Error: expect(received).toBe(expected) // Object.is equality

Expected: 200
Received: 400
    at Object.toBe (/Users/farid/Desktop/Projects/Team/YabaIT/KizunaTravelOS/apps/erp-api/src/routes/__test__/customer.route.test.js:82:26)
    at processTicksAndRejections (node:internal/process/task_queues:95:5)</failure>
    </testcase>
    <testcase classname="Customer routes Booking routes should handle POST /bookings" name="Customer routes Booking routes should handle POST /bookings" time="0.005">
      <failure>Error: expect(received).toBe(expected) // Object.is equality

Expected: 200
Received: 500
    at Object.toBe (/Users/farid/Desktop/Projects/Team/YabaIT/KizunaTravelOS/apps/erp-api/src/routes/__test__/customer.route.test.js:96:26)
    at processTicksAndRejections (node:internal/process/task_queues:95:5)</failure>
    </testcase>
    <testcase classname="Customer routes Booking routes should handle PUT /bookings/:id" name="Customer routes Booking routes should handle PUT /bookings/:id" time="0.004">
      <failure>Error: expect(received).toBe(expected) // Object.is equality

Expected: 200
Received: 400
    at Object.toBe (/Users/farid/Desktop/Projects/Team/YabaIT/KizunaTravelOS/apps/erp-api/src/routes/__test__/customer.route.test.js:110:26)
    at processTicksAndRejections (node:internal/process/task_queues:95:5)</failure>
    </testcase>
    <testcase classname="Customer routes Booking routes should handle DELETE /bookings/:id" name="Customer routes Booking routes should handle DELETE /bookings/:id" time="0.002">
      <failure>Error: expect(received).toBe(expected) // Object.is equality

Expected: 200
Received: 400
    at Object.toBe (/Users/farid/Desktop/Projects/Team/YabaIT/KizunaTravelOS/apps/erp-api/src/routes/__test__/customer.route.test.js:123:26)
    at processTicksAndRejections (node:internal/process/task_queues:95:5)</failure>
    </testcase>
    <testcase classname="Customer routes Journey routes should handle GET /journeys" name="Customer routes Journey routes should handle GET /journeys" time="5.001">
      <failure>Error: thrown: &quot;Exceeded timeout of 5000 ms for a test.
Add a timeout value to this test to increase the timeout, if this is a long-running test. See https://jestjs.io/docs/api#testname-fn-timeout.&quot;
    at it (/Users/farid/Desktop/Projects/Team/YabaIT/KizunaTravelOS/apps/erp-api/src/routes/__test__/customer.route.test.js:128:5)
    at _dispatchDescribe (/Users/farid/Desktop/Projects/Team/YabaIT/KizunaTravelOS/apps/erp-api/node_modules/jest-circus/build/jestAdapterInit.js:604:26)
    at describe (/Users/farid/Desktop/Projects/Team/YabaIT/KizunaTravelOS/apps/erp-api/node_modules/jest-circus/build/jestAdapterInit.js:572:44)
    at describe (/Users/farid/Desktop/Projects/Team/YabaIT/KizunaTravelOS/apps/erp-api/src/routes/__test__/customer.route.test.js:127:3)
    at _dispatchDescribe (/Users/farid/Desktop/Projects/Team/YabaIT/KizunaTravelOS/apps/erp-api/node_modules/jest-circus/build/jestAdapterInit.js:604:26)
    at describe (/Users/farid/Desktop/Projects/Team/YabaIT/KizunaTravelOS/apps/erp-api/node_modules/jest-circus/build/jestAdapterInit.js:572:44)
    at Object.describe (/Users/farid/Desktop/Projects/Team/YabaIT/KizunaTravelOS/apps/erp-api/src/routes/__test__/customer.route.test.js:18:1)
    at Runtime._execModule (/Users/farid/Desktop/Projects/Team/YabaIT/KizunaTravelOS/apps/erp-api/node_modules/jest-runtime/build/index.js:1264:24)
    at Runtime._loadModule (/Users/farid/Desktop/Projects/Team/YabaIT/KizunaTravelOS/apps/erp-api/node_modules/jest-runtime/build/index.js:940:12)
    at Runtime.requireModule (/Users/farid/Desktop/Projects/Team/YabaIT/KizunaTravelOS/apps/erp-api/node_modules/jest-runtime/build/index.js:828:12)
    at jestAdapter (/Users/farid/Desktop/Projects/Team/YabaIT/KizunaTravelOS/apps/erp-api/node_modules/jest-circus/build/runner.js:95:13)
    at processTicksAndRejections (node:internal/process/task_queues:95:5)
    at runTestInternal (/Users/farid/Desktop/Projects/Team/YabaIT/KizunaTravelOS/apps/erp-api/node_modules/jest-runner/build/testWorker.js:272:16)
    at runTest (/Users/farid/Desktop/Projects/Team/YabaIT/KizunaTravelOS/apps/erp-api/node_modules/jest-runner/build/testWorker.js:340:7)
    at Object.worker (/Users/farid/Desktop/Projects/Team/YabaIT/KizunaTravelOS/apps/erp-api/node_modules/jest-runner/build/testWorker.js:494:12)</failure>
    </testcase>
    <testcase classname="Customer routes Journey routes should handle GET /journeys/:id" name="Customer routes Journey routes should handle GET /journeys/:id" time="5.01">
      <failure>Error: thrown: &quot;Exceeded timeout of 5000 ms for a test.
Add a timeout value to this test to increase the timeout, if this is a long-running test. See https://jestjs.io/docs/api#testname-fn-timeout.&quot;
    at it (/Users/farid/Desktop/Projects/Team/YabaIT/KizunaTravelOS/apps/erp-api/src/routes/__test__/customer.route.test.js:141:5)
    at _dispatchDescribe (/Users/farid/Desktop/Projects/Team/YabaIT/KizunaTravelOS/apps/erp-api/node_modules/jest-circus/build/jestAdapterInit.js:604:26)
    at describe (/Users/farid/Desktop/Projects/Team/YabaIT/KizunaTravelOS/apps/erp-api/node_modules/jest-circus/build/jestAdapterInit.js:572:44)
    at describe (/Users/farid/Desktop/Projects/Team/YabaIT/KizunaTravelOS/apps/erp-api/src/routes/__test__/customer.route.test.js:127:3)
    at _dispatchDescribe (/Users/farid/Desktop/Projects/Team/YabaIT/KizunaTravelOS/apps/erp-api/node_modules/jest-circus/build/jestAdapterInit.js:604:26)
    at describe (/Users/farid/Desktop/Projects/Team/YabaIT/KizunaTravelOS/apps/erp-api/node_modules/jest-circus/build/jestAdapterInit.js:572:44)
    at Object.describe (/Users/farid/Desktop/Projects/Team/YabaIT/KizunaTravelOS/apps/erp-api/src/routes/__test__/customer.route.test.js:18:1)
    at Runtime._execModule (/Users/farid/Desktop/Projects/Team/YabaIT/KizunaTravelOS/apps/erp-api/node_modules/jest-runtime/build/index.js:1264:24)
    at Runtime._loadModule (/Users/farid/Desktop/Projects/Team/YabaIT/KizunaTravelOS/apps/erp-api/node_modules/jest-runtime/build/index.js:940:12)
    at Runtime.requireModule (/Users/farid/Desktop/Projects/Team/YabaIT/KizunaTravelOS/apps/erp-api/node_modules/jest-runtime/build/index.js:828:12)
    at jestAdapter (/Users/farid/Desktop/Projects/Team/YabaIT/KizunaTravelOS/apps/erp-api/node_modules/jest-circus/build/runner.js:95:13)
    at processTicksAndRejections (node:internal/process/task_queues:95:5)
    at runTestInternal (/Users/farid/Desktop/Projects/Team/YabaIT/KizunaTravelOS/apps/erp-api/node_modules/jest-runner/build/testWorker.js:272:16)
    at runTest (/Users/farid/Desktop/Projects/Team/YabaIT/KizunaTravelOS/apps/erp-api/node_modules/jest-runner/build/testWorker.js:340:7)
    at Object.worker (/Users/farid/Desktop/Projects/Team/YabaIT/KizunaTravelOS/apps/erp-api/node_modules/jest-runner/build/testWorker.js:494:12)</failure>
    </testcase>
    <testcase classname="Customer routes Account routes should handle DELETE /account" name="Customer routes Account routes should handle DELETE /account" time="0.027">
      <failure>Error: expect(received).toBe(expected) // Object.is equality

Expected: 200
Received: 500
    at Object.toBe (/Users/farid/Desktop/Projects/Team/YabaIT/KizunaTravelOS/apps/erp-api/src/routes/__test__/customer.route.test.js:166:26)
    at processTicksAndRejections (node:internal/process/task_queues:95:5)</failure>
    </testcase>
  </testsuite>
  <testsuite name="Booking Model" errors="0" failures="0" skipped="0" timestamp="2025-08-19T18:25:15" time="13.469" tests="25">
    <testcase classname="Booking Model Schema Definition should create a booking with required fields" name="Booking Model Schema Definition should create a booking with required fields" time="0.624">
    </testcase>
    <testcase classname="Booking Model Schema Definition should set default values correctly" name="Booking Model Schema Definition should set default values correctly" time="0.628">
    </testcase>
    <testcase classname="Booking Model Validation should require customerId" name="Booking Model Validation should require customerId" time="0.593">
    </testcase>
    <testcase classname="Booking Model Validation should require journeyId" name="Booking Model Validation should require journeyId" time="0.539">
    </testcase>
    <testcase classname="Booking Model Validation should require travelDate" name="Booking Model Validation should require travelDate" time="0.533">
    </testcase>
    <testcase classname="Booking Model Validation should require passengers" name="Booking Model Validation should require passengers" time="0.532">
    </testcase>
    <testcase classname="Booking Model Validation should require basePrice" name="Booking Model Validation should require basePrice" time="0.523">
    </testcase>
    <testcase classname="Booking Model Validation should validate basePrice minimum value" name="Booking Model Validation should validate basePrice minimum value" time="0.508">
    </testcase>
    <testcase classname="Booking Model Validation should validate discount minimum value" name="Booking Model Validation should validate discount minimum value" time="0.51">
    </testcase>
    <testcase classname="Booking Model Validation should validate status enum" name="Booking Model Validation should validate status enum" time="0.529">
    </testcase>
    <testcase classname="Booking Model Validation should validate paymentStatus enum" name="Booking Model Validation should validate paymentStatus enum" time="0.529">
    </testcase>
    <testcase classname="Booking Model Validation should validate passenger information" name="Booking Model Validation should validate passenger information" time="0.51">
    </testcase>
    <testcase classname="Booking Model Virtuals should calculate duration correctly" name="Booking Model Virtuals should calculate duration correctly" time="0.521">
    </testcase>
    <testcase classname="Booking Model Virtuals should calculate passenger count correctly" name="Booking Model Virtuals should calculate passenger count correctly" time="0.518">
    </testcase>
    <testcase classname="Booking Model Instance Methods should cancel booking correctly" name="Booking Model Instance Methods should cancel booking correctly" time="0.518">
    </testcase>
    <testcase classname="Booking Model Instance Methods should process payment correctly" name="Booking Model Instance Methods should process payment correctly" time="0.52">
    </testcase>
    <testcase classname="Booking Model Static Methods should get booking statistics" name="Booking Model Static Methods should get booking statistics" time="0.527">
    </testcase>
    <testcase classname="Booking Model Pre-save Middleware should update meta timestamps and version" name="Booking Model Pre-save Middleware should update meta timestamps and version" time="0.525">
    </testcase>
    <testcase classname="Booking Model Pre-save Middleware should calculate total price on save" name="Booking Model Pre-save Middleware should calculate total price on save" time="0.519">
    </testcase>
    <testcase classname="Booking Model Pre-find Middleware should exclude deleted records by default" name="Booking Model Pre-find Middleware should exclude deleted records by default" time="0.523">
    </testcase>
    <testcase classname="Booking Model Pre-find Middleware should include deleted records when explicitly requested" name="Booking Model Pre-find Middleware should include deleted records when explicitly requested" time="0.519">
    </testcase>
    <testcase classname="Booking Model Edge Cases should handle complex passenger information" name="Booking Model Edge Cases should handle complex passenger information" time="0.518">
    </testcase>
    <testcase classname="Booking Model Edge Cases should handle missing optional fields gracefully" name="Booking Model Edge Cases should handle missing optional fields gracefully" time="0.518">
    </testcase>
    <testcase classname="Booking Model Edge Cases should handle future travel dates" name="Booking Model Edge Cases should handle future travel dates" time="0.517">
    </testcase>
    <testcase classname="Booking Model Edge Cases should handle past travel dates" name="Booking Model Edge Cases should handle past travel dates" time="0.52">
    </testcase>
  </testsuite>
</testsuites>