<?xml version="1.0" encoding="UTF-8"?>
<testsuites name="jest tests" tests="227" failures="95" errors="0" time="5.036">
  <testsuite name="Rate Limiter Middleware" errors="0" failures="17" skipped="0" timestamp="2025-08-17T22:26:59" time="0.904" tests="26">
    <testcase classname="Rate Limiter Middleware createRateLimiter should create rate limiter with default options" name="Rate Limiter Middleware createRateLimiter should create rate limiter with default options" time="0.016">
    </testcase>
    <testcase classname="Rate Limiter Middleware createRateLimiter should create rate limiter with custom options" name="Rate Limiter Middleware createRateLimiter should create rate limiter with custom options" time="0.008">
    </testcase>
    <testcase classname="Rate Limiter Middleware createRateLimiter should handle custom keyGenerator function" name="Rate Limiter Middleware createRateLimiter should handle custom keyGenerator function" time="0.002">
    </testcase>
    <testcase classname="Rate Limiter Middleware Client Identification should use IP address when user is not authenticated" name="Rate Limiter Middleware Client Identification should use IP address when user is not authenticated" time="0.005">
      <failure>Error: expect(jest.fn()).toHaveBeenCalledWith(...expected)

Expected: &quot;/mock/logs/path&quot;, StringContaining &quot;\&quot;clientId\&quot;:\&quot;192.168.1.1\&quot;&quot;, &quot;utf8&quot;
Received
       1: &quot;/mock/logs/path&quot;, &quot;{
  \&quot;type\&quot;: \&quot;RATE_LIMIT_CHECK\&quot;,
  \&quot;clientId\&quot;: \&quot;192.168.1.1\&quot;,
  \&quot;ip\&quot;: \&quot;192.168.1.1\&quot;,
  \&quot;method\&quot;: \&quot;GET\&quot;,
  \&quot;url\&quot;: \&quot;/test\&quot;,
  \&quot;count\&quot;: 2,
  \&quot;max\&quot;: 1,
  \&quot;windowMs\&quot;: 900000,
  \&quot;resetTime\&quot;: \&quot;2025-08-17T22:42:00.553Z\&quot;,
  \&quot;isLimitExceeded\&quot;: true,
  \&quot;timestamp\&quot;: \&quot;2025-08-17T22:27:00.569Z\&quot;
}
&quot;, &quot;utf8&quot;
       2: &quot;/mock/logs/path&quot;, &quot;{
  \&quot;type\&quot;: \&quot;RATE_LIMIT_EXCEEDED\&quot;,
  \&quot;clientId\&quot;: \&quot;192.168.1.1\&quot;,
  \&quot;ip\&quot;: \&quot;192.168.1.1\&quot;,
  \&quot;method\&quot;: \&quot;GET\&quot;,
  \&quot;url\&quot;: \&quot;/test\&quot;,
  \&quot;count\&quot;: 2,
  \&quot;max\&quot;: 1,
  \&quot;windowMs\&quot;: 900000,
  \&quot;resetTime\&quot;: \&quot;2025-08-17T22:42:00.553Z\&quot;,
  \&quot;timestamp\&quot;: \&quot;2025-08-17T22:27:00.569Z\&quot;
}
&quot;, &quot;utf8&quot;

Number of calls: 2
    at Object.toHaveBeenCalledWith (/Users/farid/Desktop/Projects/Team/YabaIT/KizunaTravelOS/apps/erp-api/src/middlewares/__test__/rateLimiter.test.js:98:33)
    at Promise.finally.completed (/Users/farid/Desktop/Projects/Team/YabaIT/KizunaTravelOS/apps/erp-api/node_modules/jest-circus/build/jestAdapterInit.js:1559:28)
    at new Promise (&lt;anonymous&gt;)
    at callAsyncCircusFn (/Users/farid/Desktop/Projects/Team/YabaIT/KizunaTravelOS/apps/erp-api/node_modules/jest-circus/build/jestAdapterInit.js:1499:10)
    at _callCircusTest (/Users/farid/Desktop/Projects/Team/YabaIT/KizunaTravelOS/apps/erp-api/node_modules/jest-circus/build/jestAdapterInit.js:1009:40)
    at processTicksAndRejections (node:internal/process/task_queues:95:5)
    at _runTest (/Users/farid/Desktop/Projects/Team/YabaIT/KizunaTravelOS/apps/erp-api/node_modules/jest-circus/build/jestAdapterInit.js:949:3)
    at _runTestsForDescribeBlock (/Users/farid/Desktop/Projects/Team/YabaIT/KizunaTravelOS/apps/erp-api/node_modules/jest-circus/build/jestAdapterInit.js:839:13)
    at _runTestsForDescribeBlock (/Users/farid/Desktop/Projects/Team/YabaIT/KizunaTravelOS/apps/erp-api/node_modules/jest-circus/build/jestAdapterInit.js:829:11)
    at _runTestsForDescribeBlock (/Users/farid/Desktop/Projects/Team/YabaIT/KizunaTravelOS/apps/erp-api/node_modules/jest-circus/build/jestAdapterInit.js:829:11)
    at run (/Users/farid/Desktop/Projects/Team/YabaIT/KizunaTravelOS/apps/erp-api/node_modules/jest-circus/build/jestAdapterInit.js:757:3)
    at runAndTransformResultsToJestFormat (/Users/farid/Desktop/Projects/Team/YabaIT/KizunaTravelOS/apps/erp-api/node_modules/jest-circus/build/jestAdapterInit.js:1920:21)
    at jestAdapter (/Users/farid/Desktop/Projects/Team/YabaIT/KizunaTravelOS/apps/erp-api/node_modules/jest-circus/build/runner.js:101:19)
    at runTestInternal (/Users/farid/Desktop/Projects/Team/YabaIT/KizunaTravelOS/apps/erp-api/node_modules/jest-runner/build/testWorker.js:272:16)
    at runTest (/Users/farid/Desktop/Projects/Team/YabaIT/KizunaTravelOS/apps/erp-api/node_modules/jest-runner/build/testWorker.js:340:7)
    at Object.worker (/Users/farid/Desktop/Projects/Team/YabaIT/KizunaTravelOS/apps/erp-api/node_modules/jest-runner/build/testWorker.js:494:12)</failure>
    </testcase>
    <testcase classname="Rate Limiter Middleware Client Identification should use IP:userId when user is authenticated" name="Rate Limiter Middleware Client Identification should use IP:userId when user is authenticated" time="0.002">
      <failure>Error: expect(jest.fn()).toHaveBeenCalledWith(...expected)

Expected: &quot;/mock/logs/path&quot;, StringContaining &quot;\&quot;clientId\&quot;:\&quot;192.168.1.1:user123\&quot;&quot;, &quot;utf8&quot;
Received
       1: &quot;/mock/logs/path&quot;, &quot;{
  \&quot;type\&quot;: \&quot;RATE_LIMIT_CHECK\&quot;,
  \&quot;clientId\&quot;: \&quot;192.168.1.1:user123\&quot;,
  \&quot;ip\&quot;: \&quot;192.168.1.1\&quot;,
  \&quot;userId\&quot;: \&quot;user123\&quot;,
  \&quot;method\&quot;: \&quot;GET\&quot;,
  \&quot;url\&quot;: \&quot;/test\&quot;,
  \&quot;count\&quot;: 1,
  \&quot;max\&quot;: 1,
  \&quot;windowMs\&quot;: 900000,
  \&quot;resetTime\&quot;: \&quot;2025-08-17T22:42:00.606Z\&quot;,
  \&quot;isLimitExceeded\&quot;: false,
  \&quot;timestamp\&quot;: \&quot;2025-08-17T22:27:00.606Z\&quot;
}
&quot;, &quot;utf8&quot;
       2: &quot;/mock/logs/path&quot;, &quot;{
  \&quot;type\&quot;: \&quot;RATE_LIMIT_SUCCESS\&quot;,
  \&quot;clientId\&quot;: \&quot;192.168.1.1:user123\&quot;,
  \&quot;ip\&quot;: \&quot;192.168.1.1\&quot;,
  \&quot;userId\&quot;: \&quot;user123\&quot;,
  \&quot;method\&quot;: \&quot;GET\&quot;,
  \&quot;url\&quot;: \&quot;/test\&quot;,
  \&quot;count\&quot;: 1,
  \&quot;max\&quot;: 1,
  \&quot;remaining\&quot;: 0,
  \&quot;windowMs\&quot;: 900000,
  \&quot;resetTime\&quot;: \&quot;2025-08-17T22:42:00.606Z\&quot;,
  \&quot;timestamp\&quot;: \&quot;2025-08-17T22:27:00.606Z\&quot;,
  \&quot;duration\&quot;: \&quot;0ms\&quot;
}
&quot;, &quot;utf8&quot;

Number of calls: 2
    at Object.toHaveBeenCalledWith (/Users/farid/Desktop/Projects/Team/YabaIT/KizunaTravelOS/apps/erp-api/src/middlewares/__test__/rateLimiter.test.js:111:33)
    at Promise.finally.completed (/Users/farid/Desktop/Projects/Team/YabaIT/KizunaTravelOS/apps/erp-api/node_modules/jest-circus/build/jestAdapterInit.js:1559:28)
    at new Promise (&lt;anonymous&gt;)
    at callAsyncCircusFn (/Users/farid/Desktop/Projects/Team/YabaIT/KizunaTravelOS/apps/erp-api/node_modules/jest-circus/build/jestAdapterInit.js:1499:10)
    at _callCircusTest (/Users/farid/Desktop/Projects/Team/YabaIT/KizunaTravelOS/apps/erp-api/node_modules/jest-circus/build/jestAdapterInit.js:1009:40)
    at processTicksAndRejections (node:internal/process/task_queues:95:5)
    at _runTest (/Users/farid/Desktop/Projects/Team/YabaIT/KizunaTravelOS/apps/erp-api/node_modules/jest-circus/build/jestAdapterInit.js:949:3)
    at _runTestsForDescribeBlock (/Users/farid/Desktop/Projects/Team/YabaIT/KizunaTravelOS/apps/erp-api/node_modules/jest-circus/build/jestAdapterInit.js:839:13)
    at _runTestsForDescribeBlock (/Users/farid/Desktop/Projects/Team/YabaIT/KizunaTravelOS/apps/erp-api/node_modules/jest-circus/build/jestAdapterInit.js:829:11)
    at _runTestsForDescribeBlock (/Users/farid/Desktop/Projects/Team/YabaIT/KizunaTravelOS/apps/erp-api/node_modules/jest-circus/build/jestAdapterInit.js:829:11)
    at run (/Users/farid/Desktop/Projects/Team/YabaIT/KizunaTravelOS/apps/erp-api/node_modules/jest-circus/build/jestAdapterInit.js:757:3)
    at runAndTransformResultsToJestFormat (/Users/farid/Desktop/Projects/Team/YabaIT/KizunaTravelOS/apps/erp-api/node_modules/jest-circus/build/jestAdapterInit.js:1920:21)
    at jestAdapter (/Users/farid/Desktop/Projects/Team/YabaIT/KizunaTravelOS/apps/erp-api/node_modules/jest-circus/build/runner.js:101:19)
    at runTestInternal (/Users/farid/Desktop/Projects/Team/YabaIT/KizunaTravelOS/apps/erp-api/node_modules/jest-runner/build/testWorker.js:272:16)
    at runTest (/Users/farid/Desktop/Projects/Team/YabaIT/KizunaTravelOS/apps/erp-api/node_modules/jest-runner/build/testWorker.js:340:7)
    at Object.worker (/Users/farid/Desktop/Projects/Team/YabaIT/KizunaTravelOS/apps/erp-api/node_modules/jest-runner/build/testWorker.js:494:12)</failure>
    </testcase>
    <testcase classname="Rate Limiter Middleware Client Identification should fallback to connection.remoteAddress when x-forwarded-for is not available" name="Rate Limiter Middleware Client Identification should fallback to connection.remoteAddress when x-forwarded-for is not available" time="0.001">
      <failure>Error: expect(jest.fn()).toHaveBeenCalledWith(...expected)

Expected: &quot;/mock/logs/path&quot;, StringContaining &quot;\&quot;clientId\&quot;:\&quot;192.168.1.1\&quot;&quot;, &quot;utf8&quot;
Received
       1: &quot;/mock/logs/path&quot;, &quot;{
  \&quot;type\&quot;: \&quot;RATE_LIMIT_CHECK\&quot;,
  \&quot;clientId\&quot;: \&quot;192.168.1.1\&quot;,
  \&quot;ip\&quot;: \&quot;192.168.1.1\&quot;,
  \&quot;method\&quot;: \&quot;GET\&quot;,
  \&quot;url\&quot;: \&quot;/test\&quot;,
  \&quot;count\&quot;: 3,
  \&quot;max\&quot;: 1,
  \&quot;windowMs\&quot;: 900000,
  \&quot;resetTime\&quot;: \&quot;2025-08-17T22:42:00.553Z\&quot;,
  \&quot;isLimitExceeded\&quot;: true,
  \&quot;timestamp\&quot;: \&quot;2025-08-17T22:27:00.607Z\&quot;
}
&quot;, &quot;utf8&quot;
       2: &quot;/mock/logs/path&quot;, &quot;{
  \&quot;type\&quot;: \&quot;RATE_LIMIT_EXCEEDED\&quot;,
  \&quot;clientId\&quot;: \&quot;192.168.1.1\&quot;,
  \&quot;ip\&quot;: \&quot;192.168.1.1\&quot;,
  \&quot;method\&quot;: \&quot;GET\&quot;,
  \&quot;url\&quot;: \&quot;/test\&quot;,
  \&quot;count\&quot;: 3,
  \&quot;max\&quot;: 1,
  \&quot;windowMs\&quot;: 900000,
  \&quot;resetTime\&quot;: \&quot;2025-08-17T22:42:00.553Z\&quot;,
  \&quot;timestamp\&quot;: \&quot;2025-08-17T22:27:00.607Z\&quot;
}
&quot;, &quot;utf8&quot;

Number of calls: 2
    at Object.toHaveBeenCalledWith (/Users/farid/Desktop/Projects/Team/YabaIT/KizunaTravelOS/apps/erp-api/src/middlewares/__test__/rateLimiter.test.js:124:33)
    at Promise.finally.completed (/Users/farid/Desktop/Projects/Team/YabaIT/KizunaTravelOS/apps/erp-api/node_modules/jest-circus/build/jestAdapterInit.js:1559:28)
    at new Promise (&lt;anonymous&gt;)
    at callAsyncCircusFn (/Users/farid/Desktop/Projects/Team/YabaIT/KizunaTravelOS/apps/erp-api/node_modules/jest-circus/build/jestAdapterInit.js:1499:10)
    at _callCircusTest (/Users/farid/Desktop/Projects/Team/YabaIT/KizunaTravelOS/apps/erp-api/node_modules/jest-circus/build/jestAdapterInit.js:1009:40)
    at processTicksAndRejections (node:internal/process/task_queues:95:5)
    at _runTest (/Users/farid/Desktop/Projects/Team/YabaIT/KizunaTravelOS/apps/erp-api/node_modules/jest-circus/build/jestAdapterInit.js:949:3)
    at _runTestsForDescribeBlock (/Users/farid/Desktop/Projects/Team/YabaIT/KizunaTravelOS/apps/erp-api/node_modules/jest-circus/build/jestAdapterInit.js:839:13)
    at _runTestsForDescribeBlock (/Users/farid/Desktop/Projects/Team/YabaIT/KizunaTravelOS/apps/erp-api/node_modules/jest-circus/build/jestAdapterInit.js:829:11)
    at _runTestsForDescribeBlock (/Users/farid/Desktop/Projects/Team/YabaIT/KizunaTravelOS/apps/erp-api/node_modules/jest-circus/build/jestAdapterInit.js:829:11)
    at run (/Users/farid/Desktop/Projects/Team/YabaIT/KizunaTravelOS/apps/erp-api/node_modules/jest-circus/build/jestAdapterInit.js:757:3)
    at runAndTransformResultsToJestFormat (/Users/farid/Desktop/Projects/Team/YabaIT/KizunaTravelOS/apps/erp-api/node_modules/jest-circus/build/jestAdapterInit.js:1920:21)
    at jestAdapter (/Users/farid/Desktop/Projects/Team/YabaIT/KizunaTravelOS/apps/erp-api/node_modules/jest-circus/build/runner.js:101:19)
    at runTestInternal (/Users/farid/Desktop/Projects/Team/YabaIT/KizunaTravelOS/apps/erp-api/node_modules/jest-runner/build/testWorker.js:272:16)
    at runTest (/Users/farid/Desktop/Projects/Team/YabaIT/KizunaTravelOS/apps/erp-api/node_modules/jest-runner/build/testWorker.js:340:7)
    at Object.worker (/Users/farid/Desktop/Projects/Team/YabaIT/KizunaTravelOS/apps/erp-api/node_modules/jest-runner/build/testWorker.js:494:12)</failure>
    </testcase>
    <testcase classname="Rate Limiter Middleware Rate Limiting Logic should allow requests within limit" name="Rate Limiter Middleware Rate Limiting Logic should allow requests within limit" time="0.001">
      <failure>Error: expect(jest.fn()).toHaveBeenCalled()

Expected number of calls: &gt;= 1
Received number of calls:    0
    at Object.toHaveBeenCalled (/Users/farid/Desktop/Projects/Team/YabaIT/KizunaTravelOS/apps/erp-api/src/middlewares/__test__/rateLimiter.test.js:138:24)
    at Promise.finally.completed (/Users/farid/Desktop/Projects/Team/YabaIT/KizunaTravelOS/apps/erp-api/node_modules/jest-circus/build/jestAdapterInit.js:1559:28)
    at new Promise (&lt;anonymous&gt;)
    at callAsyncCircusFn (/Users/farid/Desktop/Projects/Team/YabaIT/KizunaTravelOS/apps/erp-api/node_modules/jest-circus/build/jestAdapterInit.js:1499:10)
    at _callCircusTest (/Users/farid/Desktop/Projects/Team/YabaIT/KizunaTravelOS/apps/erp-api/node_modules/jest-circus/build/jestAdapterInit.js:1009:40)
    at processTicksAndRejections (node:internal/process/task_queues:95:5)
    at _runTest (/Users/farid/Desktop/Projects/Team/YabaIT/KizunaTravelOS/apps/erp-api/node_modules/jest-circus/build/jestAdapterInit.js:949:3)
    at _runTestsForDescribeBlock (/Users/farid/Desktop/Projects/Team/YabaIT/KizunaTravelOS/apps/erp-api/node_modules/jest-circus/build/jestAdapterInit.js:839:13)
    at _runTestsForDescribeBlock (/Users/farid/Desktop/Projects/Team/YabaIT/KizunaTravelOS/apps/erp-api/node_modules/jest-circus/build/jestAdapterInit.js:829:11)
    at _runTestsForDescribeBlock (/Users/farid/Desktop/Projects/Team/YabaIT/KizunaTravelOS/apps/erp-api/node_modules/jest-circus/build/jestAdapterInit.js:829:11)
    at run (/Users/farid/Desktop/Projects/Team/YabaIT/KizunaTravelOS/apps/erp-api/node_modules/jest-circus/build/jestAdapterInit.js:757:3)
    at runAndTransformResultsToJestFormat (/Users/farid/Desktop/Projects/Team/YabaIT/KizunaTravelOS/apps/erp-api/node_modules/jest-circus/build/jestAdapterInit.js:1920:21)
    at jestAdapter (/Users/farid/Desktop/Projects/Team/YabaIT/KizunaTravelOS/apps/erp-api/node_modules/jest-circus/build/runner.js:101:19)
    at runTestInternal (/Users/farid/Desktop/Projects/Team/YabaIT/KizunaTravelOS/apps/erp-api/node_modules/jest-runner/build/testWorker.js:272:16)
    at runTest (/Users/farid/Desktop/Projects/Team/YabaIT/KizunaTravelOS/apps/erp-api/node_modules/jest-runner/build/testWorker.js:340:7)
    at Object.worker (/Users/farid/Desktop/Projects/Team/YabaIT/KizunaTravelOS/apps/erp-api/node_modules/jest-runner/build/testWorker.js:494:12)</failure>
    </testcase>
    <testcase classname="Rate Limiter Middleware Rate Limiting Logic should block requests when limit is exceeded" name="Rate Limiter Middleware Rate Limiting Logic should block requests when limit is exceeded" time="0.001">
      <failure>Error: expect(jest.fn()).toHaveBeenCalled()

Expected number of calls: &gt;= 1
Received number of calls:    0
    at Object.toHaveBeenCalled (/Users/farid/Desktop/Projects/Team/YabaIT/KizunaTravelOS/apps/erp-api/src/middlewares/__test__/rateLimiter.test.js:156:24)
    at Promise.finally.completed (/Users/farid/Desktop/Projects/Team/YabaIT/KizunaTravelOS/apps/erp-api/node_modules/jest-circus/build/jestAdapterInit.js:1559:28)
    at new Promise (&lt;anonymous&gt;)
    at callAsyncCircusFn (/Users/farid/Desktop/Projects/Team/YabaIT/KizunaTravelOS/apps/erp-api/node_modules/jest-circus/build/jestAdapterInit.js:1499:10)
    at _callCircusTest (/Users/farid/Desktop/Projects/Team/YabaIT/KizunaTravelOS/apps/erp-api/node_modules/jest-circus/build/jestAdapterInit.js:1009:40)
    at processTicksAndRejections (node:internal/process/task_queues:95:5)
    at _runTest (/Users/farid/Desktop/Projects/Team/YabaIT/KizunaTravelOS/apps/erp-api/node_modules/jest-circus/build/jestAdapterInit.js:949:3)
    at _runTestsForDescribeBlock (/Users/farid/Desktop/Projects/Team/YabaIT/KizunaTravelOS/apps/erp-api/node_modules/jest-circus/build/jestAdapterInit.js:839:13)
    at _runTestsForDescribeBlock (/Users/farid/Desktop/Projects/Team/YabaIT/KizunaTravelOS/apps/erp-api/node_modules/jest-circus/build/jestAdapterInit.js:829:11)
    at _runTestsForDescribeBlock (/Users/farid/Desktop/Projects/Team/YabaIT/KizunaTravelOS/apps/erp-api/node_modules/jest-circus/build/jestAdapterInit.js:829:11)
    at run (/Users/farid/Desktop/Projects/Team/YabaIT/KizunaTravelOS/apps/erp-api/node_modules/jest-circus/build/jestAdapterInit.js:757:3)
    at runAndTransformResultsToJestFormat (/Users/farid/Desktop/Projects/Team/YabaIT/KizunaTravelOS/apps/erp-api/node_modules/jest-circus/build/jestAdapterInit.js:1920:21)
    at jestAdapter (/Users/farid/Desktop/Projects/Team/YabaIT/KizunaTravelOS/apps/erp-api/node_modules/jest-circus/build/runner.js:101:19)
    at runTestInternal (/Users/farid/Desktop/Projects/Team/YabaIT/KizunaTravelOS/apps/erp-api/node_modules/jest-runner/build/testWorker.js:272:16)
    at runTest (/Users/farid/Desktop/Projects/Team/YabaIT/KizunaTravelOS/apps/erp-api/node_modules/jest-runner/build/testWorker.js:340:7)
    at Object.worker (/Users/farid/Desktop/Projects/Team/YabaIT/KizunaTravelOS/apps/erp-api/node_modules/jest-runner/build/testWorker.js:494:12)</failure>
    </testcase>
    <testcase classname="Rate Limiter Middleware Rate Limiting Logic should reset counter after window expires" name="Rate Limiter Middleware Rate Limiting Logic should reset counter after window expires" time="0">
      <failure>Error: expect(jest.fn()).toHaveBeenCalled()

Expected number of calls: &gt;= 1
Received number of calls:    0
    at Object.toHaveBeenCalled (/Users/farid/Desktop/Projects/Team/YabaIT/KizunaTravelOS/apps/erp-api/src/middlewares/__test__/rateLimiter.test.js:183:24)
    at Promise.finally.completed (/Users/farid/Desktop/Projects/Team/YabaIT/KizunaTravelOS/apps/erp-api/node_modules/jest-circus/build/jestAdapterInit.js:1559:28)
    at new Promise (&lt;anonymous&gt;)
    at callAsyncCircusFn (/Users/farid/Desktop/Projects/Team/YabaIT/KizunaTravelOS/apps/erp-api/node_modules/jest-circus/build/jestAdapterInit.js:1499:10)
    at _callCircusTest (/Users/farid/Desktop/Projects/Team/YabaIT/KizunaTravelOS/apps/erp-api/node_modules/jest-circus/build/jestAdapterInit.js:1009:40)
    at processTicksAndRejections (node:internal/process/task_queues:95:5)
    at _runTest (/Users/farid/Desktop/Projects/Team/YabaIT/KizunaTravelOS/apps/erp-api/node_modules/jest-circus/build/jestAdapterInit.js:949:3)
    at _runTestsForDescribeBlock (/Users/farid/Desktop/Projects/Team/YabaIT/KizunaTravelOS/apps/erp-api/node_modules/jest-circus/build/jestAdapterInit.js:839:13)
    at _runTestsForDescribeBlock (/Users/farid/Desktop/Projects/Team/YabaIT/KizunaTravelOS/apps/erp-api/node_modules/jest-circus/build/jestAdapterInit.js:829:11)
    at _runTestsForDescribeBlock (/Users/farid/Desktop/Projects/Team/YabaIT/KizunaTravelOS/apps/erp-api/node_modules/jest-circus/build/jestAdapterInit.js:829:11)
    at run (/Users/farid/Desktop/Projects/Team/YabaIT/KizunaTravelOS/apps/erp-api/node_modules/jest-circus/build/jestAdapterInit.js:757:3)
    at runAndTransformResultsToJestFormat (/Users/farid/Desktop/Projects/Team/YabaIT/KizunaTravelOS/apps/erp-api/node_modules/jest-circus/build/jestAdapterInit.js:1920:21)
    at jestAdapter (/Users/farid/Desktop/Projects/Team/YabaIT/KizunaTravelOS/apps/erp-api/node_modules/jest-circus/build/runner.js:101:19)
    at runTestInternal (/Users/farid/Desktop/Projects/Team/YabaIT/KizunaTravelOS/apps/erp-api/node_modules/jest-runner/build/testWorker.js:272:16)
    at runTest (/Users/farid/Desktop/Projects/Team/YabaIT/KizunaTravelOS/apps/erp-api/node_modules/jest-runner/build/testWorker.js:340:7)
    at Object.worker (/Users/farid/Desktop/Projects/Team/YabaIT/KizunaTravelOS/apps/erp-api/node_modules/jest-runner/build/testWorker.js:494:12)</failure>
    </testcase>
    <testcase classname="Rate Limiter Middleware Rate Limit Headers should set standard rate limit headers" name="Rate Limiter Middleware Rate Limit Headers should set standard rate limit headers" time="0">
      <failure>Error: expect(jest.fn()).toHaveBeenCalledWith(...expected)

Expected: &quot;X-RateLimit-Remaining&quot;, 4
Received
       1: &quot;X-RateLimit-Limit&quot;, 5
       2: &quot;X-RateLimit-Remaining&quot;, 0
       3: &quot;X-RateLimit-Reset&quot;, &quot;2025-08-17T22:42:00.553Z&quot;

Number of calls: 3
    at Object.toHaveBeenCalledWith (/Users/farid/Desktop/Projects/Team/YabaIT/KizunaTravelOS/apps/erp-api/src/middlewares/__test__/rateLimiter.test.js:209:27)
    at Promise.finally.completed (/Users/farid/Desktop/Projects/Team/YabaIT/KizunaTravelOS/apps/erp-api/node_modules/jest-circus/build/jestAdapterInit.js:1559:28)
    at new Promise (&lt;anonymous&gt;)
    at callAsyncCircusFn (/Users/farid/Desktop/Projects/Team/YabaIT/KizunaTravelOS/apps/erp-api/node_modules/jest-circus/build/jestAdapterInit.js:1499:10)
    at _callCircusTest (/Users/farid/Desktop/Projects/Team/YabaIT/KizunaTravelOS/apps/erp-api/node_modules/jest-circus/build/jestAdapterInit.js:1009:40)
    at processTicksAndRejections (node:internal/process/task_queues:95:5)
    at _runTest (/Users/farid/Desktop/Projects/Team/YabaIT/KizunaTravelOS/apps/erp-api/node_modules/jest-circus/build/jestAdapterInit.js:949:3)
    at _runTestsForDescribeBlock (/Users/farid/Desktop/Projects/Team/YabaIT/KizunaTravelOS/apps/erp-api/node_modules/jest-circus/build/jestAdapterInit.js:839:13)
    at _runTestsForDescribeBlock (/Users/farid/Desktop/Projects/Team/YabaIT/KizunaTravelOS/apps/erp-api/node_modules/jest-circus/build/jestAdapterInit.js:829:11)
    at _runTestsForDescribeBlock (/Users/farid/Desktop/Projects/Team/YabaIT/KizunaTravelOS/apps/erp-api/node_modules/jest-circus/build/jestAdapterInit.js:829:11)
    at run (/Users/farid/Desktop/Projects/Team/YabaIT/KizunaTravelOS/apps/erp-api/node_modules/jest-circus/build/jestAdapterInit.js:757:3)
    at runAndTransformResultsToJestFormat (/Users/farid/Desktop/Projects/Team/YabaIT/KizunaTravelOS/apps/erp-api/node_modules/jest-circus/build/jestAdapterInit.js:1920:21)
    at jestAdapter (/Users/farid/Desktop/Projects/Team/YabaIT/KizunaTravelOS/apps/erp-api/node_modules/jest-circus/build/runner.js:101:19)
    at runTestInternal (/Users/farid/Desktop/Projects/Team/YabaIT/KizunaTravelOS/apps/erp-api/node_modules/jest-runner/build/testWorker.js:272:16)
    at runTest (/Users/farid/Desktop/Projects/Team/YabaIT/KizunaTravelOS/apps/erp-api/node_modules/jest-runner/build/testWorker.js:340:7)
    at Object.worker (/Users/farid/Desktop/Projects/Team/YabaIT/KizunaTravelOS/apps/erp-api/node_modules/jest-runner/build/testWorker.js:494:12)</failure>
    </testcase>
    <testcase classname="Rate Limiter Middleware Rate Limit Headers should set legacy rate limit headers when enabled" name="Rate Limiter Middleware Rate Limit Headers should set legacy rate limit headers when enabled" time="0">
      <failure>Error: expect(jest.fn()).toHaveBeenCalledWith(...expected)

Expected: &quot;X-RateLimit-Remaining&quot;, 4
Received
       1: &quot;X-RateLimit-Limit&quot;, 5
       2: &quot;X-RateLimit-Remaining&quot;, 0
       3: &quot;X-RateLimit-Reset&quot;, &quot;2025-08-17T22:42:00.553Z&quot;

Number of calls: 6
    at Object.toHaveBeenCalledWith (/Users/farid/Desktop/Projects/Team/YabaIT/KizunaTravelOS/apps/erp-api/src/middlewares/__test__/rateLimiter.test.js:223:27)
    at Promise.finally.completed (/Users/farid/Desktop/Projects/Team/YabaIT/KizunaTravelOS/apps/erp-api/node_modules/jest-circus/build/jestAdapterInit.js:1559:28)
    at new Promise (&lt;anonymous&gt;)
    at callAsyncCircusFn (/Users/farid/Desktop/Projects/Team/YabaIT/KizunaTravelOS/apps/erp-api/node_modules/jest-circus/build/jestAdapterInit.js:1499:10)
    at _callCircusTest (/Users/farid/Desktop/Projects/Team/YabaIT/KizunaTravelOS/apps/erp-api/node_modules/jest-circus/build/jestAdapterInit.js:1009:40)
    at processTicksAndRejections (node:internal/process/task_queues:95:5)
    at _runTest (/Users/farid/Desktop/Projects/Team/YabaIT/KizunaTravelOS/apps/erp-api/node_modules/jest-circus/build/jestAdapterInit.js:949:3)
    at _runTestsForDescribeBlock (/Users/farid/Desktop/Projects/Team/YabaIT/KizunaTravelOS/apps/erp-api/node_modules/jest-circus/build/jestAdapterInit.js:839:13)
    at _runTestsForDescribeBlock (/Users/farid/Desktop/Projects/Team/YabaIT/KizunaTravelOS/apps/erp-api/node_modules/jest-circus/build/jestAdapterInit.js:829:11)
    at _runTestsForDescribeBlock (/Users/farid/Desktop/Projects/Team/YabaIT/KizunaTravelOS/apps/erp-api/node_modules/jest-circus/build/jestAdapterInit.js:829:11)
    at run (/Users/farid/Desktop/Projects/Team/YabaIT/KizunaTravelOS/apps/erp-api/node_modules/jest-circus/build/jestAdapterInit.js:757:3)
    at runAndTransformResultsToJestFormat (/Users/farid/Desktop/Projects/Team/YabaIT/KizunaTravelOS/apps/erp-api/node_modules/jest-circus/build/jestAdapterInit.js:1920:21)
    at jestAdapter (/Users/farid/Desktop/Projects/Team/YabaIT/KizunaTravelOS/apps/erp-api/node_modules/jest-circus/build/runner.js:101:19)
    at runTestInternal (/Users/farid/Desktop/Projects/Team/YabaIT/KizunaTravelOS/apps/erp-api/node_modules/jest-runner/build/testWorker.js:272:16)
    at runTest (/Users/farid/Desktop/Projects/Team/YabaIT/KizunaTravelOS/apps/erp-api/node_modules/jest-runner/build/testWorker.js:340:7)
    at Object.worker (/Users/farid/Desktop/Projects/Team/YabaIT/KizunaTravelOS/apps/erp-api/node_modules/jest-runner/build/testWorker.js:494:12)</failure>
    </testcase>
    <testcase classname="Rate Limiter Middleware Rate Limit Headers should set remaining to 0 when limit is exceeded" name="Rate Limiter Middleware Rate Limit Headers should set remaining to 0 when limit is exceeded" time="0.001">
    </testcase>
    <testcase classname="Rate Limiter Middleware Predefined Rate Limiters strict should have correct default settings" name="Rate Limiter Middleware Predefined Rate Limiters strict should have correct default settings" time="0">
      <failure>Error: expect(jest.fn()).toHaveBeenCalled()

Expected number of calls: &gt;= 1
Received number of calls:    0
    at Object.toHaveBeenCalled (/Users/farid/Desktop/Projects/Team/YabaIT/KizunaTravelOS/apps/erp-api/src/middlewares/__test__/rateLimiter.test.js:244:28)
    at Promise.finally.completed (/Users/farid/Desktop/Projects/Team/YabaIT/KizunaTravelOS/apps/erp-api/node_modules/jest-circus/build/jestAdapterInit.js:1559:28)
    at new Promise (&lt;anonymous&gt;)
    at callAsyncCircusFn (/Users/farid/Desktop/Projects/Team/YabaIT/KizunaTravelOS/apps/erp-api/node_modules/jest-circus/build/jestAdapterInit.js:1499:10)
    at _callCircusTest (/Users/farid/Desktop/Projects/Team/YabaIT/KizunaTravelOS/apps/erp-api/node_modules/jest-circus/build/jestAdapterInit.js:1009:40)
    at processTicksAndRejections (node:internal/process/task_queues:95:5)
    at _runTest (/Users/farid/Desktop/Projects/Team/YabaIT/KizunaTravelOS/apps/erp-api/node_modules/jest-circus/build/jestAdapterInit.js:949:3)
    at _runTestsForDescribeBlock (/Users/farid/Desktop/Projects/Team/YabaIT/KizunaTravelOS/apps/erp-api/node_modules/jest-circus/build/jestAdapterInit.js:839:13)
    at _runTestsForDescribeBlock (/Users/farid/Desktop/Projects/Team/YabaIT/KizunaTravelOS/apps/erp-api/node_modules/jest-circus/build/jestAdapterInit.js:829:11)
    at _runTestsForDescribeBlock (/Users/farid/Desktop/Projects/Team/YabaIT/KizunaTravelOS/apps/erp-api/node_modules/jest-circus/build/jestAdapterInit.js:829:11)
    at _runTestsForDescribeBlock (/Users/farid/Desktop/Projects/Team/YabaIT/KizunaTravelOS/apps/erp-api/node_modules/jest-circus/build/jestAdapterInit.js:829:11)
    at run (/Users/farid/Desktop/Projects/Team/YabaIT/KizunaTravelOS/apps/erp-api/node_modules/jest-circus/build/jestAdapterInit.js:757:3)
    at runAndTransformResultsToJestFormat (/Users/farid/Desktop/Projects/Team/YabaIT/KizunaTravelOS/apps/erp-api/node_modules/jest-circus/build/jestAdapterInit.js:1920:21)
    at jestAdapter (/Users/farid/Desktop/Projects/Team/YabaIT/KizunaTravelOS/apps/erp-api/node_modules/jest-circus/build/runner.js:101:19)
    at runTestInternal (/Users/farid/Desktop/Projects/Team/YabaIT/KizunaTravelOS/apps/erp-api/node_modules/jest-runner/build/testWorker.js:272:16)
    at runTest (/Users/farid/Desktop/Projects/Team/YabaIT/KizunaTravelOS/apps/erp-api/node_modules/jest-runner/build/testWorker.js:340:7)
    at Object.worker (/Users/farid/Desktop/Projects/Team/YabaIT/KizunaTravelOS/apps/erp-api/node_modules/jest-runner/build/testWorker.js:494:12)</failure>
    </testcase>
    <testcase classname="Rate Limiter Middleware Predefined Rate Limiters standard should have correct default settings" name="Rate Limiter Middleware Predefined Rate Limiters standard should have correct default settings" time="0.013">
      <failure>Error: expect(jest.fn()).toHaveBeenCalled()

Expected number of calls: &gt;= 1
Received number of calls:    0
    at Object.toHaveBeenCalled (/Users/farid/Desktop/Projects/Team/YabaIT/KizunaTravelOS/apps/erp-api/src/middlewares/__test__/rateLimiter.test.js:266:28)
    at Promise.finally.completed (/Users/farid/Desktop/Projects/Team/YabaIT/KizunaTravelOS/apps/erp-api/node_modules/jest-circus/build/jestAdapterInit.js:1559:28)
    at new Promise (&lt;anonymous&gt;)
    at callAsyncCircusFn (/Users/farid/Desktop/Projects/Team/YabaIT/KizunaTravelOS/apps/erp-api/node_modules/jest-circus/build/jestAdapterInit.js:1499:10)
    at _callCircusTest (/Users/farid/Desktop/Projects/Team/YabaIT/KizunaTravelOS/apps/erp-api/node_modules/jest-circus/build/jestAdapterInit.js:1009:40)
    at processTicksAndRejections (node:internal/process/task_queues:95:5)
    at _runTest (/Users/farid/Desktop/Projects/Team/YabaIT/KizunaTravelOS/apps/erp-api/node_modules/jest-circus/build/jestAdapterInit.js:949:3)
    at _runTestsForDescribeBlock (/Users/farid/Desktop/Projects/Team/YabaIT/KizunaTravelOS/apps/erp-api/node_modules/jest-circus/build/jestAdapterInit.js:839:13)
    at _runTestsForDescribeBlock (/Users/farid/Desktop/Projects/Team/YabaIT/KizunaTravelOS/apps/erp-api/node_modules/jest-circus/build/jestAdapterInit.js:829:11)
    at _runTestsForDescribeBlock (/Users/farid/Desktop/Projects/Team/YabaIT/KizunaTravelOS/apps/erp-api/node_modules/jest-circus/build/jestAdapterInit.js:829:11)
    at _runTestsForDescribeBlock (/Users/farid/Desktop/Projects/Team/YabaIT/KizunaTravelOS/apps/erp-api/node_modules/jest-circus/build/jestAdapterInit.js:829:11)
    at run (/Users/farid/Desktop/Projects/Team/YabaIT/KizunaTravelOS/apps/erp-api/node_modules/jest-circus/build/jestAdapterInit.js:757:3)
    at runAndTransformResultsToJestFormat (/Users/farid/Desktop/Projects/Team/YabaIT/KizunaTravelOS/apps/erp-api/node_modules/jest-circus/build/jestAdapterInit.js:1920:21)
    at jestAdapter (/Users/farid/Desktop/Projects/Team/YabaIT/KizunaTravelOS/apps/erp-api/node_modules/jest-circus/build/runner.js:101:19)
    at runTestInternal (/Users/farid/Desktop/Projects/Team/YabaIT/KizunaTravelOS/apps/erp-api/node_modules/jest-runner/build/testWorker.js:272:16)
    at runTest (/Users/farid/Desktop/Projects/Team/YabaIT/KizunaTravelOS/apps/erp-api/node_modules/jest-runner/build/testWorker.js:340:7)
    at Object.worker (/Users/farid/Desktop/Projects/Team/YabaIT/KizunaTravelOS/apps/erp-api/node_modules/jest-runner/build/testWorker.js:494:12)</failure>
    </testcase>
    <testcase classname="Rate Limiter Middleware Predefined Rate Limiters loose should have correct default settings" name="Rate Limiter Middleware Predefined Rate Limiters loose should have correct default settings" time="0.005">
    </testcase>
    <testcase classname="Rate Limiter Middleware Predefined Rate Limiters api should use user ID when authenticated" name="Rate Limiter Middleware Predefined Rate Limiters api should use user ID when authenticated" time="0">
      <failure>Error: expect(jest.fn()).toHaveBeenCalledWith(...expected)

Expected: &quot;/mock/logs/path&quot;, StringContaining &quot;\&quot;clientId\&quot;:\&quot;192.168.1.1:user123\&quot;&quot;, &quot;utf8&quot;
Received
       1: &quot;/mock/logs/path&quot;, &quot;{
  \&quot;type\&quot;: \&quot;RATE_LIMIT_CHECK\&quot;,
  \&quot;clientId\&quot;: \&quot;user123\&quot;,
  \&quot;ip\&quot;: \&quot;192.168.1.1\&quot;,
  \&quot;userId\&quot;: \&quot;user123\&quot;,
  \&quot;method\&quot;: \&quot;GET\&quot;,
  \&quot;url\&quot;: \&quot;/test\&quot;,
  \&quot;count\&quot;: 1,
  \&quot;max\&quot;: 1000,
  \&quot;windowMs\&quot;: 900000,
  \&quot;resetTime\&quot;: \&quot;2025-08-17T22:42:00.633Z\&quot;,
  \&quot;isLimitExceeded\&quot;: false,
  \&quot;timestamp\&quot;: \&quot;2025-08-17T22:27:00.633Z\&quot;
}
&quot;, &quot;utf8&quot;
       2: &quot;/mock/logs/path&quot;, &quot;{
  \&quot;type\&quot;: \&quot;RATE_LIMIT_SUCCESS\&quot;,
  \&quot;clientId\&quot;: \&quot;user123\&quot;,
  \&quot;ip\&quot;: \&quot;192.168.1.1\&quot;,
  \&quot;userId\&quot;: \&quot;user123\&quot;,
  \&quot;method\&quot;: \&quot;GET\&quot;,
  \&quot;url\&quot;: \&quot;/test\&quot;,
  \&quot;count\&quot;: 1,
  \&quot;max\&quot;: 1000,
  \&quot;remaining\&quot;: 999,
  \&quot;windowMs\&quot;: 900000,
  \&quot;resetTime\&quot;: \&quot;2025-08-17T22:42:00.633Z\&quot;,
  \&quot;timestamp\&quot;: \&quot;2025-08-17T22:27:00.633Z\&quot;,
  \&quot;duration\&quot;: \&quot;0ms\&quot;
}
&quot;, &quot;utf8&quot;

Number of calls: 2
    at Object.toHaveBeenCalledWith (/Users/farid/Desktop/Projects/Team/YabaIT/KizunaTravelOS/apps/erp-api/src/middlewares/__test__/rateLimiter.test.js:299:35)
    at Promise.finally.completed (/Users/farid/Desktop/Projects/Team/YabaIT/KizunaTravelOS/apps/erp-api/node_modules/jest-circus/build/jestAdapterInit.js:1559:28)
    at new Promise (&lt;anonymous&gt;)
    at callAsyncCircusFn (/Users/farid/Desktop/Projects/Team/YabaIT/KizunaTravelOS/apps/erp-api/node_modules/jest-circus/build/jestAdapterInit.js:1499:10)
    at _callCircusTest (/Users/farid/Desktop/Projects/Team/YabaIT/KizunaTravelOS/apps/erp-api/node_modules/jest-circus/build/jestAdapterInit.js:1009:40)
    at processTicksAndRejections (node:internal/process/task_queues:95:5)
    at _runTest (/Users/farid/Desktop/Projects/Team/YabaIT/KizunaTravelOS/apps/erp-api/node_modules/jest-circus/build/jestAdapterInit.js:949:3)
    at _runTestsForDescribeBlock (/Users/farid/Desktop/Projects/Team/YabaIT/KizunaTravelOS/apps/erp-api/node_modules/jest-circus/build/jestAdapterInit.js:839:13)
    at _runTestsForDescribeBlock (/Users/farid/Desktop/Projects/Team/YabaIT/KizunaTravelOS/apps/erp-api/node_modules/jest-circus/build/jestAdapterInit.js:829:11)
    at _runTestsForDescribeBlock (/Users/farid/Desktop/Projects/Team/YabaIT/KizunaTravelOS/apps/erp-api/node_modules/jest-circus/build/jestAdapterInit.js:829:11)
    at _runTestsForDescribeBlock (/Users/farid/Desktop/Projects/Team/YabaIT/KizunaTravelOS/apps/erp-api/node_modules/jest-circus/build/jestAdapterInit.js:829:11)
    at run (/Users/farid/Desktop/Projects/Team/YabaIT/KizunaTravelOS/apps/erp-api/node_modules/jest-circus/build/jestAdapterInit.js:757:3)
    at runAndTransformResultsToJestFormat (/Users/farid/Desktop/Projects/Team/YabaIT/KizunaTravelOS/apps/erp-api/node_modules/jest-circus/build/jestAdapterInit.js:1920:21)
    at jestAdapter (/Users/farid/Desktop/Projects/Team/YabaIT/KizunaTravelOS/apps/erp-api/node_modules/jest-circus/build/runner.js:101:19)
    at runTestInternal (/Users/farid/Desktop/Projects/Team/YabaIT/KizunaTravelOS/apps/erp-api/node_modules/jest-runner/build/testWorker.js:272:16)
    at runTest (/Users/farid/Desktop/Projects/Team/YabaIT/KizunaTravelOS/apps/erp-api/node_modules/jest-runner/build/testWorker.js:340:7)
    at Object.worker (/Users/farid/Desktop/Projects/Team/YabaIT/KizunaTravelOS/apps/erp-api/node_modules/jest-runner/build/testWorker.js:494:12)</failure>
    </testcase>
    <testcase classname="Rate Limiter Middleware Predefined Rate Limiters api should fallback to IP when not authenticated" name="Rate Limiter Middleware Predefined Rate Limiters api should fallback to IP when not authenticated" time="0.001">
      <failure>Error: expect(jest.fn()).toHaveBeenCalledWith(...expected)

Expected: &quot;/mock/logs/path&quot;, StringContaining &quot;\&quot;clientId\&quot;:\&quot;192.168.1.1\&quot;&quot;, &quot;utf8&quot;
Received
       1: &quot;/mock/logs/path&quot;, &quot;{
  \&quot;type\&quot;: \&quot;RATE_LIMIT_CHECK\&quot;,
  \&quot;clientId\&quot;: \&quot;192.168.1.1\&quot;,
  \&quot;ip\&quot;: \&quot;192.168.1.1\&quot;,
  \&quot;method\&quot;: \&quot;GET\&quot;,
  \&quot;url\&quot;: \&quot;/test\&quot;,
  \&quot;count\&quot;: 202,
  \&quot;max\&quot;: 1000,
  \&quot;windowMs\&quot;: 900000,
  \&quot;resetTime\&quot;: \&quot;2025-08-17T22:42:00.553Z\&quot;,
  \&quot;isLimitExceeded\&quot;: false,
  \&quot;timestamp\&quot;: \&quot;2025-08-17T22:27:00.633Z\&quot;
}
&quot;, &quot;utf8&quot;
       2: &quot;/mock/logs/path&quot;, &quot;{
  \&quot;type\&quot;: \&quot;RATE_LIMIT_SUCCESS\&quot;,
  \&quot;clientId\&quot;: \&quot;192.168.1.1\&quot;,
  \&quot;ip\&quot;: \&quot;192.168.1.1\&quot;,
  \&quot;method\&quot;: \&quot;GET\&quot;,
  \&quot;url\&quot;: \&quot;/test\&quot;,
  \&quot;count\&quot;: 202,
  \&quot;max\&quot;: 1000,
  \&quot;remaining\&quot;: 798,
  \&quot;windowMs\&quot;: 900000,
  \&quot;resetTime\&quot;: \&quot;2025-08-17T22:42:00.553Z\&quot;,
  \&quot;timestamp\&quot;: \&quot;2025-08-17T22:27:00.633Z\&quot;,
  \&quot;duration\&quot;: \&quot;0ms\&quot;
}
&quot;, &quot;utf8&quot;

Number of calls: 2
    at Object.toHaveBeenCalledWith (/Users/farid/Desktop/Projects/Team/YabaIT/KizunaTravelOS/apps/erp-api/src/middlewares/__test__/rateLimiter.test.js:311:35)
    at Promise.finally.completed (/Users/farid/Desktop/Projects/Team/YabaIT/KizunaTravelOS/apps/erp-api/node_modules/jest-circus/build/jestAdapterInit.js:1559:28)
    at new Promise (&lt;anonymous&gt;)
    at callAsyncCircusFn (/Users/farid/Desktop/Projects/Team/YabaIT/KizunaTravelOS/apps/erp-api/node_modules/jest-circus/build/jestAdapterInit.js:1499:10)
    at _callCircusTest (/Users/farid/Desktop/Projects/Team/YabaIT/KizunaTravelOS/apps/erp-api/node_modules/jest-circus/build/jestAdapterInit.js:1009:40)
    at processTicksAndRejections (node:internal/process/task_queues:95:5)
    at _runTest (/Users/farid/Desktop/Projects/Team/YabaIT/KizunaTravelOS/apps/erp-api/node_modules/jest-circus/build/jestAdapterInit.js:949:3)
    at _runTestsForDescribeBlock (/Users/farid/Desktop/Projects/Team/YabaIT/KizunaTravelOS/apps/erp-api/node_modules/jest-circus/build/jestAdapterInit.js:839:13)
    at _runTestsForDescribeBlock (/Users/farid/Desktop/Projects/Team/YabaIT/KizunaTravelOS/apps/erp-api/node_modules/jest-circus/build/jestAdapterInit.js:829:11)
    at _runTestsForDescribeBlock (/Users/farid/Desktop/Projects/Team/YabaIT/KizunaTravelOS/apps/erp-api/node_modules/jest-circus/build/jestAdapterInit.js:829:11)
    at _runTestsForDescribeBlock (/Users/farid/Desktop/Projects/Team/YabaIT/KizunaTravelOS/apps/erp-api/node_modules/jest-circus/build/jestAdapterInit.js:829:11)
    at run (/Users/farid/Desktop/Projects/Team/YabaIT/KizunaTravelOS/apps/erp-api/node_modules/jest-circus/build/jestAdapterInit.js:757:3)
    at runAndTransformResultsToJestFormat (/Users/farid/Desktop/Projects/Team/YabaIT/KizunaTravelOS/apps/erp-api/node_modules/jest-circus/build/jestAdapterInit.js:1920:21)
    at jestAdapter (/Users/farid/Desktop/Projects/Team/YabaIT/KizunaTravelOS/apps/erp-api/node_modules/jest-circus/build/runner.js:101:19)
    at runTestInternal (/Users/farid/Desktop/Projects/Team/YabaIT/KizunaTravelOS/apps/erp-api/node_modules/jest-runner/build/testWorker.js:272:16)
    at runTest (/Users/farid/Desktop/Projects/Team/YabaIT/KizunaTravelOS/apps/erp-api/node_modules/jest-runner/build/testWorker.js:340:7)
    at Object.worker (/Users/farid/Desktop/Projects/Team/YabaIT/KizunaTravelOS/apps/erp-api/node_modules/jest-runner/build/testWorker.js:494:12)</failure>
    </testcase>
    <testcase classname="Rate Limiter Middleware Logging should log rate limit checks" name="Rate Limiter Middleware Logging should log rate limit checks" time="0">
      <failure>Error: expect(jest.fn()).toHaveBeenCalledWith(...expected)

Expected: &quot;/mock/logs/path&quot;, StringContaining &quot;\&quot;type\&quot;:\&quot;RATE_LIMIT_CHECK\&quot;&quot;, &quot;utf8&quot;
Received
       1: &quot;/mock/logs/path&quot;, &quot;{
  \&quot;type\&quot;: \&quot;RATE_LIMIT_CHECK\&quot;,
  \&quot;clientId\&quot;: \&quot;192.168.1.1\&quot;,
  \&quot;ip\&quot;: \&quot;192.168.1.1\&quot;,
  \&quot;method\&quot;: \&quot;GET\&quot;,
  \&quot;url\&quot;: \&quot;/test\&quot;,
  \&quot;count\&quot;: 203,
  \&quot;max\&quot;: 1,
  \&quot;windowMs\&quot;: 900000,
  \&quot;resetTime\&quot;: \&quot;2025-08-17T22:42:00.553Z\&quot;,
  \&quot;isLimitExceeded\&quot;: true,
  \&quot;timestamp\&quot;: \&quot;2025-08-17T22:27:00.634Z\&quot;
}
&quot;, &quot;utf8&quot;
       2: &quot;/mock/logs/path&quot;, &quot;{
  \&quot;type\&quot;: \&quot;RATE_LIMIT_EXCEEDED\&quot;,
  \&quot;clientId\&quot;: \&quot;192.168.1.1\&quot;,
  \&quot;ip\&quot;: \&quot;192.168.1.1\&quot;,
  \&quot;method\&quot;: \&quot;GET\&quot;,
  \&quot;url\&quot;: \&quot;/test\&quot;,
  \&quot;count\&quot;: 203,
  \&quot;max\&quot;: 1,
  \&quot;windowMs\&quot;: 900000,
  \&quot;resetTime\&quot;: \&quot;2025-08-17T22:42:00.553Z\&quot;,
  \&quot;timestamp\&quot;: \&quot;2025-08-17T22:27:00.634Z\&quot;
}
&quot;, &quot;utf8&quot;

Number of calls: 2
    at Object.toHaveBeenCalledWith (/Users/farid/Desktop/Projects/Team/YabaIT/KizunaTravelOS/apps/erp-api/src/middlewares/__test__/rateLimiter.test.js:326:33)
    at Promise.finally.completed (/Users/farid/Desktop/Projects/Team/YabaIT/KizunaTravelOS/apps/erp-api/node_modules/jest-circus/build/jestAdapterInit.js:1559:28)
    at new Promise (&lt;anonymous&gt;)
    at callAsyncCircusFn (/Users/farid/Desktop/Projects/Team/YabaIT/KizunaTravelOS/apps/erp-api/node_modules/jest-circus/build/jestAdapterInit.js:1499:10)
    at _callCircusTest (/Users/farid/Desktop/Projects/Team/YabaIT/KizunaTravelOS/apps/erp-api/node_modules/jest-circus/build/jestAdapterInit.js:1009:40)
    at processTicksAndRejections (node:internal/process/task_queues:95:5)
    at _runTest (/Users/farid/Desktop/Projects/Team/YabaIT/KizunaTravelOS/apps/erp-api/node_modules/jest-circus/build/jestAdapterInit.js:949:3)
    at _runTestsForDescribeBlock (/Users/farid/Desktop/Projects/Team/YabaIT/KizunaTravelOS/apps/erp-api/node_modules/jest-circus/build/jestAdapterInit.js:839:13)
    at _runTestsForDescribeBlock (/Users/farid/Desktop/Projects/Team/YabaIT/KizunaTravelOS/apps/erp-api/node_modules/jest-circus/build/jestAdapterInit.js:829:11)
    at _runTestsForDescribeBlock (/Users/farid/Desktop/Projects/Team/YabaIT/KizunaTravelOS/apps/erp-api/node_modules/jest-circus/build/jestAdapterInit.js:829:11)
    at run (/Users/farid/Desktop/Projects/Team/YabaIT/KizunaTravelOS/apps/erp-api/node_modules/jest-circus/build/jestAdapterInit.js:757:3)
    at runAndTransformResultsToJestFormat (/Users/farid/Desktop/Projects/Team/YabaIT/KizunaTravelOS/apps/erp-api/node_modules/jest-circus/build/jestAdapterInit.js:1920:21)
    at jestAdapter (/Users/farid/Desktop/Projects/Team/YabaIT/KizunaTravelOS/apps/erp-api/node_modules/jest-circus/build/runner.js:101:19)
    at runTestInternal (/Users/farid/Desktop/Projects/Team/YabaIT/KizunaTravelOS/apps/erp-api/node_modules/jest-runner/build/testWorker.js:272:16)
    at runTest (/Users/farid/Desktop/Projects/Team/YabaIT/KizunaTravelOS/apps/erp-api/node_modules/jest-runner/build/testWorker.js:340:7)
    at Object.worker (/Users/farid/Desktop/Projects/Team/YabaIT/KizunaTravelOS/apps/erp-api/node_modules/jest-runner/build/testWorker.js:494:12)</failure>
    </testcase>
    <testcase classname="Rate Limiter Middleware Logging should log rate limit exceeded events" name="Rate Limiter Middleware Logging should log rate limit exceeded events" time="0">
      <failure>Error: expect(jest.fn()).toHaveBeenCalledWith(...expected)

Expected: &quot;/mock/logs/path&quot;, StringContaining &quot;\&quot;type\&quot;:\&quot;RATE_LIMIT_EXCEEDED\&quot;&quot;, &quot;utf8&quot;
Received
       1: &quot;/mock/logs/path&quot;, &quot;{
  \&quot;type\&quot;: \&quot;RATE_LIMIT_CHECK\&quot;,
  \&quot;clientId\&quot;: \&quot;192.168.1.1\&quot;,
  \&quot;ip\&quot;: \&quot;192.168.1.1\&quot;,
  \&quot;method\&quot;: \&quot;GET\&quot;,
  \&quot;url\&quot;: \&quot;/test\&quot;,
  \&quot;count\&quot;: 204,
  \&quot;max\&quot;: 1,
  \&quot;windowMs\&quot;: 900000,
  \&quot;resetTime\&quot;: \&quot;2025-08-17T22:42:00.553Z\&quot;,
  \&quot;isLimitExceeded\&quot;: true,
  \&quot;timestamp\&quot;: \&quot;2025-08-17T22:27:00.635Z\&quot;
}
&quot;, &quot;utf8&quot;
       2: &quot;/mock/logs/path&quot;, &quot;{
  \&quot;type\&quot;: \&quot;RATE_LIMIT_EXCEEDED\&quot;,
  \&quot;clientId\&quot;: \&quot;192.168.1.1\&quot;,
  \&quot;ip\&quot;: \&quot;192.168.1.1\&quot;,
  \&quot;method\&quot;: \&quot;GET\&quot;,
  \&quot;url\&quot;: \&quot;/test\&quot;,
  \&quot;count\&quot;: 204,
  \&quot;max\&quot;: 1,
  \&quot;windowMs\&quot;: 900000,
  \&quot;resetTime\&quot;: \&quot;2025-08-17T22:42:00.553Z\&quot;,
  \&quot;timestamp\&quot;: \&quot;2025-08-17T22:27:00.635Z\&quot;
}
&quot;, &quot;utf8&quot;
       3: &quot;/mock/logs/path&quot;, &quot;{
  \&quot;type\&quot;: \&quot;RATE_LIMIT_CHECK\&quot;,
  \&quot;clientId\&quot;: \&quot;192.168.1.1\&quot;,
  \&quot;ip\&quot;: \&quot;192.168.1.1\&quot;,
  \&quot;method\&quot;: \&quot;GET\&quot;,
  \&quot;url\&quot;: \&quot;/test\&quot;,
  \&quot;count\&quot;: 205,
  \&quot;max\&quot;: 1,
  \&quot;windowMs\&quot;: 900000,
  \&quot;resetTime\&quot;: \&quot;2025-08-17T22:42:00.553Z\&quot;,
  \&quot;isLimitExceeded\&quot;: true,
  \&quot;timestamp\&quot;: \&quot;2025-08-17T22:27:00.635Z\&quot;
}
&quot;, &quot;utf8&quot;

Number of calls: 4
    at Object.toHaveBeenCalledWith (/Users/farid/Desktop/Projects/Team/YabaIT/KizunaTravelOS/apps/erp-api/src/middlewares/__test__/rateLimiter.test.js:343:33)
    at Promise.finally.completed (/Users/farid/Desktop/Projects/Team/YabaIT/KizunaTravelOS/apps/erp-api/node_modules/jest-circus/build/jestAdapterInit.js:1559:28)
    at new Promise (&lt;anonymous&gt;)
    at callAsyncCircusFn (/Users/farid/Desktop/Projects/Team/YabaIT/KizunaTravelOS/apps/erp-api/node_modules/jest-circus/build/jestAdapterInit.js:1499:10)
    at _callCircusTest (/Users/farid/Desktop/Projects/Team/YabaIT/KizunaTravelOS/apps/erp-api/node_modules/jest-circus/build/jestAdapterInit.js:1009:40)
    at processTicksAndRejections (node:internal/process/task_queues:95:5)
    at _runTest (/Users/farid/Desktop/Projects/Team/YabaIT/KizunaTravelOS/apps/erp-api/node_modules/jest-circus/build/jestAdapterInit.js:949:3)
    at _runTestsForDescribeBlock (/Users/farid/Desktop/Projects/Team/YabaIT/KizunaTravelOS/apps/erp-api/node_modules/jest-circus/build/jestAdapterInit.js:839:13)
    at _runTestsForDescribeBlock (/Users/farid/Desktop/Projects/Team/YabaIT/KizunaTravelOS/apps/erp-api/node_modules/jest-circus/build/jestAdapterInit.js:829:11)
    at _runTestsForDescribeBlock (/Users/farid/Desktop/Projects/Team/YabaIT/KizunaTravelOS/apps/erp-api/node_modules/jest-circus/build/jestAdapterInit.js:829:11)
    at run (/Users/farid/Desktop/Projects/Team/YabaIT/KizunaTravelOS/apps/erp-api/node_modules/jest-circus/build/jestAdapterInit.js:757:3)
    at runAndTransformResultsToJestFormat (/Users/farid/Desktop/Projects/Team/YabaIT/KizunaTravelOS/apps/erp-api/node_modules/jest-circus/build/jestAdapterInit.js:1920:21)
    at jestAdapter (/Users/farid/Desktop/Projects/Team/YabaIT/KizunaTravelOS/apps/erp-api/node_modules/jest-circus/build/runner.js:101:19)
    at runTestInternal (/Users/farid/Desktop/Projects/Team/YabaIT/KizunaTravelOS/apps/erp-api/node_modules/jest-runner/build/testWorker.js:272:16)
    at runTest (/Users/farid/Desktop/Projects/Team/YabaIT/KizunaTravelOS/apps/erp-api/node_modules/jest-runner/build/testWorker.js:340:7)
    at Object.worker (/Users/farid/Desktop/Projects/Team/YabaIT/KizunaTravelOS/apps/erp-api/node_modules/jest-runner/build/testWorker.js:494:12)</failure>
    </testcase>
    <testcase classname="Rate Limiter Middleware Logging should log successful rate limit checks" name="Rate Limiter Middleware Logging should log successful rate limit checks" time="0.001">
      <failure>Error: expect(jest.fn()).toHaveBeenCalledWith(...expected)

Expected: &quot;/mock/logs/path&quot;, StringContaining &quot;\&quot;type\&quot;:\&quot;RATE_LIMIT_SUCCESS\&quot;&quot;, &quot;utf8&quot;
Received
       1: &quot;/mock/logs/path&quot;, &quot;{
  \&quot;type\&quot;: \&quot;RATE_LIMIT_CHECK\&quot;,
  \&quot;clientId\&quot;: \&quot;192.168.1.1\&quot;,
  \&quot;ip\&quot;: \&quot;192.168.1.1\&quot;,
  \&quot;method\&quot;: \&quot;GET\&quot;,
  \&quot;url\&quot;: \&quot;/test\&quot;,
  \&quot;count\&quot;: 206,
  \&quot;max\&quot;: 1,
  \&quot;windowMs\&quot;: 900000,
  \&quot;resetTime\&quot;: \&quot;2025-08-17T22:42:00.553Z\&quot;,
  \&quot;isLimitExceeded\&quot;: true,
  \&quot;timestamp\&quot;: \&quot;2025-08-17T22:27:00.635Z\&quot;
}
&quot;, &quot;utf8&quot;
       2: &quot;/mock/logs/path&quot;, &quot;{
  \&quot;type\&quot;: \&quot;RATE_LIMIT_EXCEEDED\&quot;,
  \&quot;clientId\&quot;: \&quot;192.168.1.1\&quot;,
  \&quot;ip\&quot;: \&quot;192.168.1.1\&quot;,
  \&quot;method\&quot;: \&quot;GET\&quot;,
  \&quot;url\&quot;: \&quot;/test\&quot;,
  \&quot;count\&quot;: 206,
  \&quot;max\&quot;: 1,
  \&quot;windowMs\&quot;: 900000,
  \&quot;resetTime\&quot;: \&quot;2025-08-17T22:42:00.553Z\&quot;,
  \&quot;timestamp\&quot;: \&quot;2025-08-17T22:27:00.635Z\&quot;
}
&quot;, &quot;utf8&quot;

Number of calls: 2
    at Object.toHaveBeenCalledWith (/Users/farid/Desktop/Projects/Team/YabaIT/KizunaTravelOS/apps/erp-api/src/middlewares/__test__/rateLimiter.test.js:355:33)
    at Promise.finally.completed (/Users/farid/Desktop/Projects/Team/YabaIT/KizunaTravelOS/apps/erp-api/node_modules/jest-circus/build/jestAdapterInit.js:1559:28)
    at new Promise (&lt;anonymous&gt;)
    at callAsyncCircusFn (/Users/farid/Desktop/Projects/Team/YabaIT/KizunaTravelOS/apps/erp-api/node_modules/jest-circus/build/jestAdapterInit.js:1499:10)
    at _callCircusTest (/Users/farid/Desktop/Projects/Team/YabaIT/KizunaTravelOS/apps/erp-api/node_modules/jest-circus/build/jestAdapterInit.js:1009:40)
    at processTicksAndRejections (node:internal/process/task_queues:95:5)
    at _runTest (/Users/farid/Desktop/Projects/Team/YabaIT/KizunaTravelOS/apps/erp-api/node_modules/jest-circus/build/jestAdapterInit.js:949:3)
    at _runTestsForDescribeBlock (/Users/farid/Desktop/Projects/Team/YabaIT/KizunaTravelOS/apps/erp-api/node_modules/jest-circus/build/jestAdapterInit.js:839:13)
    at _runTestsForDescribeBlock (/Users/farid/Desktop/Projects/Team/YabaIT/KizunaTravelOS/apps/erp-api/node_modules/jest-circus/build/jestAdapterInit.js:829:11)
    at _runTestsForDescribeBlock (/Users/farid/Desktop/Projects/Team/YabaIT/KizunaTravelOS/apps/erp-api/node_modules/jest-circus/build/jestAdapterInit.js:829:11)
    at run (/Users/farid/Desktop/Projects/Team/YabaIT/KizunaTravelOS/apps/erp-api/node_modules/jest-circus/build/jestAdapterInit.js:757:3)
    at runAndTransformResultsToJestFormat (/Users/farid/Desktop/Projects/Team/YabaIT/KizunaTravelOS/apps/erp-api/node_modules/jest-circus/build/jestAdapterInit.js:1920:21)
    at jestAdapter (/Users/farid/Desktop/Projects/Team/YabaIT/KizunaTravelOS/apps/erp-api/node_modules/jest-circus/build/runner.js:101:19)
    at runTestInternal (/Users/farid/Desktop/Projects/Team/YabaIT/KizunaTravelOS/apps/erp-api/node_modules/jest-runner/build/testWorker.js:272:16)
    at runTest (/Users/farid/Desktop/Projects/Team/YabaIT/KizunaTravelOS/apps/erp-api/node_modules/jest-runner/build/testWorker.js:340:7)
    at Object.worker (/Users/farid/Desktop/Projects/Team/YabaIT/KizunaTravelOS/apps/erp-api/node_modules/jest-runner/build/testWorker.js:494:12)</failure>
    </testcase>
    <testcase classname="Rate Limiter Middleware Custom Handlers should call custom handler when limit is exceeded" name="Rate Limiter Middleware Custom Handlers should call custom handler when limit is exceeded" time="0.001">
    </testcase>
    <testcase classname="Rate Limiter Middleware Custom Handlers should call onLimitReached callback when limit is exceeded" name="Rate Limiter Middleware Custom Handlers should call onLimitReached callback when limit is exceeded" time="0">
    </testcase>
    <testcase classname="Rate Limiter Middleware applyRateLimiting should apply rate limiting to routes" name="Rate Limiter Middleware applyRateLimiting should apply rate limiting to routes" time="0.001">
    </testcase>
    <testcase classname="Rate Limiter Middleware applyRateLimiting should handle custom middleware functions" name="Rate Limiter Middleware applyRateLimiting should handle custom middleware functions" time="0">
    </testcase>
    <testcase classname="Rate Limiter Middleware Memory Management should clean expired entries periodically" name="Rate Limiter Middleware Memory Management should clean expired entries periodically" time="0.002">
      <failure>Error: expect(jest.fn()).toHaveBeenCalled()

Expected number of calls: &gt;= 1
Received number of calls:    0
    at Object.toHaveBeenCalled (/Users/farid/Desktop/Projects/Team/YabaIT/KizunaTravelOS/apps/erp-api/src/middlewares/__test__/rateLimiter.test.js:450:24)
    at Promise.finally.completed (/Users/farid/Desktop/Projects/Team/YabaIT/KizunaTravelOS/apps/erp-api/node_modules/jest-circus/build/jestAdapterInit.js:1559:28)
    at new Promise (&lt;anonymous&gt;)
    at callAsyncCircusFn (/Users/farid/Desktop/Projects/Team/YabaIT/KizunaTravelOS/apps/erp-api/node_modules/jest-circus/build/jestAdapterInit.js:1499:10)
    at _callCircusTest (/Users/farid/Desktop/Projects/Team/YabaIT/KizunaTravelOS/apps/erp-api/node_modules/jest-circus/build/jestAdapterInit.js:1009:40)
    at processTicksAndRejections (node:internal/process/task_queues:95:5)
    at _runTest (/Users/farid/Desktop/Projects/Team/YabaIT/KizunaTravelOS/apps/erp-api/node_modules/jest-circus/build/jestAdapterInit.js:949:3)
    at _runTestsForDescribeBlock (/Users/farid/Desktop/Projects/Team/YabaIT/KizunaTravelOS/apps/erp-api/node_modules/jest-circus/build/jestAdapterInit.js:839:13)
    at _runTestsForDescribeBlock (/Users/farid/Desktop/Projects/Team/YabaIT/KizunaTravelOS/apps/erp-api/node_modules/jest-circus/build/jestAdapterInit.js:829:11)
    at _runTestsForDescribeBlock (/Users/farid/Desktop/Projects/Team/YabaIT/KizunaTravelOS/apps/erp-api/node_modules/jest-circus/build/jestAdapterInit.js:829:11)
    at run (/Users/farid/Desktop/Projects/Team/YabaIT/KizunaTravelOS/apps/erp-api/node_modules/jest-circus/build/jestAdapterInit.js:757:3)
    at runAndTransformResultsToJestFormat (/Users/farid/Desktop/Projects/Team/YabaIT/KizunaTravelOS/apps/erp-api/node_modules/jest-circus/build/jestAdapterInit.js:1920:21)
    at jestAdapter (/Users/farid/Desktop/Projects/Team/YabaIT/KizunaTravelOS/apps/erp-api/node_modules/jest-circus/build/runner.js:101:19)
    at runTestInternal (/Users/farid/Desktop/Projects/Team/YabaIT/KizunaTravelOS/apps/erp-api/node_modules/jest-runner/build/testWorker.js:272:16)
    at runTest (/Users/farid/Desktop/Projects/Team/YabaIT/KizunaTravelOS/apps/erp-api/node_modules/jest-runner/build/testWorker.js:340:7)
    at Object.worker (/Users/farid/Desktop/Projects/Team/YabaIT/KizunaTravelOS/apps/erp-api/node_modules/jest-runner/build/testWorker.js:494:12)</failure>
    </testcase>
    <testcase classname="Rate Limiter Middleware Error Handling should handle errors gracefully" name="Rate Limiter Middleware Error Handling should handle errors gracefully" time="0">
      <failure>Error: File system error
    at Object.&lt;anonymous&gt; (/Users/farid/Desktop/Projects/Team/YabaIT/KizunaTravelOS/apps/erp-api/src/middlewares/__test__/rateLimiter.test.js:460:15)
    at /Users/farid/Desktop/Projects/Team/YabaIT/KizunaTravelOS/apps/erp-api/node_modules/jest-mock/build/index.js:305:39
    at Object.&lt;anonymous&gt; (/Users/farid/Desktop/Projects/Team/YabaIT/KizunaTravelOS/apps/erp-api/node_modules/jest-mock/build/index.js:312:13)
    at Object.mockConstructor (/Users/farid/Desktop/Projects/Team/YabaIT/KizunaTravelOS/apps/erp-api/node_modules/jest-mock/build/index.js:102:19)
    at Object.appendFileSync (eval at _createMockFunction (/Users/farid/Desktop/Projects/Team/YabaIT/KizunaTravelOS/apps/erp-api/node_modules/jest-mock/build/index.js:460:31), &lt;anonymous&gt;:3:60)
    at appendFileSync (/Users/farid/Desktop/Projects/Team/YabaIT/KizunaTravelOS/apps/erp-api/src/middlewares/rateLimiter.js:29:6)
    at writeLog (/Users/farid/Desktop/Projects/Team/YabaIT/KizunaTravelOS/apps/erp-api/src/middlewares/rateLimiter.js:127:5)
    at Object.limiter (/Users/farid/Desktop/Projects/Team/YabaIT/KizunaTravelOS/apps/erp-api/src/middlewares/__test__/rateLimiter.test.js:466:7)
    at Promise.finally.completed (/Users/farid/Desktop/Projects/Team/YabaIT/KizunaTravelOS/apps/erp-api/node_modules/jest-circus/build/jestAdapterInit.js:1559:28)
    at new Promise (&lt;anonymous&gt;)
    at callAsyncCircusFn (/Users/farid/Desktop/Projects/Team/YabaIT/KizunaTravelOS/apps/erp-api/node_modules/jest-circus/build/jestAdapterInit.js:1499:10)
    at _callCircusTest (/Users/farid/Desktop/Projects/Team/YabaIT/KizunaTravelOS/apps/erp-api/node_modules/jest-circus/build/jestAdapterInit.js:1009:40)
    at processTicksAndRejections (node:internal/process/task_queues:95:5)
    at _runTest (/Users/farid/Desktop/Projects/Team/YabaIT/KizunaTravelOS/apps/erp-api/node_modules/jest-circus/build/jestAdapterInit.js:949:3)
    at _runTestsForDescribeBlock (/Users/farid/Desktop/Projects/Team/YabaIT/KizunaTravelOS/apps/erp-api/node_modules/jest-circus/build/jestAdapterInit.js:839:13)
    at _runTestsForDescribeBlock (/Users/farid/Desktop/Projects/Team/YabaIT/KizunaTravelOS/apps/erp-api/node_modules/jest-circus/build/jestAdapterInit.js:829:11)
    at _runTestsForDescribeBlock (/Users/farid/Desktop/Projects/Team/YabaIT/KizunaTravelOS/apps/erp-api/node_modules/jest-circus/build/jestAdapterInit.js:829:11)
    at run (/Users/farid/Desktop/Projects/Team/YabaIT/KizunaTravelOS/apps/erp-api/node_modules/jest-circus/build/jestAdapterInit.js:757:3)
    at runAndTransformResultsToJestFormat (/Users/farid/Desktop/Projects/Team/YabaIT/KizunaTravelOS/apps/erp-api/node_modules/jest-circus/build/jestAdapterInit.js:1920:21)
    at jestAdapter (/Users/farid/Desktop/Projects/Team/YabaIT/KizunaTravelOS/apps/erp-api/node_modules/jest-circus/build/runner.js:101:19)
    at runTestInternal (/Users/farid/Desktop/Projects/Team/YabaIT/KizunaTravelOS/apps/erp-api/node_modules/jest-runner/build/testWorker.js:272:16)
    at runTest (/Users/farid/Desktop/Projects/Team/YabaIT/KizunaTravelOS/apps/erp-api/node_modules/jest-runner/build/testWorker.js:340:7)
    at Object.worker (/Users/farid/Desktop/Projects/Team/YabaIT/KizunaTravelOS/apps/erp-api/node_modules/jest-runner/build/testWorker.js:494:12)</failure>
    </testcase>
  </testsuite>
  <testsuite name="Validation Middleware" errors="0" failures="5" skipped="0" timestamp="2025-08-17T22:26:59" time="1.104" tests="43">
    <testcase classname="Validation Middleware Validators validateType should validate string type correctly" name="Validation Middleware Validators validateType should validate string type correctly" time="0.003">
    </testcase>
    <testcase classname="Validation Middleware Validators validateType should validate number type correctly" name="Validation Middleware Validators validateType should validate number type correctly" time="0">
    </testcase>
    <testcase classname="Validation Middleware Validators validateType should validate boolean type correctly" name="Validation Middleware Validators validateType should validate boolean type correctly" time="0.001">
    </testcase>
    <testcase classname="Validation Middleware Validators validateType should validate object type correctly" name="Validation Middleware Validators validateType should validate object type correctly" time="0.002">
      <failure>Error: expect(received).toBe(expected) // Object.is equality

Expected: false
Received: true
    at Object.toBe (/Users/farid/Desktop/Projects/Team/YabaIT/KizunaTravelOS/apps/erp-api/src/middlewares/__test__/validation.test.js:83:55)
    at Promise.finally.completed (/Users/farid/Desktop/Projects/Team/YabaIT/KizunaTravelOS/apps/erp-api/node_modules/jest-circus/build/jestAdapterInit.js:1559:28)
    at new Promise (&lt;anonymous&gt;)
    at callAsyncCircusFn (/Users/farid/Desktop/Projects/Team/YabaIT/KizunaTravelOS/apps/erp-api/node_modules/jest-circus/build/jestAdapterInit.js:1499:10)
    at _callCircusTest (/Users/farid/Desktop/Projects/Team/YabaIT/KizunaTravelOS/apps/erp-api/node_modules/jest-circus/build/jestAdapterInit.js:1009:40)
    at processTicksAndRejections (node:internal/process/task_queues:95:5)
    at _runTest (/Users/farid/Desktop/Projects/Team/YabaIT/KizunaTravelOS/apps/erp-api/node_modules/jest-circus/build/jestAdapterInit.js:949:3)
    at _runTestsForDescribeBlock (/Users/farid/Desktop/Projects/Team/YabaIT/KizunaTravelOS/apps/erp-api/node_modules/jest-circus/build/jestAdapterInit.js:839:13)
    at _runTestsForDescribeBlock (/Users/farid/Desktop/Projects/Team/YabaIT/KizunaTravelOS/apps/erp-api/node_modules/jest-circus/build/jestAdapterInit.js:829:11)
    at _runTestsForDescribeBlock (/Users/farid/Desktop/Projects/Team/YabaIT/KizunaTravelOS/apps/erp-api/node_modules/jest-circus/build/jestAdapterInit.js:829:11)
    at _runTestsForDescribeBlock (/Users/farid/Desktop/Projects/Team/YabaIT/KizunaTravelOS/apps/erp-api/node_modules/jest-circus/build/jestAdapterInit.js:829:11)
    at run (/Users/farid/Desktop/Projects/Team/YabaIT/KizunaTravelOS/apps/erp-api/node_modules/jest-circus/build/jestAdapterInit.js:757:3)
    at runAndTransformResultsToJestFormat (/Users/farid/Desktop/Projects/Team/YabaIT/KizunaTravelOS/apps/erp-api/node_modules/jest-circus/build/jestAdapterInit.js:1920:21)
    at jestAdapter (/Users/farid/Desktop/Projects/Team/YabaIT/KizunaTravelOS/apps/erp-api/node_modules/jest-circus/build/runner.js:101:19)
    at runTestInternal (/Users/farid/Desktop/Projects/Team/YabaIT/KizunaTravelOS/apps/erp-api/node_modules/jest-runner/build/testWorker.js:272:16)
    at runTest (/Users/farid/Desktop/Projects/Team/YabaIT/KizunaTravelOS/apps/erp-api/node_modules/jest-runner/build/testWorker.js:340:7)
    at Object.worker (/Users/farid/Desktop/Projects/Team/YabaIT/KizunaTravelOS/apps/erp-api/node_modules/jest-runner/build/testWorker.js:494:12)</failure>
    </testcase>
    <testcase classname="Validation Middleware Validators validateType should validate array type correctly" name="Validation Middleware Validators validateType should validate array type correctly" time="0.001">
    </testcase>
    <testcase classname="Validation Middleware Validators validatePattern should validate regex patterns correctly" name="Validation Middleware Validators validatePattern should validate regex patterns correctly" time="0">
    </testcase>
    <testcase classname="Validation Middleware Validators validatePattern should validate string patterns correctly" name="Validation Middleware Validators validatePattern should validate string patterns correctly" time="0.005">
    </testcase>
    <testcase classname="Validation Middleware Validators validatePattern should handle invalid regex patterns gracefully" name="Validation Middleware Validators validatePattern should handle invalid regex patterns gracefully" time="0">
    </testcase>
    <testcase classname="Validation Middleware Validators validateLength should validate minimum length correctly" name="Validation Middleware Validators validateLength should validate minimum length correctly" time="0.001">
    </testcase>
    <testcase classname="Validation Middleware Validators validateLength should validate maximum length correctly" name="Validation Middleware Validators validateLength should validate maximum length correctly" time="0">
    </testcase>
    <testcase classname="Validation Middleware Validators validateLength should validate both min and max length correctly" name="Validation Middleware Validators validateLength should validate both min and max length correctly" time="0.005">
    </testcase>
    <testcase classname="Validation Middleware Validators validateLength should return true for non-string values" name="Validation Middleware Validators validateLength should return true for non-string values" time="0.001">
    </testcase>
    <testcase classname="Validation Middleware Validators validateRange should validate minimum value correctly" name="Validation Middleware Validators validateRange should validate minimum value correctly" time="0">
    </testcase>
    <testcase classname="Validation Middleware Validators validateRange should validate maximum value correctly" name="Validation Middleware Validators validateRange should validate maximum value correctly" time="0">
    </testcase>
    <testcase classname="Validation Middleware Validators validateRange should validate both min and max values correctly" name="Validation Middleware Validators validateRange should validate both min and max values correctly" time="0">
    </testcase>
    <testcase classname="Validation Middleware Validators validateRange should return true for non-number values" name="Validation Middleware Validators validateRange should return true for non-number values" time="0.001">
    </testcase>
    <testcase classname="Validation Middleware Validators validateRequired should validate required fields correctly" name="Validation Middleware Validators validateRequired should validate required fields correctly" time="0">
    </testcase>
    <testcase classname="Validation Middleware Validators validateRequired should reject undefined and null values" name="Validation Middleware Validators validateRequired should reject undefined and null values" time="0">
    </testcase>
    <testcase classname="Validation Middleware Validators validateRequired should reject empty strings" name="Validation Middleware Validators validateRequired should reject empty strings" time="0">
    </testcase>
    <testcase classname="Validation Middleware Validators validateRequired should reject empty arrays" name="Validation Middleware Validators validateRequired should reject empty arrays" time="0">
    </testcase>
    <testcase classname="Validation Middleware validateData should validate required fields" name="Validation Middleware validateData should validate required fields" time="0.001">
    </testcase>
    <testcase classname="Validation Middleware validateData should validate field types" name="Validation Middleware validateData should validate field types" time="0">
    </testcase>
    <testcase classname="Validation Middleware validateData should validate patterns" name="Validation Middleware validateData should validate patterns" time="0">
    </testcase>
    <testcase classname="Validation Middleware validateData should validate length constraints" name="Validation Middleware validateData should validate length constraints" time="0">
    </testcase>
    <testcase classname="Validation Middleware validateData should validate range constraints" name="Validation Middleware validateData should validate range constraints" time="0">
    </testcase>
    <testcase classname="Validation Middleware validateData should validate nested objects" name="Validation Middleware validateData should validate nested objects" time="0">
    </testcase>
    <testcase classname="Validation Middleware validateData should validate arrays" name="Validation Middleware validateData should validate arrays" time="0.007">
      <failure>Error: expect(received).toHaveLength(expected)

Expected length: 1
Received length: 0
Received array:  []
    at Object.toHaveLength (/Users/farid/Desktop/Projects/Team/YabaIT/KizunaTravelOS/apps/erp-api/src/middlewares/__test__/validation.test.js:292:22)
    at Promise.finally.completed (/Users/farid/Desktop/Projects/Team/YabaIT/KizunaTravelOS/apps/erp-api/node_modules/jest-circus/build/jestAdapterInit.js:1559:28)
    at new Promise (&lt;anonymous&gt;)
    at callAsyncCircusFn (/Users/farid/Desktop/Projects/Team/YabaIT/KizunaTravelOS/apps/erp-api/node_modules/jest-circus/build/jestAdapterInit.js:1499:10)
    at _callCircusTest (/Users/farid/Desktop/Projects/Team/YabaIT/KizunaTravelOS/apps/erp-api/node_modules/jest-circus/build/jestAdapterInit.js:1009:40)
    at processTicksAndRejections (node:internal/process/task_queues:95:5)
    at _runTest (/Users/farid/Desktop/Projects/Team/YabaIT/KizunaTravelOS/apps/erp-api/node_modules/jest-circus/build/jestAdapterInit.js:949:3)
    at _runTestsForDescribeBlock (/Users/farid/Desktop/Projects/Team/YabaIT/KizunaTravelOS/apps/erp-api/node_modules/jest-circus/build/jestAdapterInit.js:839:13)
    at _runTestsForDescribeBlock (/Users/farid/Desktop/Projects/Team/YabaIT/KizunaTravelOS/apps/erp-api/node_modules/jest-circus/build/jestAdapterInit.js:829:11)
    at _runTestsForDescribeBlock (/Users/farid/Desktop/Projects/Team/YabaIT/KizunaTravelOS/apps/erp-api/node_modules/jest-circus/build/jestAdapterInit.js:829:11)
    at run (/Users/farid/Desktop/Projects/Team/YabaIT/KizunaTravelOS/apps/erp-api/node_modules/jest-circus/build/jestAdapterInit.js:757:3)
    at runAndTransformResultsToJestFormat (/Users/farid/Desktop/Projects/Team/YabaIT/KizunaTravelOS/apps/erp-api/node_modules/jest-circus/build/jestAdapterInit.js:1920:21)
    at jestAdapter (/Users/farid/Desktop/Projects/Team/YabaIT/KizunaTravelOS/apps/erp-api/node_modules/jest-circus/build/runner.js:101:19)
    at runTestInternal (/Users/farid/Desktop/Projects/Team/YabaIT/KizunaTravelOS/apps/erp-api/node_modules/jest-runner/build/testWorker.js:272:16)
    at runTest (/Users/farid/Desktop/Projects/Team/YabaIT/KizunaTravelOS/apps/erp-api/node_modules/jest-runner/build/testWorker.js:340:7)
    at Object.worker (/Users/farid/Desktop/Projects/Team/YabaIT/KizunaTravelOS/apps/erp-api/node_modules/jest-runner/build/testWorker.js:494:12)</failure>
    </testcase>
    <testcase classname="Validation Middleware validateData should skip validation for non-required empty fields" name="Validation Middleware validateData should skip validation for non-required empty fields" time="0.004">
    </testcase>
    <testcase classname="Validation Middleware createValidationMiddleware should return 500 when schema is not found" name="Validation Middleware createValidationMiddleware should return 500 when schema is not found" time="0.01">
    </testcase>
    <testcase classname="Validation Middleware createValidationMiddleware should validate body data by default" name="Validation Middleware createValidationMiddleware should validate body data by default" time="0.003">
    </testcase>
    <testcase classname="Validation Middleware createValidationMiddleware should validate query data when specified" name="Validation Middleware createValidationMiddleware should validate query data when specified" time="0.001">
    </testcase>
    <testcase classname="Validation Middleware createValidationMiddleware should validate params data when specified" name="Validation Middleware createValidationMiddleware should validate params data when specified" time="0.001">
    </testcase>
    <testcase classname="Validation Middleware createValidationMiddleware should call next() when validation passes" name="Validation Middleware createValidationMiddleware should call next() when validation passes" time="0">
    </testcase>
    <testcase classname="Validation Middleware createValidationMiddleware should log validation errors" name="Validation Middleware createValidationMiddleware should log validation errors" time="0.001">
      <failure>Error: expect(jest.fn()).toHaveBeenCalledWith(...expected)

Expected: &quot;/mock/logs/path&quot;, StringContaining &quot;\&quot;type\&quot;:\&quot;VALIDATION_FAILED\&quot;&quot;, &quot;utf8&quot;
Received: &quot;/mock/logs/path&quot;, &quot;{
  \&quot;type\&quot;: \&quot;VALIDATION_FAILED\&quot;,
  \&quot;schema\&quot;: \&quot;user\&quot;,
  \&quot;errors\&quot;: [
    {
      \&quot;field\&quot;: \&quot;email\&quot;,
      \&quot;message\&quot;: \&quot;Email must be a valid email address\&quot;,
      \&quot;code\&quot;: \&quot;INVALID_FORMAT\&quot;,
      \&quot;pattern\&quot;: \&quot;/^[^\\\\s@]+@[^\\\\s@]+\\\\.[^\\\\s@]+$/\&quot;
    },
    {
      \&quot;field\&quot;: \&quot;password\&quot;,
      \&quot;message\&quot;: \&quot;Password must be at least 8 characters long and contain at least one uppercase letter, one lowercase letter, one number, and one special character\&quot;,
      \&quot;code\&quot;: \&quot;REQUIRED_FIELD_MISSING\&quot;
    },
    {
      \&quot;field\&quot;: \&quot;firstName\&quot;,
      \&quot;message\&quot;: \&quot;First name must be 2-50 characters long and contain only letters, spaces, hyphens, and apostrophes\&quot;,
      \&quot;code\&quot;: \&quot;REQUIRED_FIELD_MISSING\&quot;
    },
    {
      \&quot;field\&quot;: \&quot;lastName\&quot;,
      \&quot;message\&quot;: \&quot;Last name must be 2-50 characters long and contain only letters, spaces, hyphens, and apostrophes\&quot;,
      \&quot;code\&quot;: \&quot;REQUIRED_FIELD_MISSING\&quot;
    }
  ],
  \&quot;data\&quot;: {
    \&quot;email\&quot;: \&quot;invalid-email\&quot;
  },
  \&quot;method\&quot;: \&quot;POST\&quot;,
  \&quot;url\&quot;: \&quot;/test\&quot;,
  \&quot;ip\&quot;: \&quot;192.168.1.1\&quot;,
  \&quot;userAgent\&quot;: \&quot;Mozilla/5.0 (Test Browser)\&quot;,
  \&quot;timestamp\&quot;: \&quot;2025-08-17T22:27:00.707Z\&quot;,
  \&quot;duration\&quot;: \&quot;0ms\&quot;
}
&quot;, &quot;utf8&quot;

Number of calls: 1
    at Object.toHaveBeenCalledWith (/Users/farid/Desktop/Projects/Team/YabaIT/KizunaTravelOS/apps/erp-api/src/middlewares/__test__/validation.test.js:385:33)
    at Promise.finally.completed (/Users/farid/Desktop/Projects/Team/YabaIT/KizunaTravelOS/apps/erp-api/node_modules/jest-circus/build/jestAdapterInit.js:1559:28)
    at new Promise (&lt;anonymous&gt;)
    at callAsyncCircusFn (/Users/farid/Desktop/Projects/Team/YabaIT/KizunaTravelOS/apps/erp-api/node_modules/jest-circus/build/jestAdapterInit.js:1499:10)
    at _callCircusTest (/Users/farid/Desktop/Projects/Team/YabaIT/KizunaTravelOS/apps/erp-api/node_modules/jest-circus/build/jestAdapterInit.js:1009:40)
    at processTicksAndRejections (node:internal/process/task_queues:95:5)
    at _runTest (/Users/farid/Desktop/Projects/Team/YabaIT/KizunaTravelOS/apps/erp-api/node_modules/jest-circus/build/jestAdapterInit.js:949:3)
    at _runTestsForDescribeBlock (/Users/farid/Desktop/Projects/Team/YabaIT/KizunaTravelOS/apps/erp-api/node_modules/jest-circus/build/jestAdapterInit.js:839:13)
    at _runTestsForDescribeBlock (/Users/farid/Desktop/Projects/Team/YabaIT/KizunaTravelOS/apps/erp-api/node_modules/jest-circus/build/jestAdapterInit.js:829:11)
    at _runTestsForDescribeBlock (/Users/farid/Desktop/Projects/Team/YabaIT/KizunaTravelOS/apps/erp-api/node_modules/jest-circus/build/jestAdapterInit.js:829:11)
    at run (/Users/farid/Desktop/Projects/Team/YabaIT/KizunaTravelOS/apps/erp-api/node_modules/jest-circus/build/jestAdapterInit.js:757:3)
    at runAndTransformResultsToJestFormat (/Users/farid/Desktop/Projects/Team/YabaIT/KizunaTravelOS/apps/erp-api/node_modules/jest-circus/build/jestAdapterInit.js:1920:21)
    at jestAdapter (/Users/farid/Desktop/Projects/Team/YabaIT/KizunaTravelOS/apps/erp-api/node_modules/jest-circus/build/runner.js:101:19)
    at runTestInternal (/Users/farid/Desktop/Projects/Team/YabaIT/KizunaTravelOS/apps/erp-api/node_modules/jest-runner/build/testWorker.js:272:16)
    at runTest (/Users/farid/Desktop/Projects/Team/YabaIT/KizunaTravelOS/apps/erp-api/node_modules/jest-runner/build/testWorker.js:340:7)
    at Object.worker (/Users/farid/Desktop/Projects/Team/YabaIT/KizunaTravelOS/apps/erp-api/node_modules/jest-runner/build/testWorker.js:494:12)</failure>
    </testcase>
    <testcase classname="Validation Middleware createValidationMiddleware should log successful validations" name="Validation Middleware createValidationMiddleware should log successful validations" time="0">
      <failure>Error: expect(jest.fn()).toHaveBeenCalledWith(...expected)

Expected: &quot;/mock/logs/path&quot;, StringContaining &quot;\&quot;type\&quot;:\&quot;VALIDATION_SUCCESS\&quot;&quot;, &quot;utf8&quot;
Received: &quot;/mock/logs/path&quot;, &quot;{
  \&quot;type\&quot;: \&quot;VALIDATION_SUCCESS\&quot;,
  \&quot;schema\&quot;: \&quot;user\&quot;,
  \&quot;method\&quot;: \&quot;POST\&quot;,
  \&quot;url\&quot;: \&quot;/test\&quot;,
  \&quot;ip\&quot;: \&quot;192.168.1.1\&quot;,
  \&quot;userAgent\&quot;: \&quot;Mozilla/5.0 (Test Browser)\&quot;,
  \&quot;timestamp\&quot;: \&quot;2025-08-17T22:27:00.708Z\&quot;,
  \&quot;duration\&quot;: \&quot;0ms\&quot;
}
&quot;, &quot;utf8&quot;

Number of calls: 1
    at Object.toHaveBeenCalledWith (/Users/farid/Desktop/Projects/Team/YabaIT/KizunaTravelOS/apps/erp-api/src/middlewares/__test__/validation.test.js:403:33)
    at Promise.finally.completed (/Users/farid/Desktop/Projects/Team/YabaIT/KizunaTravelOS/apps/erp-api/node_modules/jest-circus/build/jestAdapterInit.js:1559:28)
    at new Promise (&lt;anonymous&gt;)
    at callAsyncCircusFn (/Users/farid/Desktop/Projects/Team/YabaIT/KizunaTravelOS/apps/erp-api/node_modules/jest-circus/build/jestAdapterInit.js:1499:10)
    at _callCircusTest (/Users/farid/Desktop/Projects/Team/YabaIT/KizunaTravelOS/apps/erp-api/node_modules/jest-circus/build/jestAdapterInit.js:1009:40)
    at processTicksAndRejections (node:internal/process/task_queues:95:5)
    at _runTest (/Users/farid/Desktop/Projects/Team/YabaIT/KizunaTravelOS/apps/erp-api/node_modules/jest-circus/build/jestAdapterInit.js:949:3)
    at _runTestsForDescribeBlock (/Users/farid/Desktop/Projects/Team/YabaIT/KizunaTravelOS/apps/erp-api/node_modules/jest-circus/build/jestAdapterInit.js:839:13)
    at _runTestsForDescribeBlock (/Users/farid/Desktop/Projects/Team/YabaIT/KizunaTravelOS/apps/erp-api/node_modules/jest-circus/build/jestAdapterInit.js:829:11)
    at _runTestsForDescribeBlock (/Users/farid/Desktop/Projects/Team/YabaIT/KizunaTravelOS/apps/erp-api/node_modules/jest-circus/build/jestAdapterInit.js:829:11)
    at run (/Users/farid/Desktop/Projects/Team/YabaIT/KizunaTravelOS/apps/erp-api/node_modules/jest-circus/build/jestAdapterInit.js:757:3)
    at runAndTransformResultsToJestFormat (/Users/farid/Desktop/Projects/Team/YabaIT/KizunaTravelOS/apps/erp-api/node_modules/jest-circus/build/jestAdapterInit.js:1920:21)
    at jestAdapter (/Users/farid/Desktop/Projects/Team/YabaIT/KizunaTravelOS/apps/erp-api/node_modules/jest-circus/build/runner.js:101:19)
    at runTestInternal (/Users/farid/Desktop/Projects/Team/YabaIT/KizunaTravelOS/apps/erp-api/node_modules/jest-runner/build/testWorker.js:272:16)
    at runTest (/Users/farid/Desktop/Projects/Team/YabaIT/KizunaTravelOS/apps/erp-api/node_modules/jest-runner/build/testWorker.js:340:7)
    at Object.worker (/Users/farid/Desktop/Projects/Team/YabaIT/KizunaTravelOS/apps/erp-api/node_modules/jest-runner/build/testWorker.js:494:12)</failure>
    </testcase>
[...]
    at processTicksAndRejections (node:internal/process/task_queues:95:5)
    at _runTest (/Users/farid/Desktop/Projects/Team/YabaIT/KizunaTravelOS/apps/erp-api/node_modules/jest-circus/build/jestAdapterInit.js:949:3)
    at _runTestsForDescribeBlock (/Users/farid/Desktop/Projects/Team/YabaIT/KizunaTravelOS/apps/erp-api/node_modules/jest-circus/build/jestAdapterInit.js:839:13)
    at _runTestsForDescribeBlock (/Users/farid/Desktop/Projects/Team/YabaIT/KizunaTravelOS/apps/erp-api/node_modules/jest-circus/build/jestAdapterInit.js:829:11)
    at run (/Users/farid/Desktop/Projects/Team/YabaIT/KizunaTravelOS/apps/erp-api/node_modules/jest-circus/build/jestAdapterInit.js:757:3)
    at runAndTransformResultsToJestFormat (/Users/farid/Desktop/Projects/Team/YabaIT/KizunaTravelOS/apps/erp-api/node_modules/jest-circus/build/jestAdapterInit.js:1920:21)
    at jestAdapter (/Users/farid/Desktop/Projects/Team/YabaIT/KizunaTravelOS/apps/erp-api/node_modules/jest-circus/build/runner.js:101:19)
    at runTestInternal (/Users/farid/Desktop/Projects/Team/YabaIT/KizunaTravelOS/apps/erp-api/node_modules/jest-runner/build/testWorker.js:272:16)
    at runTest (/Users/farid/Desktop/Projects/Team/YabaIT/KizunaTravelOS/apps/erp-api/node_modules/jest-runner/build/testWorker.js:340:7)
    at Object.worker (/Users/farid/Desktop/Projects/Team/YabaIT/KizunaTravelOS/apps/erp-api/node_modules/jest-runner/build/testWorker.js:494:12)</failure>
    </testcase>
  </testsuite>
  <testsuite name="User Model" errors="0" failures="16" skipped="0" timestamp="2025-08-17T22:27:00" time="3.353" tests="25">
    <testcase classname="User Model Schema Definition should have all required fields" name="User Model Schema Definition should have all required fields" time="0.014">
    </testcase>
    <testcase classname="User Model Schema Definition should set default values correctly" name="User Model Schema Definition should set default values correctly" time="0.002">
    </testcase>
    <testcase classname="User Model Validation should require email" name="User Model Validation should require email" time="0.005">
    </testcase>
    <testcase classname="User Model Validation should require password" name="User Model Validation should require password" time="0.003">
    </testcase>
    <testcase classname="User Model Validation should validate email format" name="User Model Validation should validate email format" time="0.004">
    </testcase>
    <testcase classname="User Model Validation should validate password strength" name="User Model Validation should validate password strength" time="0.002">
    </testcase>
    <testcase classname="User Model Validation should validate role enum" name="User Model Validation should validate role enum" time="0.002">
    </testcase>
    <testcase classname="User Model Validation should validate status enum" name="User Model Validation should validate status enum" time="0.002">
    </testcase>
    <testcase classname="User Model Password Hashing should hash password on save" name="User Model Password Hashing should hash password on save" time="0.002">
      <failure>ValidationError: User validation failed: profileId: Profile reference is required
    at model.Document.invalidate (/Users/farid/Desktop/Projects/Team/YabaIT/KizunaTravelOS/apps/erp-api/node_modules/mongoose/lib/document.js:3352:32)
    at /Users/farid/Desktop/Projects/Team/YabaIT/KizunaTravelOS/apps/erp-api/node_modules/mongoose/lib/document.js:3113:17
    at /Users/farid/Desktop/Projects/Team/YabaIT/KizunaTravelOS/apps/erp-api/node_modules/mongoose/lib/schemaType.js:1410:9
    at processTicksAndRejections (node:internal/process/task_queues:77:11)</failure>
    </testcase>
    <testcase classname="User Model Password Hashing should not hash password if not modified" name="User Model Password Hashing should not hash password if not modified" time="0.002">
      <failure>ValidationError: User validation failed: profileId: Profile reference is required
    at model.Document.invalidate (/Users/farid/Desktop/Projects/Team/YabaIT/KizunaTravelOS/apps/erp-api/node_modules/mongoose/lib/document.js:3352:32)
    at /Users/farid/Desktop/Projects/Team/YabaIT/KizunaTravelOS/apps/erp-api/node_modules/mongoose/lib/document.js:3113:17
    at /Users/farid/Desktop/Projects/Team/YabaIT/KizunaTravelOS/apps/erp-api/node_modules/mongoose/lib/schemaType.js:1410:9
    at processTicksAndRejections (node:internal/process/task_queues:77:11)</failure>
    </testcase>
    <testcase classname="User Model Profile Creation should create profile automatically for new user" name="User Model Profile Creation should create profile automatically for new user" time="0.002">
      <failure>ValidationError: User validation failed: profileId: Profile reference is required
    at model.Document.invalidate (/Users/farid/Desktop/Projects/Team/YabaIT/KizunaTravelOS/apps/erp-api/node_modules/mongoose/lib/document.js:3352:32)
    at /Users/farid/Desktop/Projects/Team/YabaIT/KizunaTravelOS/apps/erp-api/node_modules/mongoose/lib/document.js:3113:17
    at /Users/farid/Desktop/Projects/Team/YabaIT/KizunaTravelOS/apps/erp-api/node_modules/mongoose/lib/schemaType.js:1410:9
    at processTicksAndRejections (node:internal/process/task_queues:77:11)</failure>
    </testcase>
    <testcase classname="User Model Profile Creation should not create profile if profileId already exists" name="User Model Profile Creation should not create profile if profileId already exists" time="0.004">
      <failure>ValidationError: Profile validation failed: userId: Cast to ObjectId failed for value &quot;existing-user-id&quot; (type string) at path &quot;userId&quot; because of &quot;BSONError&quot;, role: Path `role` is required.
    at model.Document.invalidate (/Users/farid/Desktop/Projects/Team/YabaIT/KizunaTravelOS/apps/erp-api/node_modules/mongoose/lib/document.js:3352:32)
    at model.$set (/Users/farid/Desktop/Projects/Team/YabaIT/KizunaTravelOS/apps/erp-api/node_modules/mongoose/lib/document.js:1480:12)
    at model.$set (/Users/farid/Desktop/Projects/Team/YabaIT/KizunaTravelOS/apps/erp-api/node_modules/mongoose/lib/document.js:1132:16)
    at model.Document (/Users/farid/Desktop/Projects/Team/YabaIT/KizunaTravelOS/apps/erp-api/node_modules/mongoose/lib/document.js:178:12)
    at model.Model (/Users/farid/Desktop/Projects/Team/YabaIT/KizunaTravelOS/apps/erp-api/node_modules/mongoose/lib/model.js:127:12)
    at new model (/Users/farid/Desktop/Projects/Team/YabaIT/KizunaTravelOS/apps/erp-api/node_modules/mongoose/lib/model.js:4837:15)
    at Object.&lt;anonymous&gt; (/Users/farid/Desktop/Projects/Team/YabaIT/KizunaTravelOS/apps/erp-api/src/models/__test__/user.model.test.js:234:31)
    at Promise.finally.completed (/Users/farid/Desktop/Projects/Team/YabaIT/KizunaTravelOS/apps/erp-api/node_modules/jest-circus/build/jestAdapterInit.js:1559:28)
    at new Promise (&lt;anonymous&gt;)
    at callAsyncCircusFn (/Users/farid/Desktop/Projects/Team/YabaIT/KizunaTravelOS/apps/erp-api/node_modules/jest-circus/build/jestAdapterInit.js:1499:10)
    at _callCircusTest (/Users/farid/Desktop/Projects/Team/YabaIT/KizunaTravelOS/apps/erp-api/node_modules/jest-circus/build/jestAdapterInit.js:1009:40)
    at processTicksAndRejections (node:internal/process/task_queues:95:5)
    at _runTest (/Users/farid/Desktop/Projects/Team/YabaIT/KizunaTravelOS/apps/erp-api/node_modules/jest-circus/build/jestAdapterInit.js:949:3)
    at _runTestsForDescribeBlock (/Users/farid/Desktop/Projects/Team/YabaIT/KizunaTravelOS/apps/erp-api/node_modules/jest-circus/build/jestAdapterInit.js:839:13)
    at _runTestsForDescribeBlock (/Users/farid/Desktop/Projects/Team/YabaIT/KizunaTravelOS/apps/erp-api/node_modules/jest-circus/build/jestAdapterInit.js:829:11)
    at _runTestsForDescribeBlock (/Users/farid/Desktop/Projects/Team/YabaIT/KizunaTravelOS/apps/erp-api/node_modules/jest-circus/build/jestAdapterInit.js:829:11)
    at run (/Users/farid/Desktop/Projects/Team/YabaIT/KizunaTravelOS/apps/erp-api/node_modules/jest-circus/build/jestAdapterInit.js:757:3)
    at runAndTransformResultsToJestFormat (/Users/farid/Desktop/Projects/Team/YabaIT/KizunaTravelOS/apps/erp-api/node_modules/jest-circus/build/jestAdapterInit.js:1920:21)
    at jestAdapter (/Users/farid/Desktop/Projects/Team/YabaIT/KizunaTravelOS/apps/erp-api/node_modules/jest-circus/build/runner.js:101:19)
    at runTestInternal (/Users/farid/Desktop/Projects/Team/YabaIT/KizunaTravelOS/apps/erp-api/node_modules/jest-runner/build/testWorker.js:272:16)
    at runTest (/Users/farid/Desktop/Projects/Team/YabaIT/KizunaTravelOS/apps/erp-api/node_modules/jest-runner/build/testWorker.js:340:7)
    at Object.worker (/Users/farid/Desktop/Projects/Team/YabaIT/KizunaTravelOS/apps/erp-api/node_modules/jest-runner/build/testWorker.js:494:12)</failure>
    </testcase>
    <testcase classname="User Model Meta Integration should create meta object automatically" name="User Model Meta Integration should create meta object automatically" time="0.003">
      <failure>ValidationError: User validation failed: profileId: Profile reference is required
    at model.Document.invalidate (/Users/farid/Desktop/Projects/Team/YabaIT/KizunaTravelOS/apps/erp-api/node_modules/mongoose/lib/document.js:3352:32)
    at /Users/farid/Desktop/Projects/Team/YabaIT/KizunaTravelOS/apps/erp-api/node_modules/mongoose/lib/document.js:3113:17
    at /Users/farid/Desktop/Projects/Team/YabaIT/KizunaTravelOS/apps/erp-api/node_modules/mongoose/lib/schemaType.js:1410:9
    at processTicksAndRejections (node:internal/process/task_queues:77:11)</failure>
    </testcase>
    <testcase classname="User Model Meta Integration should delegate isLocked to meta" name="User Model Meta Integration should delegate isLocked to meta" time="0.002">
      <failure>ValidationError: User validation failed: profileId: Profile reference is required
    at model.Document.invalidate (/Users/farid/Desktop/Projects/Team/YabaIT/KizunaTravelOS/apps/erp-api/node_modules/mongoose/lib/document.js:3352:32)
    at /Users/farid/Desktop/Projects/Team/YabaIT/KizunaTravelOS/apps/erp-api/node_modules/mongoose/lib/document.js:3113:17
    at /Users/farid/Desktop/Projects/Team/YabaIT/KizunaTravelOS/apps/erp-api/node_modules/mongoose/lib/schemaType.js:1410:9
    at processTicksAndRejections (node:internal/process/task_queues:77:11)</failure>
    </testcase>
    <testcase classname="User Model Meta Integration should delegate incLoginAttempts to meta" name="User Model Meta Integration should delegate incLoginAttempts to meta" time="0.002">
      <failure>ValidationError: User validation failed: profileId: Profile reference is required
    at model.Document.invalidate (/Users/farid/Desktop/Projects/Team/YabaIT/KizunaTravelOS/apps/erp-api/node_modules/mongoose/lib/document.js:3352:32)
    at /Users/farid/Desktop/Projects/Team/YabaIT/KizunaTravelOS/apps/erp-api/node_modules/mongoose/lib/document.js:3113:17
    at /Users/farid/Desktop/Projects/Team/YabaIT/KizunaTravelOS/apps/erp-api/node_modules/mongoose/lib/schemaType.js:1410:9
    at processTicksAndRejections (node:internal/process/task_queues:77:11)</failure>
    </testcase>
    <testcase classname="User Model Meta Integration should delegate softDelete to meta" name="User Model Meta Integration should delegate softDelete to meta" time="0.002">
      <failure>ValidationError: User validation failed: profileId: Profile reference is required
    at model.Document.invalidate (/Users/farid/Desktop/Projects/Team/YabaIT/KizunaTravelOS/apps/erp-api/node_modules/mongoose/lib/document.js:3352:32)
    at /Users/farid/Desktop/Projects/Team/YabaIT/KizunaTravelOS/apps/erp-api/node_modules/mongoose/lib/document.js:3113:17
    at /Users/farid/Desktop/Projects/Team/YabaIT/KizunaTravelOS/apps/erp-api/node_modules/mongoose/lib/schemaType.js:1410:9
    at processTicksAndRejections (node:internal/process/task_queues:77:11)</failure>
    </testcase>
    <testcase classname="User Model Meta Integration should delegate restore to meta" name="User Model Meta Integration should delegate restore to meta" time="0.002">
      <failure>ValidationError: User validation failed: profileId: Profile reference is required
    at model.Document.invalidate (/Users/farid/Desktop/Projects/Team/YabaIT/KizunaTravelOS/apps/erp-api/node_modules/mongoose/lib/document.js:3352:32)
    at /Users/farid/Desktop/Projects/Team/YabaIT/KizunaTravelOS/apps/erp-api/node_modules/mongoose/lib/document.js:3113:17
    at /Users/farid/Desktop/Projects/Team/YabaIT/KizunaTravelOS/apps/erp-api/node_modules/mongoose/lib/schemaType.js:1410:9
    at processTicksAndRejections (node:internal/process/task_queues:77:11)</failure>
    </testcase>
    <testcase classname="User Model Instance Methods should compare password correctly" name="User Model Instance Methods should compare password correctly" time="0.001">
      <failure>ValidationError: User validation failed: profileId: Profile reference is required
    at model.Document.invalidate (/Users/farid/Desktop/Projects/Team/YabaIT/KizunaTravelOS/apps/erp-api/node_modules/mongoose/lib/document.js:3352:32)
    at /Users/farid/Desktop/Projects/Team/YabaIT/KizunaTravelOS/apps/erp-api/node_modules/mongoose/lib/document.js:3113:17
    at /Users/farid/Desktop/Projects/Team/YabaIT/KizunaTravelOS/apps/erp-api/node_modules/mongoose/lib/schemaType.js:1410:9
    at processTicksAndRejections (node:internal/process/task_queues:77:11)</failure>
    </testcase>
    <testcase classname="User Model Static Methods should find by email" name="User Model Static Methods should find by email" time="0.002">
      <failure>ValidationError: User validation failed: profileId: Profile reference is required
    at model.Document.invalidate (/Users/farid/Desktop/Projects/Team/YabaIT/KizunaTravelOS/apps/erp-api/node_modules/mongoose/lib/document.js:3352:32)
    at /Users/farid/Desktop/Projects/Team/YabaIT/KizunaTravelOS/apps/erp-api/node_modules/mongoose/lib/document.js:3113:17
    at /Users/farid/Desktop/Projects/Team/YabaIT/KizunaTravelOS/apps/erp-api/node_modules/mongoose/lib/schemaType.js:1410:9
    at processTicksAndRejections (node:internal/process/task_queues:77:11)</failure>
    </testcase>
    <testcase classname="User Model Static Methods should find active users" name="User Model Static Methods should find active users" time="0.002">
      <failure>ValidationError: User validation failed: profileId: Profile reference is required
    at model.Document.invalidate (/Users/farid/Desktop/Projects/Team/YabaIT/KizunaTravelOS/apps/erp-api/node_modules/mongoose/lib/document.js:3352:32)
    at /Users/farid/Desktop/Projects/Team/YabaIT/KizunaTravelOS/apps/erp-api/node_modules/mongoose/lib/document.js:3113:17
    at /Users/farid/Desktop/Projects/Team/YabaIT/KizunaTravelOS/apps/erp-api/node_modules/mongoose/lib/schemaType.js:1410:9
    at processTicksAndRejections (node:internal/process/task_queues:77:11)</failure>
    </testcase>
    <testcase classname="User Model Static Methods should find non-deleted users" name="User Model Static Methods should find non-deleted users" time="0.001">
      <failure>ValidationError: User validation failed: profileId: Profile reference is required
    at model.Document.invalidate (/Users/farid/Desktop/Projects/Team/YabaIT/KizunaTravelOS/apps/erp-api/node_modules/mongoose/lib/document.js:3352:32)
    at /Users/farid/Desktop/Projects/Team/YabaIT/KizunaTravelOS/apps/erp-api/node_modules/mongoose/lib/document.js:3113:17
    at /Users/farid/Desktop/Projects/Team/YabaIT/KizunaTravelOS/apps/erp-api/node_modules/mongoose/lib/schemaType.js:1410:9
    at processTicksAndRejections (node:internal/process/task_queues:77:11)</failure>
    </testcase>
    <testcase classname="User Model Virtuals should have fullName virtual" name="User Model Virtuals should have fullName virtual" time="0.001">
      <failure>ValidationError: User validation failed: profileId: Profile reference is required
    at model.Document.invalidate (/Users/farid/Desktop/Projects/Team/YabaIT/KizunaTravelOS/apps/erp-api/node_modules/mongoose/lib/document.js:3352:32)
    at /Users/farid/Desktop/Projects/Team/YabaIT/KizunaTravelOS/apps/erp-api/node_modules/mongoose/lib/document.js:3113:17
    at /Users/farid/Desktop/Projects/Team/YabaIT/KizunaTravelOS/apps/erp-api/node_modules/mongoose/lib/schemaType.js:1410:9
    at processTicksAndRejections (node:internal/process/task_queues:77:11)</failure>
    </testcase>
    <testcase classname="User Model Indexes should have proper indexes" name="User Model Indexes should have proper indexes" time="0.003">
      <failure>MongoServerError: ns does not exist: test.users
    at Connection.sendCommand (/Users/farid/Desktop/Projects/Team/YabaIT/KizunaTravelOS/apps/erp-api/node_modules/mongodb/src/cmap/connection.ts:559:17)
    at processTicksAndRejections (node:internal/process/task_queues:95:5)
    at Connection.command (/Users/farid/Desktop/Projects/Team/YabaIT/KizunaTravelOS/apps/erp-api/node_modules/mongodb/src/cmap/connection.ts:633:22)
    at Server.command (/Users/farid/Desktop/Projects/Team/YabaIT/KizunaTravelOS/apps/erp-api/node_modules/mongodb/src/sdam/server.ts:342:21)
    at ListIndexesOperation.executeCommand (/Users/farid/Desktop/Projects/Team/YabaIT/KizunaTravelOS/apps/erp-api/node_modules/mongodb/src/operations/command.ts:179:12)
    at ListIndexesOperation.execute (/Users/farid/Desktop/Projects/Team/YabaIT/KizunaTravelOS/apps/erp-api/node_modules/mongodb/src/operations/indexes.ts:409:12)
    at tryOperation (/Users/farid/Desktop/Projects/Team/YabaIT/KizunaTravelOS/apps/erp-api/node_modules/mongodb/src/operations/execute_operation.ts:283:14)
    at executeOperation (/Users/farid/Desktop/Projects/Team/YabaIT/KizunaTravelOS/apps/erp-api/node_modules/mongodb/src/operations/execute_operation.ts:115:12)
    at ListIndexesCursor._initialize (/Users/farid/Desktop/Projects/Team/YabaIT/KizunaTravelOS/apps/erp-api/node_modules/mongodb/src/cursor/list_indexes_cursor.ts:33:22)
    at ListIndexesCursor.cursorInit (/Users/farid/Desktop/Projects/Team/YabaIT/KizunaTravelOS/apps/erp-api/node_modules/mongodb/src/cursor/abstract_cursor.ts:944:21)
    at ListIndexesCursor.fetchBatch (/Users/farid/Desktop/Projects/Team/YabaIT/KizunaTravelOS/apps/erp-api/node_modules/mongodb/src/cursor/abstract_cursor.ts:982:7)
    at ListIndexesCursor.next (/Users/farid/Desktop/Projects/Team/YabaIT/KizunaTravelOS/apps/erp-api/node_modules/mongodb/src/cursor/abstract_cursor.ts:612:9)
    at ListIndexesCursor.[Symbol.asyncIterator] (/Users/farid/Desktop/Projects/Team/YabaIT/KizunaTravelOS/apps/erp-api/node_modules/mongodb/src/cursor/abstract_cursor.ts:506:26)
    at ListIndexesCursor.toArray (/Users/farid/Desktop/Projects/Team/YabaIT/KizunaTravelOS/apps/erp-api/node_modules/mongodb/src/cursor/abstract_cursor.ts:700:22)
    at Collection.indexes (/Users/farid/Desktop/Projects/Team/YabaIT/KizunaTravelOS/apps/erp-api/node_modules/mongodb/src/collection.ts:879:45)
    at Object.&lt;anonymous&gt; (/Users/farid/Desktop/Projects/Team/YabaIT/KizunaTravelOS/apps/erp-api/src/models/__test__/user.model.test.js:429:23)</failure>
    </testcase>
    <testcase classname="User Model Edge Cases should handle missing meta gracefully" name="User Model Edge Cases should handle missing meta gracefully" time="0.004">
    </testcase>
    <testcase classname="User Model Edge Cases should handle profile creation errors gracefully" name="User Model Edge Cases should handle profile creation errors gracefully" time="0.004">
      <failure>Error: expect(received).toBe(expected) // Object.is equality

Expected: &quot;Profile save failed&quot;
Received: &quot;User validation failed: profileId: Profile reference is required&quot;
    at Object.toBe (/Users/farid/Desktop/Projects/Team/YabaIT/KizunaTravelOS/apps/erp-api/src/models/__test__/user.model.test.js:476:29)
    at processTicksAndRejections (node:internal/process/task_queues:95:5)</failure>
    </testcase>
  </testsuite>
</testsuites>